[2018-06-03 00:54:28,237 AE_BIGRAMA_3L_MINIDS_OVER_03.py:145]: >> Initializing execution of experiment AE_BIGRAMA_3L_MINIDS_OVER_03
[2018-06-03 00:54:28,237 AE_BIGRAMA_3L_MINIDS_OVER_03.py:146]: >> Printing header log
[2018-06-03 00:54:28,237 AE_BIGRAMA_3L_MINIDS_OVER_03.py:35]: 
	=======================================
	network_name = AE_BIGRAMA_3L_MINIDS_OVER_03
	layers = 9216,15667,14101,12535
	using GLOBAL obj = 
		{'numpy_seed': 666, 'log_format': '[%(asctime)s %(filename)s:%(lineno)s]: %(message)s', 'log_dir': '/home/dhiego/deepnn/logs/3layers/bigram/', 'reports_dir': '/home/dhiego/deepnn/reports/3layers/bigram/', 'fullds_reports_dir': '/home/dhiego/deepnn/reports/3layers/bigram/fullds/', 'tensorflow_dir': '/home/dhiego/deepnn/tensorflow/3layers/bigram/', 'checkpoints_dir': '/home/dhiego/deepnn/checkpoints/3layers/bigram/', 'executed_path': '/home/dhiego/deepnn/executed/3layers/bigram/', 'data_dir': '/home/dhiego/malware_dataset/', 'fullds_data_dir': '/home/dhiego/malware_dataset/', 'data_target_list': [1, 2, 3, 4, 5, 6, 7, 8, 9], 'epochs': 200, 'batch': 32, 'store_history': True, 'shuffle_batches': True, 'autoencoder_configs': {'hidden_layer_activation': 'relu', 'output_layer_activation': 'relu', 'loss_function': 'mse', 'optimizer': <keras.optimizers.SGD object at 0x7ff3d5563630>, 'discard_decoder_function': True}, 'mlp_configs': {'activation': 'sigmoid', 'loss_function': 'categorical_crossentropy', 'optimizer': <keras.optimizers.SGD object at 0x7ff3d5563e10>, 'use_last_dim_as_classifier': False, 'classifier_dim': 9}}
	=======================================
	
[2018-06-03 00:54:28,237 AE_BIGRAMA_3L_MINIDS_OVER_03.py:148]: >> Loading dataset... 
[2018-06-03 00:55:00,404 AE_BIGRAMA_3L_MINIDS_OVER_03.py:52]: 
	=======================================
	loading malware dataset on = /home/dhiego/malware_dataset/	
	trainx shape = (1228, 9216)
	trainy shape = (1228, 9)
	valx shape = (407, 9216)
	valy shape = (407, 9)
	=======================================
	
[2018-06-03 00:55:00,405 AE_BIGRAMA_3L_MINIDS_OVER_03.py:150]: >> Executing autoencoder part ... 
[2018-06-03 00:55:00,405 AE_BIGRAMA_3L_MINIDS_OVER_03.py:57]: =======================================
[2018-06-03 00:55:00,406 AE_BIGRAMA_3L_MINIDS_OVER_03.py:62]: setting configurations for autoencoder: 
	 {'hidden_layer_activation': 'relu', 'output_layer_activation': 'relu', 'loss_function': 'mse', 'optimizer': <keras.optimizers.SGD object at 0x7ff3d5563630>, 'discard_decoder_function': True}
[2018-06-03 00:55:00,603 AE_BIGRAMA_3L_MINIDS_OVER_03.py:73]: training and evaluate autoencoder
