[2017-12-13 22:14:58,875 AE_BIGRAMA_1L_MINIDS_OVER_F1_5.py:145]: >> Initializing execution of experiment AE_BIGRAMA_1L_MINIDS_OVER_F1_5
[2017-12-13 22:14:58,876 AE_BIGRAMA_1L_MINIDS_OVER_F1_5.py:146]: >> Printing header log
[2017-12-13 22:14:58,876 AE_BIGRAMA_1L_MINIDS_OVER_F1_5.py:35]: 
	=======================================
	network_name = AE_BIGRAMA_1L_MINIDS_OVER_F1_5
	layers = 9216,13824
	using GLOBAL obj = 
		{'numpy_seed': 666, 'log_format': '[%(asctime)s %(filename)s:%(lineno)s]: %(message)s', 'log_dir': '/home/dhiegorp/deepnn/logs/1layer/bigram/', 'reports_dir': '/home/dhiegorp/deepnn/reports/1layer/bigram/', 'fullds_reports_dir': '/home/dhiegorp/deepnn/reports/1layer/bigram/fullds/', 'tensorflow_dir': '/home/dhiegorp/deepnn/tensorflow/1layer/bigram/', 'checkpoints_dir': '/home/dhiegorp/deepnn/checkpoints/1layer/bigram/', 'executed_path': '/home/dhiegorp/deepnn/executed/1layer/bigram/', 'data_dir': '/home/dhiegorp/malware_dataset/', 'fullds_data_dir': '/home/dhiegorp/malware_dataset/', 'data_target_list': [1, 2, 3, 4, 5, 6, 7, 8, 9], 'epochs': 50, 'batch': 32, 'store_history': True, 'shuffle_batches': True, 'autoencoder_configs': {'hidden_layer_activation': 'relu', 'output_layer_activation': 'relu', 'loss_function': 'mse', 'optimizer': <keras.optimizers.SGD object at 0x7f1b1901fef0>, 'discard_decoder_function': True}, 'mlp_configs': {'activation': 'sigmoid', 'loss_function': 'categorical_crossentropy', 'optimizer': <keras.optimizers.SGD object at 0x7f1b19003438>, 'use_last_dim_as_classifier': False, 'classifier_dim': 9}}
	=======================================
	
[2017-12-13 22:14:58,876 AE_BIGRAMA_1L_MINIDS_OVER_F1_5.py:148]: >> Loading dataset... 
[2017-12-13 22:15:20,734 AE_BIGRAMA_1L_MINIDS_OVER_F1_5.py:52]: 
	=======================================
	loading malware dataset on = /home/dhiegorp/malware_dataset/	
	trainx shape = (1228, 9216)
	trainy shape = (1228, 9)
	valx shape = (407, 9216)
	valy shape = (407, 9)
	=======================================
	
[2017-12-13 22:15:20,735 AE_BIGRAMA_1L_MINIDS_OVER_F1_5.py:150]: >> Executing autoencoder part ... 
[2017-12-13 22:15:20,735 AE_BIGRAMA_1L_MINIDS_OVER_F1_5.py:57]: =======================================
[2017-12-13 22:15:20,735 AE_BIGRAMA_1L_MINIDS_OVER_F1_5.py:62]: setting configurations for autoencoder: 
	 {'hidden_layer_activation': 'relu', 'output_layer_activation': 'relu', 'loss_function': 'mse', 'optimizer': <keras.optimizers.SGD object at 0x7f1b1901fef0>, 'discard_decoder_function': True}
[2017-12-13 22:15:20,780 AE_BIGRAMA_1L_MINIDS_OVER_F1_5.py:73]: training and evaluate autoencoder
[2017-12-14 02:09:21,413 AE_BIGRAMA_1L_MINIDS_OVER_F1_5.py:85]: trained and evaluated!
[2017-12-14 02:09:21,414 AE_BIGRAMA_1L_MINIDS_OVER_F1_5.py:88]: Training history: 
{'val_loss': [0.00011931796527381286, 0.00011931267663586486, 0.00011930739706157905, 0.00011930209902030501, 0.00011929676821040613, 0.00011929139186767174, 0.00011928602246123113, 0.00011928060950630709, 0.00011927515958165247, 0.00011926964689069027, 0.0001192641299449912, 0.00011925857508207811, 0.00011925296210088934, 0.00011924735435767498, 0.00011924169691627346, 0.00011923599828615858, 0.00011923024489865261, 0.00011922450425748025, 0.0001192187268432248, 0.00011921288787830091, 0.00011920701319503962, 0.00011920104083160044, 0.00011919505245032827, 0.00011918902425687526, 0.0001191829241976984, 0.00011917683003794663, 0.00011917068446381133, 0.00011916446925858288, 0.00011915826631700781, 0.00011915203484366773, 0.00011914582745070828, 0.00011913957425675765, 0.00011913323704069206, 0.0001191268429219899, 0.0001191203512661262, 0.0001191138257153838, 0.00011910733384499555, 0.00011910077388094011, 0.00011909418719070129, 0.00011908752350402649, 0.00011908082352694884, 0.00011907409348068026, 0.00011906738647792364, 0.00011906056168331268, 0.00011905372088874578, 0.00011904684289204671, 0.0001190399421736225, 0.00011903301841168634, 0.00011902609407768472, 0.00011901911375277587], 'val_acc': [0.0, 0.0, 0.0, 0.0, 0.0, 0.0, 0.0, 0.0, 0.0, 0.0, 0.0, 0.0, 0.0, 0.0, 0.0, 0.0, 0.0, 0.0, 0.0, 0.0, 0.0, 0.0, 0.0, 0.0, 0.0, 0.0, 0.0, 0.0, 0.0, 0.0, 0.0, 0.0, 0.0, 0.0, 0.0, 0.0, 0.0, 0.0, 0.0, 0.0, 0.0, 0.0, 0.0, 0.0, 0.0, 0.0, 0.0, 0.0, 0.0, 0.0], 'loss': [0.00012013663092047182, 0.00012013109801685989, 0.00012012555494586746, 0.00012011998727408022, 0.00012011439059326328, 0.00012010875068330403, 0.00012010306474758033, 0.00012009735928290199, 0.00012009160513803818, 0.00012008582899940021, 0.00012007999915613699, 0.00012007415215393789, 0.00012006829778098043, 0.00012006237207045809, 0.00012005642675988054, 0.00012005043238991453, 0.00012004441932050045, 0.00012003836878108966, 0.00012003231326463945, 0.00012002621871398016, 0.0001200200508823406, 0.00012001381550516618, 0.00012000746466067744, 0.00012000108987899916, 0.00011999471490771937, 0.00011998829398177571, 0.00011998191244554393, 0.0001199755045310033, 0.00011996906696752788, 0.000119962634523293, 0.0001199561463599169, 0.00011994965933414983, 0.00011994309040053417, 0.00011993643050559824, 0.00011992966770444745, 0.00011992279751774634, 0.00011991590844199565, 0.00011990904399073996, 0.00011990206475947538, 0.00011989507220870533, 0.00011988798329297223, 0.00011988088361735393, 0.00011987374230050588, 0.00011986659302039479, 0.00011985928907285896, 0.00011985200162065376, 0.00011984468096448563, 0.00011983730245615941, 0.00011982991079422903, 0.00011982252854127316], 'acc': [0.0, 0.0, 0.0, 0.0, 0.0, 0.0, 0.0, 0.0, 0.0, 0.0, 0.0, 0.0, 0.0, 0.0, 0.0, 0.0, 0.0, 0.0, 0.0, 0.0, 0.0, 0.0, 0.0, 0.0, 0.0, 0.0, 0.0, 0.0, 0.0, 0.0, 0.0, 0.0, 0.0, 0.0, 0.0, 0.0, 0.0, 0.0, 0.0, 0.0, 0.0, 0.0, 0.0, 0.0, 0.0, 0.0, 0.0, 0.0, 0.0, 0.0]}
[2017-12-14 02:09:21,414 AE_BIGRAMA_1L_MINIDS_OVER_F1_5.py:92]: done!
[2017-12-14 02:09:21,414 AE_BIGRAMA_1L_MINIDS_OVER_F1_5.py:152]: >> Executing classifier part ... 
[2017-12-14 02:09:21,414 AE_BIGRAMA_1L_MINIDS_OVER_F1_5.py:97]: =======================================
[2017-12-14 02:09:21,415 AE_BIGRAMA_1L_MINIDS_OVER_F1_5.py:101]: setting configurations for classifier: 
	 {'activation': 'sigmoid', 'loss_function': 'categorical_crossentropy', 'optimizer': <keras.optimizers.SGD object at 0x7f1b19003438>, 'use_last_dim_as_classifier': False, 'classifier_dim': 9}
[2017-12-14 02:09:21,660 AE_BIGRAMA_1L_MINIDS_OVER_F1_5.py:110]: training ... 
[2017-12-14 03:25:12,658 AE_BIGRAMA_1L_MINIDS_OVER_F1_5.py:122]: trained!
[2017-12-14 03:25:12,660 AE_BIGRAMA_1L_MINIDS_OVER_F1_5.py:125]: Training history: 
{'val_loss': [0.00011931796527381286, 0.00011931267663586486, 0.00011930739706157905, 0.00011930209902030501, 0.00011929676821040613, 0.00011929139186767174, 0.00011928602246123113, 0.00011928060950630709, 0.00011927515958165247, 0.00011926964689069027, 0.0001192641299449912, 0.00011925857508207811, 0.00011925296210088934, 0.00011924735435767498, 0.00011924169691627346, 0.00011923599828615858, 0.00011923024489865261, 0.00011922450425748025, 0.0001192187268432248, 0.00011921288787830091, 0.00011920701319503962, 0.00011920104083160044, 0.00011919505245032827, 0.00011918902425687526, 0.0001191829241976984, 0.00011917683003794663, 0.00011917068446381133, 0.00011916446925858288, 0.00011915826631700781, 0.00011915203484366773, 0.00011914582745070828, 0.00011913957425675765, 0.00011913323704069206, 0.0001191268429219899, 0.0001191203512661262, 0.0001191138257153838, 0.00011910733384499555, 0.00011910077388094011, 0.00011909418719070129, 0.00011908752350402649, 0.00011908082352694884, 0.00011907409348068026, 0.00011906738647792364, 0.00011906056168331268, 0.00011905372088874578, 0.00011904684289204671, 0.0001190399421736225, 0.00011903301841168634, 0.00011902609407768472, 0.00011901911375277587], 'val_acc': [0.0, 0.0, 0.0, 0.0, 0.0, 0.0, 0.0, 0.0, 0.0, 0.0, 0.0, 0.0, 0.0, 0.0, 0.0, 0.0, 0.0, 0.0, 0.0, 0.0, 0.0, 0.0, 0.0, 0.0, 0.0, 0.0, 0.0, 0.0, 0.0, 0.0, 0.0, 0.0, 0.0, 0.0, 0.0, 0.0, 0.0, 0.0, 0.0, 0.0, 0.0, 0.0, 0.0, 0.0, 0.0, 0.0, 0.0, 0.0, 0.0, 0.0], 'loss': [0.00012013663092047182, 0.00012013109801685989, 0.00012012555494586746, 0.00012011998727408022, 0.00012011439059326328, 0.00012010875068330403, 0.00012010306474758033, 0.00012009735928290199, 0.00012009160513803818, 0.00012008582899940021, 0.00012007999915613699, 0.00012007415215393789, 0.00012006829778098043, 0.00012006237207045809, 0.00012005642675988054, 0.00012005043238991453, 0.00012004441932050045, 0.00012003836878108966, 0.00012003231326463945, 0.00012002621871398016, 0.0001200200508823406, 0.00012001381550516618, 0.00012000746466067744, 0.00012000108987899916, 0.00011999471490771937, 0.00011998829398177571, 0.00011998191244554393, 0.0001199755045310033, 0.00011996906696752788, 0.000119962634523293, 0.0001199561463599169, 0.00011994965933414983, 0.00011994309040053417, 0.00011993643050559824, 0.00011992966770444745, 0.00011992279751774634, 0.00011991590844199565, 0.00011990904399073996, 0.00011990206475947538, 0.00011989507220870533, 0.00011988798329297223, 0.00011988088361735393, 0.00011987374230050588, 0.00011986659302039479, 0.00011985928907285896, 0.00011985200162065376, 0.00011984468096448563, 0.00011983730245615941, 0.00011982991079422903, 0.00011982252854127316], 'acc': [0.0, 0.0, 0.0, 0.0, 0.0, 0.0, 0.0, 0.0, 0.0, 0.0, 0.0, 0.0, 0.0, 0.0, 0.0, 0.0, 0.0, 0.0, 0.0, 0.0, 0.0, 0.0, 0.0, 0.0, 0.0, 0.0, 0.0, 0.0, 0.0, 0.0, 0.0, 0.0, 0.0, 0.0, 0.0, 0.0, 0.0, 0.0, 0.0, 0.0, 0.0, 0.0, 0.0, 0.0, 0.0, 0.0, 0.0, 0.0, 0.0, 0.0]}
[2017-12-14 03:25:12,660 AE_BIGRAMA_1L_MINIDS_OVER_F1_5.py:129]: evaluating model ... 
[2017-12-14 03:25:18,180 AE_BIGRAMA_1L_MINIDS_OVER_F1_5.py:133]: evaluated! 
[2017-12-14 03:25:18,182 AE_BIGRAMA_1L_MINIDS_OVER_F1_5.py:135]: generating reports ... 
[2017-12-14 03:25:20,012 AE_BIGRAMA_1L_MINIDS_OVER_F1_5.py:138]: done!
[2017-12-14 03:25:20,012 AE_BIGRAMA_1L_MINIDS_OVER_F1_5.py:154]: >> experiment AE_BIGRAMA_1L_MINIDS_OVER_F1_5 finished!
