[2017-12-13 22:14:58,894 AE_BIGRAMA_1L_MINIDS_UNDER_F0_1.py:145]: >> Initializing execution of experiment AE_BIGRAMA_1L_MINIDS_UNDER_F0_1
[2017-12-13 22:14:58,894 AE_BIGRAMA_1L_MINIDS_UNDER_F0_1.py:146]: >> Printing header log
[2017-12-13 22:14:58,894 AE_BIGRAMA_1L_MINIDS_UNDER_F0_1.py:35]: 
	=======================================
	network_name = AE_BIGRAMA_1L_MINIDS_UNDER_F0_1
	layers = 9216,922
	using GLOBAL obj = 
		{'numpy_seed': 666, 'log_format': '[%(asctime)s %(filename)s:%(lineno)s]: %(message)s', 'log_dir': '/home/dhiegorp/deepnn/logs/1layer/bigram/', 'reports_dir': '/home/dhiegorp/deepnn/reports/1layer/bigram/', 'fullds_reports_dir': '/home/dhiegorp/deepnn/reports/1layer/bigram/fullds/', 'tensorflow_dir': '/home/dhiegorp/deepnn/tensorflow/1layer/bigram/', 'checkpoints_dir': '/home/dhiegorp/deepnn/checkpoints/1layer/bigram/', 'executed_path': '/home/dhiegorp/deepnn/executed/1layer/bigram/', 'data_dir': '/home/dhiegorp/malware_dataset/', 'fullds_data_dir': '/home/dhiegorp/malware_dataset/', 'data_target_list': [1, 2, 3, 4, 5, 6, 7, 8, 9], 'epochs': 50, 'batch': 32, 'store_history': True, 'shuffle_batches': True, 'autoencoder_configs': {'hidden_layer_activation': 'relu', 'output_layer_activation': 'relu', 'loss_function': 'mse', 'optimizer': <keras.optimizers.SGD object at 0x7f9fe9642e48>, 'discard_decoder_function': True}, 'mlp_configs': {'activation': 'sigmoid', 'loss_function': 'categorical_crossentropy', 'optimizer': <keras.optimizers.SGD object at 0x7f9fe96a4390>, 'use_last_dim_as_classifier': False, 'classifier_dim': 9}}
	=======================================
	
[2017-12-13 22:14:58,894 AE_BIGRAMA_1L_MINIDS_UNDER_F0_1.py:148]: >> Loading dataset... 
[2017-12-13 22:15:22,343 AE_BIGRAMA_1L_MINIDS_UNDER_F0_1.py:52]: 
	=======================================
	loading malware dataset on = /home/dhiegorp/malware_dataset/	
	trainx shape = (1228, 9216)
	trainy shape = (1228, 9)
	valx shape = (407, 9216)
	valy shape = (407, 9)
	=======================================
	
[2017-12-13 22:15:22,343 AE_BIGRAMA_1L_MINIDS_UNDER_F0_1.py:150]: >> Executing autoencoder part ... 
[2017-12-13 22:15:22,343 AE_BIGRAMA_1L_MINIDS_UNDER_F0_1.py:57]: =======================================
[2017-12-13 22:15:22,344 AE_BIGRAMA_1L_MINIDS_UNDER_F0_1.py:62]: setting configurations for autoencoder: 
	 {'hidden_layer_activation': 'relu', 'output_layer_activation': 'relu', 'loss_function': 'mse', 'optimizer': <keras.optimizers.SGD object at 0x7f9fe9642e48>, 'discard_decoder_function': True}
[2017-12-13 22:15:22,390 AE_BIGRAMA_1L_MINIDS_UNDER_F0_1.py:73]: training and evaluate autoencoder
[2017-12-13 22:50:15,280 AE_BIGRAMA_1L_MINIDS_UNDER_F0_1.py:85]: trained and evaluated!
[2017-12-13 22:50:15,283 AE_BIGRAMA_1L_MINIDS_UNDER_F0_1.py:88]: Training history: 
{'val_loss': [0.00010830215389736761, 0.00010830117557603976, 0.00010830019839884284, 0.00010829922474342392, 0.00010829824502768649, 0.00010829727135439053, 0.00010829628943977649, 0.00010829531919887331, 0.00010829434103843887, 0.00010829336500537287, 0.00010829238169634925, 0.00010829139912028451, 0.00010829041695539183, 0.00010828943396815504, 0.00010828844942561527, 0.00010828747126518083, 0.00010828649081648453, 0.00010828550865159185, 0.00010828452509228959, 0.00010828353867266002, 0.00010828256108429104, 0.00010828157720320197, 0.00010828058792324508, 0.00010827960143210732, 0.00010827861615660868, 0.00010827762900402024, 0.00010827664642795549, 0.00010827565870330158, 0.00010827467482221251, 0.00010827369052995139, 0.0001082727058265182, 0.00010827172039012614, 0.00010827074296265058, 0.0001082697607977579, 0.00010826877993788954, 0.00010826780136628305, 0.0001082668178069808, 0.00010826583449795718, 0.00010826485567607205, 0.00010826387792680966, 0.00010826289468929424, 0.00010826191938918711, 0.00010826093770697466, 0.00010825995366499217, 0.00010825897108892743, 0.00010825799112291137, 0.00010825699726643077, 0.00010825600995294892, 0.00010825503325843222, 0.00010825405844100534], 'val_acc': [0.0, 0.0, 0.0, 0.0, 0.0, 0.0, 0.0, 0.0, 0.0, 0.0, 0.0, 0.0, 0.0, 0.0, 0.0, 0.0, 0.0, 0.0, 0.0, 0.0, 0.0, 0.0, 0.0, 0.0, 0.0, 0.0, 0.0, 0.0, 0.0, 0.0, 0.0, 0.0, 0.0, 0.0, 0.0, 0.0, 0.0, 0.0, 0.0, 0.0, 0.0, 0.0, 0.0, 0.0, 0.0, 0.0, 0.0, 0.0, 0.0, 0.0], 'loss': [0.00010872382002959258, 0.00010872280149032735, 0.00010872178340136567, 0.00010872076621301115, 0.00010871975160797706, 0.00010871873612603603, 0.00010871772306151416, 0.0001087167024366324, 0.00010871569264273641, 0.00010871467806140252, 0.00010871366146555267, 0.00010871264226268219, 0.00010871162019208899, 0.00010871059997011043, 0.00010870958119384332, 0.00010870855983425575, 0.00010870754515812111, 0.00010870652571824873, 0.00010870551210862254, 0.00010870449328495505, 0.00010870346991085153, 0.00010870245305429962, 0.00010870143529714058, 0.00010870040867611134, 0.00010869938444880108, 0.00010869836351581689, 0.00010869734246433176, 0.00010869631970643311, 0.00010869529912895174, 0.00010869428111109064, 0.00010869325735778412, 0.00010869223763350949, 0.00010869121454380822, 0.00010869020119488409, 0.00010868917879248826, 0.00010868815944741666, 0.00010868714633549439, 0.0001086861265638194, 0.00010868510605743858, 0.00010868409088359999, 0.00010868307518835728, 0.00010868205660169168, 0.00010868104332386811, 0.00010868002423949855, 0.00010867900269030948, 0.00010867798244463074, 0.00010867696262555537, 0.00010867593415591151, 0.00010867491180091604, 0.00010867389586867146], 'acc': [0.0, 0.0, 0.0, 0.0, 0.0, 0.0, 0.0, 0.0, 0.0, 0.0, 0.0, 0.0, 0.0, 0.0, 0.0, 0.0, 0.0, 0.0, 0.0, 0.0, 0.0, 0.0, 0.0, 0.0, 0.0, 0.0, 0.0, 0.0, 0.0, 0.0, 0.0, 0.0, 0.0, 0.0, 0.0, 0.0, 0.0, 0.0, 0.0, 0.0, 0.0, 0.0, 0.0, 0.0, 0.0, 0.0, 0.0, 0.0, 0.0, 0.0]}
[2017-12-13 22:50:15,283 AE_BIGRAMA_1L_MINIDS_UNDER_F0_1.py:92]: done!
[2017-12-13 22:50:15,284 AE_BIGRAMA_1L_MINIDS_UNDER_F0_1.py:152]: >> Executing classifier part ... 
[2017-12-13 22:50:15,284 AE_BIGRAMA_1L_MINIDS_UNDER_F0_1.py:97]: =======================================
[2017-12-13 22:50:15,284 AE_BIGRAMA_1L_MINIDS_UNDER_F0_1.py:101]: setting configurations for classifier: 
	 {'activation': 'sigmoid', 'loss_function': 'categorical_crossentropy', 'optimizer': <keras.optimizers.SGD object at 0x7f9fe96a4390>, 'use_last_dim_as_classifier': False, 'classifier_dim': 9}
[2017-12-13 22:50:15,400 AE_BIGRAMA_1L_MINIDS_UNDER_F0_1.py:110]: training ... 
[2017-12-13 23:07:26,903 AE_BIGRAMA_1L_MINIDS_UNDER_F0_1.py:122]: trained!
[2017-12-13 23:07:26,907 AE_BIGRAMA_1L_MINIDS_UNDER_F0_1.py:125]: Training history: 
{'val_loss': [0.00010830215389736761, 0.00010830117557603976, 0.00010830019839884284, 0.00010829922474342392, 0.00010829824502768649, 0.00010829727135439053, 0.00010829628943977649, 0.00010829531919887331, 0.00010829434103843887, 0.00010829336500537287, 0.00010829238169634925, 0.00010829139912028451, 0.00010829041695539183, 0.00010828943396815504, 0.00010828844942561527, 0.00010828747126518083, 0.00010828649081648453, 0.00010828550865159185, 0.00010828452509228959, 0.00010828353867266002, 0.00010828256108429104, 0.00010828157720320197, 0.00010828058792324508, 0.00010827960143210732, 0.00010827861615660868, 0.00010827762900402024, 0.00010827664642795549, 0.00010827565870330158, 0.00010827467482221251, 0.00010827369052995139, 0.0001082727058265182, 0.00010827172039012614, 0.00010827074296265058, 0.0001082697607977579, 0.00010826877993788954, 0.00010826780136628305, 0.0001082668178069808, 0.00010826583449795718, 0.00010826485567607205, 0.00010826387792680966, 0.00010826289468929424, 0.00010826191938918711, 0.00010826093770697466, 0.00010825995366499217, 0.00010825897108892743, 0.00010825799112291137, 0.00010825699726643077, 0.00010825600995294892, 0.00010825503325843222, 0.00010825405844100534], 'val_acc': [0.0, 0.0, 0.0, 0.0, 0.0, 0.0, 0.0, 0.0, 0.0, 0.0, 0.0, 0.0, 0.0, 0.0, 0.0, 0.0, 0.0, 0.0, 0.0, 0.0, 0.0, 0.0, 0.0, 0.0, 0.0, 0.0, 0.0, 0.0, 0.0, 0.0, 0.0, 0.0, 0.0, 0.0, 0.0, 0.0, 0.0, 0.0, 0.0, 0.0, 0.0, 0.0, 0.0, 0.0, 0.0, 0.0, 0.0, 0.0, 0.0, 0.0], 'loss': [0.00010872382002959258, 0.00010872280149032735, 0.00010872178340136567, 0.00010872076621301115, 0.00010871975160797706, 0.00010871873612603603, 0.00010871772306151416, 0.0001087167024366324, 0.00010871569264273641, 0.00010871467806140252, 0.00010871366146555267, 0.00010871264226268219, 0.00010871162019208899, 0.00010871059997011043, 0.00010870958119384332, 0.00010870855983425575, 0.00010870754515812111, 0.00010870652571824873, 0.00010870551210862254, 0.00010870449328495505, 0.00010870346991085153, 0.00010870245305429962, 0.00010870143529714058, 0.00010870040867611134, 0.00010869938444880108, 0.00010869836351581689, 0.00010869734246433176, 0.00010869631970643311, 0.00010869529912895174, 0.00010869428111109064, 0.00010869325735778412, 0.00010869223763350949, 0.00010869121454380822, 0.00010869020119488409, 0.00010868917879248826, 0.00010868815944741666, 0.00010868714633549439, 0.0001086861265638194, 0.00010868510605743858, 0.00010868409088359999, 0.00010868307518835728, 0.00010868205660169168, 0.00010868104332386811, 0.00010868002423949855, 0.00010867900269030948, 0.00010867798244463074, 0.00010867696262555537, 0.00010867593415591151, 0.00010867491180091604, 0.00010867389586867146], 'acc': [0.0, 0.0, 0.0, 0.0, 0.0, 0.0, 0.0, 0.0, 0.0, 0.0, 0.0, 0.0, 0.0, 0.0, 0.0, 0.0, 0.0, 0.0, 0.0, 0.0, 0.0, 0.0, 0.0, 0.0, 0.0, 0.0, 0.0, 0.0, 0.0, 0.0, 0.0, 0.0, 0.0, 0.0, 0.0, 0.0, 0.0, 0.0, 0.0, 0.0, 0.0, 0.0, 0.0, 0.0, 0.0, 0.0, 0.0, 0.0, 0.0, 0.0]}
[2017-12-13 23:07:26,907 AE_BIGRAMA_1L_MINIDS_UNDER_F0_1.py:129]: evaluating model ... 
[2017-12-13 23:07:29,283 AE_BIGRAMA_1L_MINIDS_UNDER_F0_1.py:133]: evaluated! 
[2017-12-13 23:07:29,283 AE_BIGRAMA_1L_MINIDS_UNDER_F0_1.py:135]: generating reports ... 
[2017-12-13 23:07:35,699 AE_BIGRAMA_1L_MINIDS_UNDER_F0_1.py:138]: done!
[2017-12-13 23:07:35,700 AE_BIGRAMA_1L_MINIDS_UNDER_F0_1.py:154]: >> experiment AE_BIGRAMA_1L_MINIDS_UNDER_F0_1 finished!
