[2017-12-13 22:14:58,924 AE_BIGRAMA_1L_MINIDS_OVER_F1_8.py:145]: >> Initializing execution of experiment AE_BIGRAMA_1L_MINIDS_OVER_F1_8
[2017-12-13 22:14:58,924 AE_BIGRAMA_1L_MINIDS_OVER_F1_8.py:146]: >> Printing header log
[2017-12-13 22:14:58,924 AE_BIGRAMA_1L_MINIDS_OVER_F1_8.py:35]: 
	=======================================
	network_name = AE_BIGRAMA_1L_MINIDS_OVER_F1_8
	layers = 9216,16589
	using GLOBAL obj = 
		{'numpy_seed': 666, 'log_format': '[%(asctime)s %(filename)s:%(lineno)s]: %(message)s', 'log_dir': '/home/dhiegorp/deepnn/logs/1layer/bigram/', 'reports_dir': '/home/dhiegorp/deepnn/reports/1layer/bigram/', 'fullds_reports_dir': '/home/dhiegorp/deepnn/reports/1layer/bigram/fullds/', 'tensorflow_dir': '/home/dhiegorp/deepnn/tensorflow/1layer/bigram/', 'checkpoints_dir': '/home/dhiegorp/deepnn/checkpoints/1layer/bigram/', 'executed_path': '/home/dhiegorp/deepnn/executed/1layer/bigram/', 'data_dir': '/home/dhiegorp/malware_dataset/', 'fullds_data_dir': '/home/dhiegorp/malware_dataset/', 'data_target_list': [1, 2, 3, 4, 5, 6, 7, 8, 9], 'epochs': 50, 'batch': 32, 'store_history': True, 'shuffle_batches': True, 'autoencoder_configs': {'hidden_layer_activation': 'relu', 'output_layer_activation': 'relu', 'loss_function': 'mse', 'optimizer': <keras.optimizers.SGD object at 0x7f926a296eb8>, 'discard_decoder_function': True}, 'mlp_configs': {'activation': 'sigmoid', 'loss_function': 'categorical_crossentropy', 'optimizer': <keras.optimizers.SGD object at 0x7f926a279400>, 'use_last_dim_as_classifier': False, 'classifier_dim': 9}}
	=======================================
	
[2017-12-13 22:14:58,924 AE_BIGRAMA_1L_MINIDS_OVER_F1_8.py:148]: >> Loading dataset... 
[2017-12-13 22:15:21,380 AE_BIGRAMA_1L_MINIDS_OVER_F1_8.py:52]: 
	=======================================
	loading malware dataset on = /home/dhiegorp/malware_dataset/	
	trainx shape = (1228, 9216)
	trainy shape = (1228, 9)
	valx shape = (407, 9216)
	valy shape = (407, 9)
	=======================================
	
[2017-12-13 22:15:21,380 AE_BIGRAMA_1L_MINIDS_OVER_F1_8.py:150]: >> Executing autoencoder part ... 
[2017-12-13 22:15:21,381 AE_BIGRAMA_1L_MINIDS_OVER_F1_8.py:57]: =======================================
[2017-12-13 22:15:21,381 AE_BIGRAMA_1L_MINIDS_OVER_F1_8.py:62]: setting configurations for autoencoder: 
	 {'hidden_layer_activation': 'relu', 'output_layer_activation': 'relu', 'loss_function': 'mse', 'optimizer': <keras.optimizers.SGD object at 0x7f926a296eb8>, 'discard_decoder_function': True}
[2017-12-13 22:15:21,428 AE_BIGRAMA_1L_MINIDS_OVER_F1_8.py:73]: training and evaluate autoencoder
[2017-12-14 02:35:14,741 AE_BIGRAMA_1L_MINIDS_OVER_F1_8.py:85]: trained and evaluated!
[2017-12-14 02:35:14,742 AE_BIGRAMA_1L_MINIDS_OVER_F1_8.py:88]: Training history: 
{'val_loss': [0.00011839135759123956, 0.00011838571150176209, 0.00011837999819459266, 0.00011837431384823732, 0.00011836862572982532, 0.00011836291578354049, 0.000118357187209374, 0.00011835143730789194, 0.00011834561652392355, 0.00011833976958583724, 0.00011833389599307575, 0.00011832800884951359, 0.00011832205418434968, 0.00011831600806021981, 0.00011830993528141473, 0.00011830377209838937, 0.00011829751908320919, 0.00011829120964807269, 0.00011828484036058705, 0.00011827844125418912, 0.00011827199906411097, 0.0001182654048476359, 0.00011825877541338073, 0.00011825212200600723, 0.00011824529102593843, 0.00011823842180686881, 0.00011823154309508792, 0.0001182246434671635, 0.00011821767933885807, 0.00011821058410029922, 0.00011820348862933878, 0.00011819631205022184, 0.00011818910450806169, 0.00011818189069105848, 0.00011817453167668981, 0.00011816707676984781, 0.00011815965749195798, 0.00011815217092486799, 0.00011814465959806966, 0.00011813703446599817, 0.00011812937942562917, 0.00011812171769924508, 0.00011811398199764573, 0.00011810619561462171, 0.00011809838266630773, 0.0001180905888464327, 0.00011808268769277507, 0.00011807481548205448, 0.00011806691702783075, 0.00011805895800617608], 'val_acc': [0.0, 0.0, 0.0, 0.0, 0.0, 0.0, 0.0, 0.0, 0.0, 0.0, 0.0, 0.0, 0.0, 0.0, 0.0, 0.0, 0.0, 0.0, 0.0, 0.0, 0.0, 0.0, 0.0, 0.0, 0.0, 0.0, 0.0, 0.0, 0.0, 0.0, 0.0, 0.0, 0.0, 0.0, 0.0, 0.0, 0.0, 0.0, 0.0, 0.0, 0.0, 0.0, 0.0, 0.0, 0.0, 0.0, 0.0, 0.0, 0.0, 0.0], 'loss': [0.000119168004961472, 0.00011916231620542596, 0.00011915660199537837, 0.00011915080445547094, 0.00011914502165708023, 0.00011913923468745651, 0.00011913342107882183, 0.00011912760415216089, 0.00011912175065611038, 0.00011911580662534296, 0.00011910982197245389, 0.00011910382117973702, 0.00011909780064476381, 0.00011909172337154133, 0.00011908554553842257, 0.00011907930869183651, 0.0001190729937531321, 0.00011906656607263494, 0.00011906006959049298, 0.00011905345550801981, 0.00011904679838600584, 0.00011904006570779357, 0.00011903319108915737, 0.00011902631606761797, 0.00011901942301023576, 0.00011901237734734515, 0.00011900528518468633, 0.00011899815522022818, 0.00011899098619786076, 0.00011898375169187481, 0.00011897640491809987, 0.00011896903050990612, 0.00011896155281629449, 0.00011895405812964833, 0.00011894653922141036, 0.00011893890332904605, 0.00011893120425198142, 0.00011892351098146278, 0.00011891573805461338, 0.0001189079212350164, 0.00011890000587003912, 0.00011889208967555527, 0.00011888420206349774, 0.00011887624823311587, 0.00011886820969826326, 0.00011886016035612509, 0.00011885213388466801, 0.00011884395691701924, 0.00011883581687426285, 0.00011882760900156937], 'acc': [0.0, 0.0, 0.0, 0.0, 0.0, 0.0, 0.0, 0.0, 0.0, 0.0, 0.0, 0.0, 0.0, 0.0, 0.0, 0.0, 0.0, 0.0, 0.0, 0.0, 0.0, 0.0, 0.0, 0.0, 0.0, 0.0, 0.0, 0.0, 0.0, 0.0, 0.0, 0.0, 0.0, 0.0, 0.0, 0.0, 0.0, 0.0, 0.0, 0.0, 0.0, 0.0, 0.0, 0.0, 0.0, 0.0, 0.0, 0.0, 0.0, 0.0]}
[2017-12-14 02:35:14,742 AE_BIGRAMA_1L_MINIDS_OVER_F1_8.py:92]: done!
[2017-12-14 02:35:14,742 AE_BIGRAMA_1L_MINIDS_OVER_F1_8.py:152]: >> Executing classifier part ... 
[2017-12-14 02:35:14,742 AE_BIGRAMA_1L_MINIDS_OVER_F1_8.py:97]: =======================================
[2017-12-14 02:35:14,742 AE_BIGRAMA_1L_MINIDS_OVER_F1_8.py:101]: setting configurations for classifier: 
	 {'activation': 'sigmoid', 'loss_function': 'categorical_crossentropy', 'optimizer': <keras.optimizers.SGD object at 0x7f926a279400>, 'use_last_dim_as_classifier': False, 'classifier_dim': 9}
[2017-12-14 02:35:15,091 AE_BIGRAMA_1L_MINIDS_OVER_F1_8.py:110]: training ... 
[2017-12-14 03:46:21,586 AE_BIGRAMA_1L_MINIDS_OVER_F1_8.py:122]: trained!
[2017-12-14 03:46:21,587 AE_BIGRAMA_1L_MINIDS_OVER_F1_8.py:125]: Training history: 
{'val_loss': [0.00011839135759123956, 0.00011838571150176209, 0.00011837999819459266, 0.00011837431384823732, 0.00011836862572982532, 0.00011836291578354049, 0.000118357187209374, 0.00011835143730789194, 0.00011834561652392355, 0.00011833976958583724, 0.00011833389599307575, 0.00011832800884951359, 0.00011832205418434968, 0.00011831600806021981, 0.00011830993528141473, 0.00011830377209838937, 0.00011829751908320919, 0.00011829120964807269, 0.00011828484036058705, 0.00011827844125418912, 0.00011827199906411097, 0.0001182654048476359, 0.00011825877541338073, 0.00011825212200600723, 0.00011824529102593843, 0.00011823842180686881, 0.00011823154309508792, 0.0001182246434671635, 0.00011821767933885807, 0.00011821058410029922, 0.00011820348862933878, 0.00011819631205022184, 0.00011818910450806169, 0.00011818189069105848, 0.00011817453167668981, 0.00011816707676984781, 0.00011815965749195798, 0.00011815217092486799, 0.00011814465959806966, 0.00011813703446599817, 0.00011812937942562917, 0.00011812171769924508, 0.00011811398199764573, 0.00011810619561462171, 0.00011809838266630773, 0.0001180905888464327, 0.00011808268769277507, 0.00011807481548205448, 0.00011806691702783075, 0.00011805895800617608], 'val_acc': [0.0, 0.0, 0.0, 0.0, 0.0, 0.0, 0.0, 0.0, 0.0, 0.0, 0.0, 0.0, 0.0, 0.0, 0.0, 0.0, 0.0, 0.0, 0.0, 0.0, 0.0, 0.0, 0.0, 0.0, 0.0, 0.0, 0.0, 0.0, 0.0, 0.0, 0.0, 0.0, 0.0, 0.0, 0.0, 0.0, 0.0, 0.0, 0.0, 0.0, 0.0, 0.0, 0.0, 0.0, 0.0, 0.0, 0.0, 0.0, 0.0, 0.0], 'loss': [0.000119168004961472, 0.00011916231620542596, 0.00011915660199537837, 0.00011915080445547094, 0.00011914502165708023, 0.00011913923468745651, 0.00011913342107882183, 0.00011912760415216089, 0.00011912175065611038, 0.00011911580662534296, 0.00011910982197245389, 0.00011910382117973702, 0.00011909780064476381, 0.00011909172337154133, 0.00011908554553842257, 0.00011907930869183651, 0.0001190729937531321, 0.00011906656607263494, 0.00011906006959049298, 0.00011905345550801981, 0.00011904679838600584, 0.00011904006570779357, 0.00011903319108915737, 0.00011902631606761797, 0.00011901942301023576, 0.00011901237734734515, 0.00011900528518468633, 0.00011899815522022818, 0.00011899098619786076, 0.00011898375169187481, 0.00011897640491809987, 0.00011896903050990612, 0.00011896155281629449, 0.00011895405812964833, 0.00011894653922141036, 0.00011893890332904605, 0.00011893120425198142, 0.00011892351098146278, 0.00011891573805461338, 0.0001189079212350164, 0.00011890000587003912, 0.00011889208967555527, 0.00011888420206349774, 0.00011887624823311587, 0.00011886820969826326, 0.00011886016035612509, 0.00011885213388466801, 0.00011884395691701924, 0.00011883581687426285, 0.00011882760900156937], 'acc': [0.0, 0.0, 0.0, 0.0, 0.0, 0.0, 0.0, 0.0, 0.0, 0.0, 0.0, 0.0, 0.0, 0.0, 0.0, 0.0, 0.0, 0.0, 0.0, 0.0, 0.0, 0.0, 0.0, 0.0, 0.0, 0.0, 0.0, 0.0, 0.0, 0.0, 0.0, 0.0, 0.0, 0.0, 0.0, 0.0, 0.0, 0.0, 0.0, 0.0, 0.0, 0.0, 0.0, 0.0, 0.0, 0.0, 0.0, 0.0, 0.0, 0.0]}
[2017-12-14 03:46:21,587 AE_BIGRAMA_1L_MINIDS_OVER_F1_8.py:129]: evaluating model ... 
[2017-12-14 03:46:24,157 AE_BIGRAMA_1L_MINIDS_OVER_F1_8.py:133]: evaluated! 
[2017-12-14 03:46:24,158 AE_BIGRAMA_1L_MINIDS_OVER_F1_8.py:135]: generating reports ... 
[2017-12-14 03:46:25,113 AE_BIGRAMA_1L_MINIDS_OVER_F1_8.py:138]: done!
[2017-12-14 03:46:25,114 AE_BIGRAMA_1L_MINIDS_OVER_F1_8.py:154]: >> experiment AE_BIGRAMA_1L_MINIDS_OVER_F1_8 finished!
