[2017-12-13 22:14:58,822 AE_BIGRAMA_1L_MINIDS_UNDER_F0_8.py:145]: >> Initializing execution of experiment AE_BIGRAMA_1L_MINIDS_UNDER_F0_8
[2017-12-13 22:14:58,822 AE_BIGRAMA_1L_MINIDS_UNDER_F0_8.py:146]: >> Printing header log
[2017-12-13 22:14:58,822 AE_BIGRAMA_1L_MINIDS_UNDER_F0_8.py:35]: 
	=======================================
	network_name = AE_BIGRAMA_1L_MINIDS_UNDER_F0_8
	layers = 9216,7373
	using GLOBAL obj = 
		{'numpy_seed': 666, 'log_format': '[%(asctime)s %(filename)s:%(lineno)s]: %(message)s', 'log_dir': '/home/dhiegorp/deepnn/logs/1layer/bigram/', 'reports_dir': '/home/dhiegorp/deepnn/reports/1layer/bigram/', 'fullds_reports_dir': '/home/dhiegorp/deepnn/reports/1layer/bigram/fullds/', 'tensorflow_dir': '/home/dhiegorp/deepnn/tensorflow/1layer/bigram/', 'checkpoints_dir': '/home/dhiegorp/deepnn/checkpoints/1layer/bigram/', 'executed_path': '/home/dhiegorp/deepnn/executed/1layer/bigram/', 'data_dir': '/home/dhiegorp/malware_dataset/', 'fullds_data_dir': '/home/dhiegorp/malware_dataset/', 'data_target_list': [1, 2, 3, 4, 5, 6, 7, 8, 9], 'epochs': 50, 'batch': 32, 'store_history': True, 'shuffle_batches': True, 'autoencoder_configs': {'hidden_layer_activation': 'relu', 'output_layer_activation': 'relu', 'loss_function': 'mse', 'optimizer': <keras.optimizers.SGD object at 0x7f0999cdfe48>, 'discard_decoder_function': True}, 'mlp_configs': {'activation': 'sigmoid', 'loss_function': 'categorical_crossentropy', 'optimizer': <keras.optimizers.SGD object at 0x7f0999d41390>, 'use_last_dim_as_classifier': False, 'classifier_dim': 9}}
	=======================================
	
[2017-12-13 22:14:58,822 AE_BIGRAMA_1L_MINIDS_UNDER_F0_8.py:148]: >> Loading dataset... 
[2017-12-13 22:15:21,419 AE_BIGRAMA_1L_MINIDS_UNDER_F0_8.py:52]: 
	=======================================
	loading malware dataset on = /home/dhiegorp/malware_dataset/	
	trainx shape = (1228, 9216)
	trainy shape = (1228, 9)
	valx shape = (407, 9216)
	valy shape = (407, 9)
	=======================================
	
[2017-12-13 22:15:21,420 AE_BIGRAMA_1L_MINIDS_UNDER_F0_8.py:150]: >> Executing autoencoder part ... 
[2017-12-13 22:15:21,420 AE_BIGRAMA_1L_MINIDS_UNDER_F0_8.py:57]: =======================================
[2017-12-13 22:15:21,420 AE_BIGRAMA_1L_MINIDS_UNDER_F0_8.py:62]: setting configurations for autoencoder: 
	 {'hidden_layer_activation': 'relu', 'output_layer_activation': 'relu', 'loss_function': 'mse', 'optimizer': <keras.optimizers.SGD object at 0x7f0999cdfe48>, 'discard_decoder_function': True}
[2017-12-13 22:15:21,461 AE_BIGRAMA_1L_MINIDS_UNDER_F0_8.py:73]: training and evaluate autoencoder
[2017-12-14 00:57:41,150 AE_BIGRAMA_1L_MINIDS_UNDER_F0_8.py:85]: trained and evaluated!
[2017-12-14 00:57:41,152 AE_BIGRAMA_1L_MINIDS_UNDER_F0_8.py:88]: Training history: 
{'val_loss': [0.0001185519121434535, 0.00011854402475512108, 0.00011853620227834173, 0.00011852833523408736, 0.00011852045651612213, 0.00011851259340481782, 0.00011850470217292057, 0.00011849684029513242, 0.00011848891677729058, 0.00011848101410408406, 0.00011847315508662322, 0.00011846525781228451, 0.00011845735799940532, 0.00011844951051263899, 0.00011844158324061753, 0.00011843365107028556, 0.00011842574056693301, 0.00011841782596973697, 0.00011840987670894928, 0.00011840196890503062, 0.00011839406151228404, 0.00011838615558545519, 0.00011837819987105398, 0.00011837025642030614, 0.00011836234995716592, 0.0001183544372728138, 0.00011834648109360939, 0.00011833853106410872, 0.00011833057357987998, 0.00011832260760405451, 0.00011831466540469987, 0.00011830673139303217, 0.00011829873540164693, 0.00011829081486927172, 0.00011828285411354361, 0.00011827490113433039, 0.00011826690074519188, 0.00011825898005192326, 0.00011825099870183846, 0.00011824301824560595, 0.00011823505332452619, 0.00011822707304706413, 0.00011821910640978796, 0.00011821119152655922, 0.00011820323355965024, 0.0001181953064127681, 0.00011818736970166651, 0.00011817946945973821, 0.00011817155588153379, 0.00011816360436823832], 'val_acc': [0.0, 0.0, 0.0, 0.0, 0.0, 0.0, 0.0, 0.0, 0.0, 0.0, 0.0, 0.0, 0.0, 0.0, 0.0, 0.0, 0.0, 0.0, 0.0, 0.0, 0.0, 0.0, 0.0, 0.0, 0.0, 0.0, 0.0, 0.0, 0.0, 0.0, 0.0, 0.0, 0.0, 0.0, 0.0, 0.0, 0.0, 0.0, 0.0, 0.0, 0.0, 0.0, 0.0, 0.0, 0.0, 0.0, 0.0, 0.0, 0.0, 0.0], 'loss': [0.00011937588862168485, 0.00011936775881740953, 0.00011935964062622617, 0.00011935158182771313, 0.00011934347745373918, 0.00011933537471507819, 0.00011932727873097068, 0.00011931915153371601, 0.00011931105891503515, 0.00011930290164224233, 0.00011929476306889758, 0.00011928667658856533, 0.00011927854526747801, 0.00011927043165043087, 0.00011926237645434634, 0.00011925425122420726, 0.00011924612153843289, 0.00011923800832428893, 0.00011922989866517314, 0.00011922175222336609, 0.00011921364050233396, 0.00011920552901830373, 0.00011919742049679695, 0.00011918927502669758, 0.00011918114406111308, 0.00011917307127948929, 0.00011916499759725838, 0.00011915688710863602, 0.00011914878510468084, 0.00011914067274374366, 0.00011913253943184057, 0.00011912443418095968, 0.00011911633532912947, 0.00011910817270009424, 0.00011910009027249408, 0.00011909196473425254, 0.00011908384611646582, 0.00011907568040640618, 0.00011906759051324691, 0.00011905944084821432, 0.00011905128769925416, 0.00011904315407924863, 0.00011903499803886558, 0.00011902685974992308, 0.00011901877815182949, 0.00011901064747064723, 0.0001190025475049082, 0.00011899443782209221, 0.00011898637148691948, 0.00011897829652487843], 'acc': [0.0, 0.0, 0.0, 0.0, 0.0, 0.0, 0.0, 0.0, 0.0, 0.0, 0.0, 0.0, 0.0, 0.0, 0.0, 0.0, 0.0, 0.0, 0.0, 0.0, 0.0, 0.0, 0.0, 0.0, 0.0, 0.0, 0.0, 0.0, 0.0, 0.0, 0.0, 0.0, 0.0, 0.0, 0.0, 0.0, 0.0, 0.0, 0.0, 0.0, 0.0, 0.0, 0.0, 0.0, 0.0, 0.0, 0.0, 0.0, 0.0, 0.0]}
[2017-12-14 00:57:41,152 AE_BIGRAMA_1L_MINIDS_UNDER_F0_8.py:92]: done!
[2017-12-14 00:57:41,152 AE_BIGRAMA_1L_MINIDS_UNDER_F0_8.py:152]: >> Executing classifier part ... 
[2017-12-14 00:57:41,152 AE_BIGRAMA_1L_MINIDS_UNDER_F0_8.py:97]: =======================================
[2017-12-14 00:57:41,152 AE_BIGRAMA_1L_MINIDS_UNDER_F0_8.py:101]: setting configurations for classifier: 
	 {'activation': 'sigmoid', 'loss_function': 'categorical_crossentropy', 'optimizer': <keras.optimizers.SGD object at 0x7f0999d41390>, 'use_last_dim_as_classifier': False, 'classifier_dim': 9}
[2017-12-14 00:57:41,565 AE_BIGRAMA_1L_MINIDS_UNDER_F0_8.py:110]: training ... 
[2017-12-14 02:14:51,194 AE_BIGRAMA_1L_MINIDS_UNDER_F0_8.py:122]: trained!
[2017-12-14 02:14:51,195 AE_BIGRAMA_1L_MINIDS_UNDER_F0_8.py:125]: Training history: 
{'val_loss': [0.0001185519121434535, 0.00011854402475512108, 0.00011853620227834173, 0.00011852833523408736, 0.00011852045651612213, 0.00011851259340481782, 0.00011850470217292057, 0.00011849684029513242, 0.00011848891677729058, 0.00011848101410408406, 0.00011847315508662322, 0.00011846525781228451, 0.00011845735799940532, 0.00011844951051263899, 0.00011844158324061753, 0.00011843365107028556, 0.00011842574056693301, 0.00011841782596973697, 0.00011840987670894928, 0.00011840196890503062, 0.00011839406151228404, 0.00011838615558545519, 0.00011837819987105398, 0.00011837025642030614, 0.00011836234995716592, 0.0001183544372728138, 0.00011834648109360939, 0.00011833853106410872, 0.00011833057357987998, 0.00011832260760405451, 0.00011831466540469987, 0.00011830673139303217, 0.00011829873540164693, 0.00011829081486927172, 0.00011828285411354361, 0.00011827490113433039, 0.00011826690074519188, 0.00011825898005192326, 0.00011825099870183846, 0.00011824301824560595, 0.00011823505332452619, 0.00011822707304706413, 0.00011821910640978796, 0.00011821119152655922, 0.00011820323355965024, 0.0001181953064127681, 0.00011818736970166651, 0.00011817946945973821, 0.00011817155588153379, 0.00011816360436823832], 'val_acc': [0.0, 0.0, 0.0, 0.0, 0.0, 0.0, 0.0, 0.0, 0.0, 0.0, 0.0, 0.0, 0.0, 0.0, 0.0, 0.0, 0.0, 0.0, 0.0, 0.0, 0.0, 0.0, 0.0, 0.0, 0.0, 0.0, 0.0, 0.0, 0.0, 0.0, 0.0, 0.0, 0.0, 0.0, 0.0, 0.0, 0.0, 0.0, 0.0, 0.0, 0.0, 0.0, 0.0, 0.0, 0.0, 0.0, 0.0, 0.0, 0.0, 0.0], 'loss': [0.00011937588862168485, 0.00011936775881740953, 0.00011935964062622617, 0.00011935158182771313, 0.00011934347745373918, 0.00011933537471507819, 0.00011932727873097068, 0.00011931915153371601, 0.00011931105891503515, 0.00011930290164224233, 0.00011929476306889758, 0.00011928667658856533, 0.00011927854526747801, 0.00011927043165043087, 0.00011926237645434634, 0.00011925425122420726, 0.00011924612153843289, 0.00011923800832428893, 0.00011922989866517314, 0.00011922175222336609, 0.00011921364050233396, 0.00011920552901830373, 0.00011919742049679695, 0.00011918927502669758, 0.00011918114406111308, 0.00011917307127948929, 0.00011916499759725838, 0.00011915688710863602, 0.00011914878510468084, 0.00011914067274374366, 0.00011913253943184057, 0.00011912443418095968, 0.00011911633532912947, 0.00011910817270009424, 0.00011910009027249408, 0.00011909196473425254, 0.00011908384611646582, 0.00011907568040640618, 0.00011906759051324691, 0.00011905944084821432, 0.00011905128769925416, 0.00011904315407924863, 0.00011903499803886558, 0.00011902685974992308, 0.00011901877815182949, 0.00011901064747064723, 0.0001190025475049082, 0.00011899443782209221, 0.00011898637148691948, 0.00011897829652487843], 'acc': [0.0, 0.0, 0.0, 0.0, 0.0, 0.0, 0.0, 0.0, 0.0, 0.0, 0.0, 0.0, 0.0, 0.0, 0.0, 0.0, 0.0, 0.0, 0.0, 0.0, 0.0, 0.0, 0.0, 0.0, 0.0, 0.0, 0.0, 0.0, 0.0, 0.0, 0.0, 0.0, 0.0, 0.0, 0.0, 0.0, 0.0, 0.0, 0.0, 0.0, 0.0, 0.0, 0.0, 0.0, 0.0, 0.0, 0.0, 0.0, 0.0, 0.0]}
[2017-12-14 02:14:51,195 AE_BIGRAMA_1L_MINIDS_UNDER_F0_8.py:129]: evaluating model ... 
[2017-12-14 02:14:59,570 AE_BIGRAMA_1L_MINIDS_UNDER_F0_8.py:133]: evaluated! 
[2017-12-14 02:14:59,570 AE_BIGRAMA_1L_MINIDS_UNDER_F0_8.py:135]: generating reports ... 
[2017-12-14 02:15:03,898 AE_BIGRAMA_1L_MINIDS_UNDER_F0_8.py:138]: done!
[2017-12-14 02:15:03,898 AE_BIGRAMA_1L_MINIDS_UNDER_F0_8.py:154]: >> experiment AE_BIGRAMA_1L_MINIDS_UNDER_F0_8 finished!
