[2017-12-13 22:14:58,840 AE_BIGRAMA_1L_MINIDS_OVER_F1_1.py:145]: >> Initializing execution of experiment AE_BIGRAMA_1L_MINIDS_OVER_F1_1
[2017-12-13 22:14:58,841 AE_BIGRAMA_1L_MINIDS_OVER_F1_1.py:146]: >> Printing header log
[2017-12-13 22:14:58,841 AE_BIGRAMA_1L_MINIDS_OVER_F1_1.py:35]: 
	=======================================
	network_name = AE_BIGRAMA_1L_MINIDS_OVER_F1_1
	layers = 9216,10138
	using GLOBAL obj = 
		{'numpy_seed': 666, 'log_format': '[%(asctime)s %(filename)s:%(lineno)s]: %(message)s', 'log_dir': '/home/dhiegorp/deepnn/logs/1layer/bigram/', 'reports_dir': '/home/dhiegorp/deepnn/reports/1layer/bigram/', 'fullds_reports_dir': '/home/dhiegorp/deepnn/reports/1layer/bigram/fullds/', 'tensorflow_dir': '/home/dhiegorp/deepnn/tensorflow/1layer/bigram/', 'checkpoints_dir': '/home/dhiegorp/deepnn/checkpoints/1layer/bigram/', 'executed_path': '/home/dhiegorp/deepnn/executed/1layer/bigram/', 'data_dir': '/home/dhiegorp/malware_dataset/', 'fullds_data_dir': '/home/dhiegorp/malware_dataset/', 'data_target_list': [1, 2, 3, 4, 5, 6, 7, 8, 9], 'epochs': 50, 'batch': 32, 'store_history': True, 'shuffle_batches': True, 'autoencoder_configs': {'hidden_layer_activation': 'relu', 'output_layer_activation': 'relu', 'loss_function': 'mse', 'optimizer': <keras.optimizers.SGD object at 0x7f286d485eb8>, 'discard_decoder_function': True}, 'mlp_configs': {'activation': 'sigmoid', 'loss_function': 'categorical_crossentropy', 'optimizer': <keras.optimizers.SGD object at 0x7f286d468400>, 'use_last_dim_as_classifier': False, 'classifier_dim': 9}}
	=======================================
	
[2017-12-13 22:14:58,841 AE_BIGRAMA_1L_MINIDS_OVER_F1_1.py:148]: >> Loading dataset... 
[2017-12-13 22:15:22,614 AE_BIGRAMA_1L_MINIDS_OVER_F1_1.py:52]: 
	=======================================
	loading malware dataset on = /home/dhiegorp/malware_dataset/	
	trainx shape = (1228, 9216)
	trainy shape = (1228, 9)
	valx shape = (407, 9216)
	valy shape = (407, 9)
	=======================================
	
[2017-12-13 22:15:22,614 AE_BIGRAMA_1L_MINIDS_OVER_F1_1.py:150]: >> Executing autoencoder part ... 
[2017-12-13 22:15:22,614 AE_BIGRAMA_1L_MINIDS_OVER_F1_1.py:57]: =======================================
[2017-12-13 22:15:22,615 AE_BIGRAMA_1L_MINIDS_OVER_F1_1.py:62]: setting configurations for autoencoder: 
	 {'hidden_layer_activation': 'relu', 'output_layer_activation': 'relu', 'loss_function': 'mse', 'optimizer': <keras.optimizers.SGD object at 0x7f286d485eb8>, 'discard_decoder_function': True}
[2017-12-13 22:15:22,657 AE_BIGRAMA_1L_MINIDS_OVER_F1_1.py:73]: training and evaluate autoencoder
[2017-12-14 01:30:38,261 AE_BIGRAMA_1L_MINIDS_OVER_F1_1.py:85]: trained and evaluated!
[2017-12-14 01:30:38,263 AE_BIGRAMA_1L_MINIDS_OVER_F1_1.py:88]: Training history: 
{'val_loss': [0.00011974920538218041, 0.00011974407674379175, 0.00011973891762504011, 0.00011973371722818986, 0.00011972854314635094, 0.00011972335435170337, 0.00011971810246896141, 0.00011971289120286736, 0.00011970763637041284, 0.00011970233691685218, 0.00011969702675494112, 0.00011969171855950509, 0.00011968640750374173, 0.00011968106727263975, 0.00011967567619921969, 0.00011967027663420292, 0.00011966479285042367, 0.00011965930550911233, 0.00011965376162270532, 0.00011964817694087996, 0.00011964260566683888, 0.00011963695535837862, 0.00011963131248676939, 0.00011962565416939264, 0.00011961995857837552, 0.00011961424248238696, 0.00011960845437765818, 0.00011960266684499484, 0.00011959678222209614, 0.00011959090541146641, 0.00011958499291825339, 0.00011957909621047176, 0.00011957314383356972, 0.00011956713081772853, 0.00011956106361656173, 0.00011955494827251075, 0.00011954881900224116, 0.00011954263306173658, 0.00011953639881745443, 0.00011953009714095576, 0.00011952371689484109, 0.00011951725489699628, 0.00011951080639632099, 0.00011950427664447283, 0.0001194977748523242, 0.00011949124615522175, 0.00011948465672979493, 0.00011947803273016166, 0.00011947139271269541, 0.00011946473782152711], 'val_acc': [0.0, 0.0, 0.0, 0.0, 0.0, 0.0, 0.0, 0.0, 0.0, 0.0, 0.0, 0.0, 0.0, 0.0, 0.0, 0.0, 0.0, 0.0, 0.0, 0.0, 0.0, 0.0, 0.0, 0.0, 0.0, 0.0, 0.0, 0.0, 0.0, 0.0, 0.0, 0.0, 0.0, 0.0, 0.0, 0.0, 0.0, 0.0, 0.0, 0.0, 0.0, 0.0, 0.0, 0.0, 0.0, 0.0, 0.0, 0.0, 0.0, 0.0], 'loss': [0.0001205699732809643, 0.00012056472257548695, 0.00012055943544282113, 0.00012055409877676311, 0.00012054873371788025, 0.00012054338354271523, 0.0001205380094066605, 0.00012053257725254636, 0.00012052717908450132, 0.00012052171341832181, 0.00012051621935931748, 0.00012051072295399456, 0.00012050521303956467, 0.00012049971032999183, 0.00012049416581328795, 0.00012048857617142673, 0.00012048300584521848, 0.00012047734190326894, 0.00012047165821906307, 0.00012046592412455802, 0.0001204601352115189, 0.00012045434577707566, 0.00012044847407928101, 0.00012044261245406612, 0.00012043674829293116, 0.00012043084441028166, 0.0001204249091011833, 0.00012041891935275388, 0.00012041292050345239, 0.00012040682742220474, 0.00012040073794338561, 0.00012039462142265235, 0.00012038851559070373, 0.00012038237465877717, 0.00012037615786254988, 0.00012036989527756003, 0.00012036358498409239, 0.00012035725404776129, 0.00012035087056811414, 0.00012034440871194637, 0.00012033791258530722, 0.00012033135886721204, 0.00012032478573866316, 0.00012031826010529037, 0.00012031162884018113, 0.0001203049941385447, 0.00012029830805490139, 0.00012029154643875998, 0.00012028476856428984, 0.00012027797611420428], 'acc': [0.0, 0.0, 0.0, 0.0, 0.0, 0.0, 0.0, 0.0, 0.0, 0.0, 0.0, 0.0, 0.0, 0.0, 0.0, 0.0, 0.0, 0.0, 0.0, 0.0, 0.0, 0.0, 0.0, 0.0, 0.0, 0.0, 0.0, 0.0, 0.0, 0.0, 0.0, 0.0, 0.0, 0.0, 0.0, 0.0, 0.0, 0.0, 0.0, 0.0, 0.0, 0.0, 0.0, 0.0, 0.0, 0.0, 0.0, 0.0, 0.0, 0.0]}
[2017-12-14 01:30:38,263 AE_BIGRAMA_1L_MINIDS_OVER_F1_1.py:92]: done!
[2017-12-14 01:30:38,263 AE_BIGRAMA_1L_MINIDS_OVER_F1_1.py:152]: >> Executing classifier part ... 
[2017-12-14 01:30:38,263 AE_BIGRAMA_1L_MINIDS_OVER_F1_1.py:97]: =======================================
[2017-12-14 01:30:38,263 AE_BIGRAMA_1L_MINIDS_OVER_F1_1.py:101]: setting configurations for classifier: 
	 {'activation': 'sigmoid', 'loss_function': 'categorical_crossentropy', 'optimizer': <keras.optimizers.SGD object at 0x7f286d468400>, 'use_last_dim_as_classifier': False, 'classifier_dim': 9}
[2017-12-14 01:30:38,754 AE_BIGRAMA_1L_MINIDS_OVER_F1_1.py:110]: training ... 
[2017-12-14 02:54:56,044 AE_BIGRAMA_1L_MINIDS_OVER_F1_1.py:122]: trained!
[2017-12-14 02:54:56,046 AE_BIGRAMA_1L_MINIDS_OVER_F1_1.py:125]: Training history: 
{'val_loss': [0.00011974920538218041, 0.00011974407674379175, 0.00011973891762504011, 0.00011973371722818986, 0.00011972854314635094, 0.00011972335435170337, 0.00011971810246896141, 0.00011971289120286736, 0.00011970763637041284, 0.00011970233691685218, 0.00011969702675494112, 0.00011969171855950509, 0.00011968640750374173, 0.00011968106727263975, 0.00011967567619921969, 0.00011967027663420292, 0.00011966479285042367, 0.00011965930550911233, 0.00011965376162270532, 0.00011964817694087996, 0.00011964260566683888, 0.00011963695535837862, 0.00011963131248676939, 0.00011962565416939264, 0.00011961995857837552, 0.00011961424248238696, 0.00011960845437765818, 0.00011960266684499484, 0.00011959678222209614, 0.00011959090541146641, 0.00011958499291825339, 0.00011957909621047176, 0.00011957314383356972, 0.00011956713081772853, 0.00011956106361656173, 0.00011955494827251075, 0.00011954881900224116, 0.00011954263306173658, 0.00011953639881745443, 0.00011953009714095576, 0.00011952371689484109, 0.00011951725489699628, 0.00011951080639632099, 0.00011950427664447283, 0.0001194977748523242, 0.00011949124615522175, 0.00011948465672979493, 0.00011947803273016166, 0.00011947139271269541, 0.00011946473782152711], 'val_acc': [0.0, 0.0, 0.0, 0.0, 0.0, 0.0, 0.0, 0.0, 0.0, 0.0, 0.0, 0.0, 0.0, 0.0, 0.0, 0.0, 0.0, 0.0, 0.0, 0.0, 0.0, 0.0, 0.0, 0.0, 0.0, 0.0, 0.0, 0.0, 0.0, 0.0, 0.0, 0.0, 0.0, 0.0, 0.0, 0.0, 0.0, 0.0, 0.0, 0.0, 0.0, 0.0, 0.0, 0.0, 0.0, 0.0, 0.0, 0.0, 0.0, 0.0], 'loss': [0.0001205699732809643, 0.00012056472257548695, 0.00012055943544282113, 0.00012055409877676311, 0.00012054873371788025, 0.00012054338354271523, 0.0001205380094066605, 0.00012053257725254636, 0.00012052717908450132, 0.00012052171341832181, 0.00012051621935931748, 0.00012051072295399456, 0.00012050521303956467, 0.00012049971032999183, 0.00012049416581328795, 0.00012048857617142673, 0.00012048300584521848, 0.00012047734190326894, 0.00012047165821906307, 0.00012046592412455802, 0.0001204601352115189, 0.00012045434577707566, 0.00012044847407928101, 0.00012044261245406612, 0.00012043674829293116, 0.00012043084441028166, 0.0001204249091011833, 0.00012041891935275388, 0.00012041292050345239, 0.00012040682742220474, 0.00012040073794338561, 0.00012039462142265235, 0.00012038851559070373, 0.00012038237465877717, 0.00012037615786254988, 0.00012036989527756003, 0.00012036358498409239, 0.00012035725404776129, 0.00012035087056811414, 0.00012034440871194637, 0.00012033791258530722, 0.00012033135886721204, 0.00012032478573866316, 0.00012031826010529037, 0.00012031162884018113, 0.0001203049941385447, 0.00012029830805490139, 0.00012029154643875998, 0.00012028476856428984, 0.00012027797611420428], 'acc': [0.0, 0.0, 0.0, 0.0, 0.0, 0.0, 0.0, 0.0, 0.0, 0.0, 0.0, 0.0, 0.0, 0.0, 0.0, 0.0, 0.0, 0.0, 0.0, 0.0, 0.0, 0.0, 0.0, 0.0, 0.0, 0.0, 0.0, 0.0, 0.0, 0.0, 0.0, 0.0, 0.0, 0.0, 0.0, 0.0, 0.0, 0.0, 0.0, 0.0, 0.0, 0.0, 0.0, 0.0, 0.0, 0.0, 0.0, 0.0, 0.0, 0.0]}
[2017-12-14 02:54:56,046 AE_BIGRAMA_1L_MINIDS_OVER_F1_1.py:129]: evaluating model ... 
[2017-12-14 02:55:04,066 AE_BIGRAMA_1L_MINIDS_OVER_F1_1.py:133]: evaluated! 
[2017-12-14 02:55:04,077 AE_BIGRAMA_1L_MINIDS_OVER_F1_1.py:135]: generating reports ... 
[2017-12-14 02:55:07,702 AE_BIGRAMA_1L_MINIDS_OVER_F1_1.py:138]: done!
[2017-12-14 02:55:07,703 AE_BIGRAMA_1L_MINIDS_OVER_F1_1.py:154]: >> experiment AE_BIGRAMA_1L_MINIDS_OVER_F1_1 finished!
