[2017-12-13 22:14:58,850 AE_BIGRAMA_1L_MINIDS_UNDER_F0_2.py:145]: >> Initializing execution of experiment AE_BIGRAMA_1L_MINIDS_UNDER_F0_2
[2017-12-13 22:14:58,850 AE_BIGRAMA_1L_MINIDS_UNDER_F0_2.py:146]: >> Printing header log
[2017-12-13 22:14:58,850 AE_BIGRAMA_1L_MINIDS_UNDER_F0_2.py:35]: 
	=======================================
	network_name = AE_BIGRAMA_1L_MINIDS_UNDER_F0_2
	layers = 9216,1843
	using GLOBAL obj = 
		{'numpy_seed': 666, 'log_format': '[%(asctime)s %(filename)s:%(lineno)s]: %(message)s', 'log_dir': '/home/dhiegorp/deepnn/logs/1layer/bigram/', 'reports_dir': '/home/dhiegorp/deepnn/reports/1layer/bigram/', 'fullds_reports_dir': '/home/dhiegorp/deepnn/reports/1layer/bigram/fullds/', 'tensorflow_dir': '/home/dhiegorp/deepnn/tensorflow/1layer/bigram/', 'checkpoints_dir': '/home/dhiegorp/deepnn/checkpoints/1layer/bigram/', 'executed_path': '/home/dhiegorp/deepnn/executed/1layer/bigram/', 'data_dir': '/home/dhiegorp/malware_dataset/', 'fullds_data_dir': '/home/dhiegorp/malware_dataset/', 'data_target_list': [1, 2, 3, 4, 5, 6, 7, 8, 9], 'epochs': 50, 'batch': 32, 'store_history': True, 'shuffle_batches': True, 'autoencoder_configs': {'hidden_layer_activation': 'relu', 'output_layer_activation': 'relu', 'loss_function': 'mse', 'optimizer': <keras.optimizers.SGD object at 0x7f24e7e66eb8>, 'discard_decoder_function': True}, 'mlp_configs': {'activation': 'sigmoid', 'loss_function': 'categorical_crossentropy', 'optimizer': <keras.optimizers.SGD object at 0x7f24e7e49400>, 'use_last_dim_as_classifier': False, 'classifier_dim': 9}}
	=======================================
	
[2017-12-13 22:14:58,850 AE_BIGRAMA_1L_MINIDS_UNDER_F0_2.py:148]: >> Loading dataset... 
[2017-12-13 22:15:21,677 AE_BIGRAMA_1L_MINIDS_UNDER_F0_2.py:52]: 
	=======================================
	loading malware dataset on = /home/dhiegorp/malware_dataset/	
	trainx shape = (1228, 9216)
	trainy shape = (1228, 9)
	valx shape = (407, 9216)
	valy shape = (407, 9)
	=======================================
	
[2017-12-13 22:15:21,677 AE_BIGRAMA_1L_MINIDS_UNDER_F0_2.py:150]: >> Executing autoencoder part ... 
[2017-12-13 22:15:21,677 AE_BIGRAMA_1L_MINIDS_UNDER_F0_2.py:57]: =======================================
[2017-12-13 22:15:21,677 AE_BIGRAMA_1L_MINIDS_UNDER_F0_2.py:62]: setting configurations for autoencoder: 
	 {'hidden_layer_activation': 'relu', 'output_layer_activation': 'relu', 'loss_function': 'mse', 'optimizer': <keras.optimizers.SGD object at 0x7f24e7e66eb8>, 'discard_decoder_function': True}
[2017-12-13 22:15:21,718 AE_BIGRAMA_1L_MINIDS_UNDER_F0_2.py:73]: training and evaluate autoencoder
[2017-12-13 23:14:01,582 AE_BIGRAMA_1L_MINIDS_UNDER_F0_2.py:85]: trained and evaluated!
[2017-12-13 23:14:01,583 AE_BIGRAMA_1L_MINIDS_UNDER_F0_2.py:88]: Training history: 
{'val_loss': [0.00011136421772304703, 0.00011136261327606934, 0.00011136100040900313, 0.0001113593990726314, 0.00011135779503682577, 0.00011135618830158625, 0.00011135457266357794, 0.0001113529659283384, 0.0001113513504512235, 0.00011134974968691725, 0.00011134814670585732, 0.00011134654079296189, 0.00011134493961748359, 0.00011134333068336743, 0.00011134172165986604, 0.00011134012130673183, 0.00011133850958379654, 0.00011133690751446594, 0.0001113352935032688, 0.00011133366903399989, 0.00011133206614232519, 0.00011133046055121658, 0.00011132884507410168, 0.0001113272251813565, 0.00011132560398358696, 0.00011132399512097899, 0.00011132238218240458, 0.00011132076613322422, 0.00011131915326615801, 0.00011131754081026383, 0.00011131592565493576, 0.00011131430862251788, 0.00011131269714986123, 0.00011131107865152561, 0.00011130947633191636, 0.00011130786060452282, 0.00011130624013971217, 0.00011130462752292459, 0.00011130301318994062, 0.00011130140457761128, 0.00011129980438537049, 0.00011129819380656612, 0.00011129658919869503, 0.00011129498026457887, 0.0001112933731181673, 0.00011129175935724878, 0.00011129014731252667, 0.0001112885312633463, 0.00011128692436721337, 0.00011128530431357475], 'val_acc': [0.0, 0.0, 0.0, 0.0, 0.0, 0.0, 0.0, 0.0, 0.0, 0.0, 0.0, 0.0, 0.0, 0.0, 0.0, 0.0, 0.0, 0.0, 0.0, 0.0, 0.0, 0.0, 0.0, 0.0, 0.0, 0.0, 0.0, 0.0, 0.0, 0.0, 0.0, 0.0, 0.0, 0.0, 0.0, 0.0, 0.0, 0.0, 0.0, 0.0, 0.0, 0.0, 0.0, 0.0, 0.0, 0.0, 0.0, 0.0, 0.0, 0.0], 'loss': [0.0001119951456521656, 0.00011199348822694139, 0.0001119918351862519, 0.00011199017994144494, 0.00011198852874937009, 0.00011198687480807347, 0.00011198521887596108, 0.00011198355488578489, 0.00011198189473503909, 0.00011198023802082051, 0.00011197858642584247, 0.00011197693705868206, 0.00011197527901725297, 0.00011197362329844227, 0.00011197196506741169, 0.00011197030688378146, 0.00011196865675821505, 0.00011196700165560924, 0.00011196534593679854, 0.00011196368697106213, 0.00011196201705583902, 0.00011196037273681859, 0.00011195872396216288, 0.00011195705885807786, 0.00011195539491530205, 0.00011195372869730821, 0.00011195207477971178, 0.00011195041998520839, 0.00011194875533142694, 0.00011194709811950443, 0.00011194544308799917, 0.00011194378675298358, 0.00011194212195700101, 0.0001119404676128012, 0.00011193880383592669, 0.00011193715506127098, 0.00011193549393881749, 0.00011193383156025406, 0.00011193217280781934, 0.00011193051144836397, 0.00011192885753076754, 0.00011192721299844542, 0.00011192555877274655, 0.00011192390760437189, 0.00011192225316537132, 0.00011192060228139891, 0.00011191894096934391, 0.00011191728337821838, 0.00011191562126035702, 0.00011191396414323524], 'acc': [0.0, 0.0, 0.0, 0.0, 0.0, 0.0, 0.0, 0.0, 0.0, 0.0, 0.0, 0.0, 0.0, 0.0, 0.0, 0.0, 0.0, 0.0, 0.0, 0.0, 0.0, 0.0, 0.0, 0.0, 0.0, 0.0, 0.0, 0.0, 0.0, 0.0, 0.0, 0.0, 0.0, 0.0, 0.0, 0.0, 0.0, 0.0, 0.0, 0.0, 0.0, 0.0, 0.0, 0.0, 0.0, 0.0, 0.0, 0.0, 0.0, 0.0]}
[2017-12-13 23:14:01,584 AE_BIGRAMA_1L_MINIDS_UNDER_F0_2.py:92]: done!
[2017-12-13 23:14:01,584 AE_BIGRAMA_1L_MINIDS_UNDER_F0_2.py:152]: >> Executing classifier part ... 
[2017-12-13 23:14:01,584 AE_BIGRAMA_1L_MINIDS_UNDER_F0_2.py:97]: =======================================
[2017-12-13 23:14:01,585 AE_BIGRAMA_1L_MINIDS_UNDER_F0_2.py:101]: setting configurations for classifier: 
	 {'activation': 'sigmoid', 'loss_function': 'categorical_crossentropy', 'optimizer': <keras.optimizers.SGD object at 0x7f24e7e49400>, 'use_last_dim_as_classifier': False, 'classifier_dim': 9}
[2017-12-13 23:14:01,733 AE_BIGRAMA_1L_MINIDS_UNDER_F0_2.py:110]: training ... 
[2017-12-13 23:46:25,455 AE_BIGRAMA_1L_MINIDS_UNDER_F0_2.py:122]: trained!
[2017-12-13 23:46:25,457 AE_BIGRAMA_1L_MINIDS_UNDER_F0_2.py:125]: Training history: 
{'val_loss': [0.00011136421772304703, 0.00011136261327606934, 0.00011136100040900313, 0.0001113593990726314, 0.00011135779503682577, 0.00011135618830158625, 0.00011135457266357794, 0.0001113529659283384, 0.0001113513504512235, 0.00011134974968691725, 0.00011134814670585732, 0.00011134654079296189, 0.00011134493961748359, 0.00011134333068336743, 0.00011134172165986604, 0.00011134012130673183, 0.00011133850958379654, 0.00011133690751446594, 0.0001113352935032688, 0.00011133366903399989, 0.00011133206614232519, 0.00011133046055121658, 0.00011132884507410168, 0.0001113272251813565, 0.00011132560398358696, 0.00011132399512097899, 0.00011132238218240458, 0.00011132076613322422, 0.00011131915326615801, 0.00011131754081026383, 0.00011131592565493576, 0.00011131430862251788, 0.00011131269714986123, 0.00011131107865152561, 0.00011130947633191636, 0.00011130786060452282, 0.00011130624013971217, 0.00011130462752292459, 0.00011130301318994062, 0.00011130140457761128, 0.00011129980438537049, 0.00011129819380656612, 0.00011129658919869503, 0.00011129498026457887, 0.0001112933731181673, 0.00011129175935724878, 0.00011129014731252667, 0.0001112885312633463, 0.00011128692436721337, 0.00011128530431357475], 'val_acc': [0.0, 0.0, 0.0, 0.0, 0.0, 0.0, 0.0, 0.0, 0.0, 0.0, 0.0, 0.0, 0.0, 0.0, 0.0, 0.0, 0.0, 0.0, 0.0, 0.0, 0.0, 0.0, 0.0, 0.0, 0.0, 0.0, 0.0, 0.0, 0.0, 0.0, 0.0, 0.0, 0.0, 0.0, 0.0, 0.0, 0.0, 0.0, 0.0, 0.0, 0.0, 0.0, 0.0, 0.0, 0.0, 0.0, 0.0, 0.0, 0.0, 0.0], 'loss': [0.0001119951456521656, 0.00011199348822694139, 0.0001119918351862519, 0.00011199017994144494, 0.00011198852874937009, 0.00011198687480807347, 0.00011198521887596108, 0.00011198355488578489, 0.00011198189473503909, 0.00011198023802082051, 0.00011197858642584247, 0.00011197693705868206, 0.00011197527901725297, 0.00011197362329844227, 0.00011197196506741169, 0.00011197030688378146, 0.00011196865675821505, 0.00011196700165560924, 0.00011196534593679854, 0.00011196368697106213, 0.00011196201705583902, 0.00011196037273681859, 0.00011195872396216288, 0.00011195705885807786, 0.00011195539491530205, 0.00011195372869730821, 0.00011195207477971178, 0.00011195041998520839, 0.00011194875533142694, 0.00011194709811950443, 0.00011194544308799917, 0.00011194378675298358, 0.00011194212195700101, 0.0001119404676128012, 0.00011193880383592669, 0.00011193715506127098, 0.00011193549393881749, 0.00011193383156025406, 0.00011193217280781934, 0.00011193051144836397, 0.00011192885753076754, 0.00011192721299844542, 0.00011192555877274655, 0.00011192390760437189, 0.00011192225316537132, 0.00011192060228139891, 0.00011191894096934391, 0.00011191728337821838, 0.00011191562126035702, 0.00011191396414323524], 'acc': [0.0, 0.0, 0.0, 0.0, 0.0, 0.0, 0.0, 0.0, 0.0, 0.0, 0.0, 0.0, 0.0, 0.0, 0.0, 0.0, 0.0, 0.0, 0.0, 0.0, 0.0, 0.0, 0.0, 0.0, 0.0, 0.0, 0.0, 0.0, 0.0, 0.0, 0.0, 0.0, 0.0, 0.0, 0.0, 0.0, 0.0, 0.0, 0.0, 0.0, 0.0, 0.0, 0.0, 0.0, 0.0, 0.0, 0.0, 0.0, 0.0, 0.0]}
[2017-12-13 23:46:25,490 AE_BIGRAMA_1L_MINIDS_UNDER_F0_2.py:129]: evaluating model ... 
[2017-12-13 23:46:30,762 AE_BIGRAMA_1L_MINIDS_UNDER_F0_2.py:133]: evaluated! 
[2017-12-13 23:46:30,763 AE_BIGRAMA_1L_MINIDS_UNDER_F0_2.py:135]: generating reports ... 
[2017-12-13 23:46:33,864 AE_BIGRAMA_1L_MINIDS_UNDER_F0_2.py:138]: done!
[2017-12-13 23:46:33,865 AE_BIGRAMA_1L_MINIDS_UNDER_F0_2.py:154]: >> experiment AE_BIGRAMA_1L_MINIDS_UNDER_F0_2 finished!
