[2017-12-13 22:14:58,844 AE_BIGRAMA_1L_MINIDS_UNDER_F0_9.py:145]: >> Initializing execution of experiment AE_BIGRAMA_1L_MINIDS_UNDER_F0_9
[2017-12-13 22:14:58,844 AE_BIGRAMA_1L_MINIDS_UNDER_F0_9.py:146]: >> Printing header log
[2017-12-13 22:14:58,844 AE_BIGRAMA_1L_MINIDS_UNDER_F0_9.py:35]: 
	=======================================
	network_name = AE_BIGRAMA_1L_MINIDS_UNDER_F0_9
	layers = 9216,8294
	using GLOBAL obj = 
		{'numpy_seed': 666, 'log_format': '[%(asctime)s %(filename)s:%(lineno)s]: %(message)s', 'log_dir': '/home/dhiegorp/deepnn/logs/1layer/bigram/', 'reports_dir': '/home/dhiegorp/deepnn/reports/1layer/bigram/', 'fullds_reports_dir': '/home/dhiegorp/deepnn/reports/1layer/bigram/fullds/', 'tensorflow_dir': '/home/dhiegorp/deepnn/tensorflow/1layer/bigram/', 'checkpoints_dir': '/home/dhiegorp/deepnn/checkpoints/1layer/bigram/', 'executed_path': '/home/dhiegorp/deepnn/executed/1layer/bigram/', 'data_dir': '/home/dhiegorp/malware_dataset/', 'fullds_data_dir': '/home/dhiegorp/malware_dataset/', 'data_target_list': [1, 2, 3, 4, 5, 6, 7, 8, 9], 'epochs': 50, 'batch': 32, 'store_history': True, 'shuffle_batches': True, 'autoencoder_configs': {'hidden_layer_activation': 'relu', 'output_layer_activation': 'relu', 'loss_function': 'mse', 'optimizer': <keras.optimizers.SGD object at 0x7f7bbe2b6ef0>, 'discard_decoder_function': True}, 'mlp_configs': {'activation': 'sigmoid', 'loss_function': 'categorical_crossentropy', 'optimizer': <keras.optimizers.SGD object at 0x7f7bbe29a438>, 'use_last_dim_as_classifier': False, 'classifier_dim': 9}}
	=======================================
	
[2017-12-13 22:14:58,844 AE_BIGRAMA_1L_MINIDS_UNDER_F0_9.py:148]: >> Loading dataset... 
[2017-12-13 22:15:21,039 AE_BIGRAMA_1L_MINIDS_UNDER_F0_9.py:52]: 
	=======================================
	loading malware dataset on = /home/dhiegorp/malware_dataset/	
	trainx shape = (1228, 9216)
	trainy shape = (1228, 9)
	valx shape = (407, 9216)
	valy shape = (407, 9)
	=======================================
	
[2017-12-13 22:15:21,039 AE_BIGRAMA_1L_MINIDS_UNDER_F0_9.py:150]: >> Executing autoencoder part ... 
[2017-12-13 22:15:21,039 AE_BIGRAMA_1L_MINIDS_UNDER_F0_9.py:57]: =======================================
[2017-12-13 22:15:21,040 AE_BIGRAMA_1L_MINIDS_UNDER_F0_9.py:62]: setting configurations for autoencoder: 
	 {'hidden_layer_activation': 'relu', 'output_layer_activation': 'relu', 'loss_function': 'mse', 'optimizer': <keras.optimizers.SGD object at 0x7f7bbe2b6ef0>, 'discard_decoder_function': True}
[2017-12-13 22:15:21,083 AE_BIGRAMA_1L_MINIDS_UNDER_F0_9.py:73]: training and evaluate autoencoder
[2017-12-14 01:02:52,030 AE_BIGRAMA_1L_MINIDS_UNDER_F0_9.py:85]: trained and evaluated!
[2017-12-14 01:02:52,031 AE_BIGRAMA_1L_MINIDS_UNDER_F0_9.py:88]: Training history: 
{'val_loss': [0.00011947570047289802, 0.00011947026971243642, 0.0001194648403463844, 0.00011945934059840332, 0.00011945380128852003, 0.00011944820811509793, 0.0001194426039830468, 0.00011943698808789959, 0.00011943139663067388, 0.00011942576872215192, 0.00011942014301250659, 0.0001194145209140245, 0.00011940881264818196, 0.00011940312547725339, 0.00011939740716451115, 0.0001193916555825868, 0.00011938585192482822, 0.0001193800212012224, 0.00011937423781603368, 0.00011936843113705437, 0.00011936263459436001, 0.00011935681785060395, 0.00011935096849911648, 0.0001193450805689643, 0.00011933920147007271, 0.00011933327889420591, 0.00011932730881902858, 0.00011932126412506236, 0.00011931520806129505, 0.00011930909895633304, 0.00011930300177536053, 0.00011929684427723572, 0.00011929069657573197, 0.00011928453349996888, 0.00011927836168233044, 0.00011927216110052541, 0.00011926587352901582, 0.00011925960746359226, 0.00011925335627187076, 0.00011924706936181186, 0.00011924075890768374, 0.00011923445319097274, 0.00011922810496264698, 0.0001192217438270942, 0.00011921532130176636, 0.00011920888962339111, 0.00011920247322988995, 0.00011919601244768426, 0.00011918950180639799, 0.00011918301528124642], 'val_acc': [0.0, 0.0, 0.0, 0.0, 0.0, 0.0, 0.0, 0.0, 0.0, 0.0, 0.0, 0.0, 0.0, 0.0, 0.0, 0.0, 0.0, 0.0, 0.0, 0.0, 0.0, 0.0, 0.0, 0.0, 0.0, 0.0, 0.0, 0.0, 0.0, 0.0, 0.0, 0.0, 0.0, 0.0, 0.0, 0.0, 0.0, 0.0, 0.0, 0.0, 0.0, 0.0, 0.0, 0.0, 0.0, 0.0, 0.0, 0.0, 0.0, 0.0], 'loss': [0.00012033971624068934, 0.00012033446053447238, 0.00012032913920243577, 0.00012032379296150191, 0.000120318384578676, 0.00012031293832295019, 0.00012030746751382996, 0.00012030197362072693, 0.00012029648084153273, 0.00012029100498427252, 0.00012028547767390488, 0.00012027995576718003, 0.00012027444590015052, 0.00012026887005179853, 0.00012026330612464095, 0.00012025770731080712, 0.00012025206659504149, 0.00012024638734277071, 0.00012024068095378505, 0.0001202350152817218, 0.00012022932344465137, 0.00012022363146537981, 0.00012021791604662265, 0.00012021216730540164, 0.00012020640308795807, 0.00012020065441783761, 0.00012019485694903073, 0.00012018903303081442, 0.00012018314469548804, 0.00012017722261109441, 0.00012017125215461775, 0.00012016527984952645, 0.00012015923310214569, 0.00012015320412990567, 0.00012014715235808512, 0.00012014109662833324, 0.00012013501864410513, 0.00012012884491111882, 0.00012012267430655731, 0.00012011650012326745, 0.00012011027787599701, 0.00012010401683151935, 0.00012009773663729005, 0.00012009142221998975, 0.00012008508218278659, 0.00012007869815803513, 0.00012007229107300104, 0.00012006589379984467, 0.00012005942867305099, 0.00012005291140584445], 'acc': [0.0, 0.0, 0.0, 0.0, 0.0, 0.0, 0.0, 0.0, 0.0, 0.0, 0.0, 0.0, 0.0, 0.0, 0.0, 0.0, 0.0, 0.0, 0.0, 0.0, 0.0, 0.0, 0.0, 0.0, 0.0, 0.0, 0.0, 0.0, 0.0, 0.0, 0.0, 0.0, 0.0, 0.0, 0.0, 0.0, 0.0, 0.0, 0.0, 0.0, 0.0, 0.0, 0.0, 0.0, 0.0, 0.0, 0.0, 0.0, 0.0, 0.0]}
[2017-12-14 01:02:52,032 AE_BIGRAMA_1L_MINIDS_UNDER_F0_9.py:92]: done!
[2017-12-14 01:02:52,032 AE_BIGRAMA_1L_MINIDS_UNDER_F0_9.py:152]: >> Executing classifier part ... 
[2017-12-14 01:02:52,032 AE_BIGRAMA_1L_MINIDS_UNDER_F0_9.py:97]: =======================================
[2017-12-14 01:02:52,033 AE_BIGRAMA_1L_MINIDS_UNDER_F0_9.py:101]: setting configurations for classifier: 
	 {'activation': 'sigmoid', 'loss_function': 'categorical_crossentropy', 'optimizer': <keras.optimizers.SGD object at 0x7f7bbe29a438>, 'use_last_dim_as_classifier': False, 'classifier_dim': 9}
[2017-12-14 01:02:52,477 AE_BIGRAMA_1L_MINIDS_UNDER_F0_9.py:110]: training ... 
[2017-12-14 02:21:23,466 AE_BIGRAMA_1L_MINIDS_UNDER_F0_9.py:122]: trained!
[2017-12-14 02:21:23,468 AE_BIGRAMA_1L_MINIDS_UNDER_F0_9.py:125]: Training history: 
{'val_loss': [0.00011947570047289802, 0.00011947026971243642, 0.0001194648403463844, 0.00011945934059840332, 0.00011945380128852003, 0.00011944820811509793, 0.0001194426039830468, 0.00011943698808789959, 0.00011943139663067388, 0.00011942576872215192, 0.00011942014301250659, 0.0001194145209140245, 0.00011940881264818196, 0.00011940312547725339, 0.00011939740716451115, 0.0001193916555825868, 0.00011938585192482822, 0.0001193800212012224, 0.00011937423781603368, 0.00011936843113705437, 0.00011936263459436001, 0.00011935681785060395, 0.00011935096849911648, 0.0001193450805689643, 0.00011933920147007271, 0.00011933327889420591, 0.00011932730881902858, 0.00011932126412506236, 0.00011931520806129505, 0.00011930909895633304, 0.00011930300177536053, 0.00011929684427723572, 0.00011929069657573197, 0.00011928453349996888, 0.00011927836168233044, 0.00011927216110052541, 0.00011926587352901582, 0.00011925960746359226, 0.00011925335627187076, 0.00011924706936181186, 0.00011924075890768374, 0.00011923445319097274, 0.00011922810496264698, 0.0001192217438270942, 0.00011921532130176636, 0.00011920888962339111, 0.00011920247322988995, 0.00011919601244768426, 0.00011918950180639799, 0.00011918301528124642], 'val_acc': [0.0, 0.0, 0.0, 0.0, 0.0, 0.0, 0.0, 0.0, 0.0, 0.0, 0.0, 0.0, 0.0, 0.0, 0.0, 0.0, 0.0, 0.0, 0.0, 0.0, 0.0, 0.0, 0.0, 0.0, 0.0, 0.0, 0.0, 0.0, 0.0, 0.0, 0.0, 0.0, 0.0, 0.0, 0.0, 0.0, 0.0, 0.0, 0.0, 0.0, 0.0, 0.0, 0.0, 0.0, 0.0, 0.0, 0.0, 0.0, 0.0, 0.0], 'loss': [0.00012033971624068934, 0.00012033446053447238, 0.00012032913920243577, 0.00012032379296150191, 0.000120318384578676, 0.00012031293832295019, 0.00012030746751382996, 0.00012030197362072693, 0.00012029648084153273, 0.00012029100498427252, 0.00012028547767390488, 0.00012027995576718003, 0.00012027444590015052, 0.00012026887005179853, 0.00012026330612464095, 0.00012025770731080712, 0.00012025206659504149, 0.00012024638734277071, 0.00012024068095378505, 0.0001202350152817218, 0.00012022932344465137, 0.00012022363146537981, 0.00012021791604662265, 0.00012021216730540164, 0.00012020640308795807, 0.00012020065441783761, 0.00012019485694903073, 0.00012018903303081442, 0.00012018314469548804, 0.00012017722261109441, 0.00012017125215461775, 0.00012016527984952645, 0.00012015923310214569, 0.00012015320412990567, 0.00012014715235808512, 0.00012014109662833324, 0.00012013501864410513, 0.00012012884491111882, 0.00012012267430655731, 0.00012011650012326745, 0.00012011027787599701, 0.00012010401683151935, 0.00012009773663729005, 0.00012009142221998975, 0.00012008508218278659, 0.00012007869815803513, 0.00012007229107300104, 0.00012006589379984467, 0.00012005942867305099, 0.00012005291140584445], 'acc': [0.0, 0.0, 0.0, 0.0, 0.0, 0.0, 0.0, 0.0, 0.0, 0.0, 0.0, 0.0, 0.0, 0.0, 0.0, 0.0, 0.0, 0.0, 0.0, 0.0, 0.0, 0.0, 0.0, 0.0, 0.0, 0.0, 0.0, 0.0, 0.0, 0.0, 0.0, 0.0, 0.0, 0.0, 0.0, 0.0, 0.0, 0.0, 0.0, 0.0, 0.0, 0.0, 0.0, 0.0, 0.0, 0.0, 0.0, 0.0, 0.0, 0.0]}
[2017-12-14 02:21:23,468 AE_BIGRAMA_1L_MINIDS_UNDER_F0_9.py:129]: evaluating model ... 
[2017-12-14 02:21:31,275 AE_BIGRAMA_1L_MINIDS_UNDER_F0_9.py:133]: evaluated! 
[2017-12-14 02:21:31,276 AE_BIGRAMA_1L_MINIDS_UNDER_F0_9.py:135]: generating reports ... 
[2017-12-14 02:21:34,566 AE_BIGRAMA_1L_MINIDS_UNDER_F0_9.py:138]: done!
[2017-12-14 02:21:34,568 AE_BIGRAMA_1L_MINIDS_UNDER_F0_9.py:154]: >> experiment AE_BIGRAMA_1L_MINIDS_UNDER_F0_9 finished!
