[2017-12-11 23:21:31,958 AE_BIGRAMA_1L_MINIDS_OVER_F1_0.py:145]: >> Initializing execution of experiment AE_BIGRAMA_1L_MINIDS_OVER_F1_0
[2017-12-11 23:21:31,958 AE_BIGRAMA_1L_MINIDS_OVER_F1_0.py:146]: >> Printing header log
[2017-12-11 23:21:31,959 AE_BIGRAMA_1L_MINIDS_OVER_F1_0.py:35]: 
	=======================================
	network_name = AE_BIGRAMA_1L_MINIDS_OVER_F1_0
	layers = 9216,9216
	using GLOBAL obj = 
		{'numpy_seed': 666, 'log_format': '[%(asctime)s %(filename)s:%(lineno)s]: %(message)s', 'log_dir': '/home/dhiegorp/deepnn/logs/1layer/bigram/', 'reports_dir': '/home/dhiegorp/deepnn/reports/1layer/bigram/', 'fullds_reports_dir': '/home/dhiegorp/deepnn/reports/1layer/bigram/fullds/', 'tensorflow_dir': '/home/dhiegorp/deepnn/tensorflow/1layer/bigram/', 'checkpoints_dir': '/home/dhiegorp/deepnn/checkpoints/1layer/bigram/', 'executed_path': '/home/dhiegorp/deepnn/executed/1layer/bigram/', 'data_dir': '/home/dhiegorp/malware_dataset/', 'fullds_data_dir': '/home/dhiegorp/malware_dataset/', 'data_target_list': [1, 2, 3, 4, 5, 6, 7, 8, 9], 'epochs': 50, 'batch': 32, 'store_history': True, 'shuffle_batches': True, 'autoencoder_configs': {'hidden_layer_activation': 'relu', 'output_layer_activation': 'relu', 'loss_function': 'mse', 'optimizer': <keras.optimizers.SGD object at 0x7f1c7a6cfbe0>, 'discard_decoder_function': True}, 'mlp_configs': {'activation': 'sigmoid', 'loss_function': 'categorical_crossentropy', 'optimizer': <keras.optimizers.SGD object at 0x7f1c7a6cf470>, 'use_last_dim_as_classifier': False, 'classifier_dim': 9}}
	=======================================
	
[2017-12-11 23:21:31,959 AE_BIGRAMA_1L_MINIDS_OVER_F1_0.py:148]: >> Loading dataset... 
[2017-12-11 23:21:53,205 AE_BIGRAMA_1L_MINIDS_OVER_F1_0.py:52]: 
	=======================================
	loading malware dataset on = /home/dhiegorp/malware_dataset/	
	trainx shape = (1228, 9216)
	trainy shape = (1228, 9)
	valx shape = (407, 9216)
	valy shape = (407, 9)
	=======================================
	
[2017-12-11 23:21:53,206 AE_BIGRAMA_1L_MINIDS_OVER_F1_0.py:150]: >> Executing autoencoder part ... 
[2017-12-11 23:21:53,206 AE_BIGRAMA_1L_MINIDS_OVER_F1_0.py:57]: =======================================
[2017-12-11 23:21:53,206 AE_BIGRAMA_1L_MINIDS_OVER_F1_0.py:62]: setting configurations for autoencoder: 
	 {'hidden_layer_activation': 'relu', 'output_layer_activation': 'relu', 'loss_function': 'mse', 'optimizer': <keras.optimizers.SGD object at 0x7f1c7a6cfbe0>, 'discard_decoder_function': True}
[2017-12-11 23:21:53,258 AE_BIGRAMA_1L_MINIDS_OVER_F1_0.py:73]: training and evaluate autoencoder
[2017-12-11 23:52:50,580 AE_BIGRAMA_1L_MINIDS_OVER_F1_0.py:85]: trained and evaluated!
[2017-12-11 23:52:50,582 AE_BIGRAMA_1L_MINIDS_OVER_F1_0.py:88]: Training history: 
{'val_loss': [0.00011883933810489733, 0.00011883087015950467, 0.00011882234114612377, 0.00011881388070909032, 0.00011880547243727632, 0.00011879703391750094, 0.0001187885644168053, 0.00011878014053833037, 0.00011877164012822265, 0.00011876316850015857, 0.00011875468355369541, 0.0001187461865044723, 0.0001187377251914636, 0.00011872924482152415, 0.00011872077900349993, 0.00011871232700443206, 0.00011870382432393954, 0.00011869541556944531, 0.00011868690847332248, 0.00011867841119169777, 0.0001186699126765569, 0.00011866139054583861, 0.00011865291303622649, 0.00011864447542818044, 0.00011863594732652887, 0.00011862747832639051, 0.00011861900875418669, 0.00011861048458548519, 0.0001186019964569079, 0.0001185935181428287, 0.0001185850648387365, 0.00011857659583859814, 0.00011856812651667296, 0.00011855963937133317, 0.00011855115721368915, 0.00011854268118787182, 0.00011853418431741916, 0.00011852573011947467, 0.00011851728083771775, 0.00011850878470022396, 0.00011850029355042593, 0.0001184918334709334, 0.00011848335916131245, 0.00011847488624610107, 0.00011846642706046082, 0.0001184579214481328, 0.00011844946063568138, 0.00011844101485782543, 0.000118432584132442, 0.00011842413476129985], 'val_acc': [0.0, 0.0, 0.0, 0.0, 0.0, 0.0, 0.0, 0.0, 0.0, 0.0, 0.0, 0.0, 0.0, 0.0, 0.0, 0.0, 0.0, 0.0, 0.0, 0.0, 0.0, 0.0, 0.0, 0.0, 0.0, 0.0, 0.0, 0.0, 0.0, 0.0, 0.0, 0.0, 0.0, 0.0, 0.0, 0.0, 0.0, 0.0, 0.0, 0.0, 0.0, 0.0, 0.0, 0.0, 0.0, 0.0, 0.0, 0.0, 0.0, 0.0], 'loss': [0.00011959743072375115, 0.0001195887505537178, 0.0001195800340038964, 0.00011957126931899382, 0.00011956256054283396, 0.00011955391054313952, 0.00011954522587007051, 0.00011953650704503109, 0.00011952783754008218, 0.00011951909269223669, 0.00011951036689934208, 0.00011950163314318443, 0.00011949290547797499, 0.00011948421720247746, 0.0001194755220776257, 0.00011946682576776455, 0.00011945815422459952, 0.00011944942423677169, 0.00011944079279432419, 0.00011943206579272002, 0.00011942334338895224, 0.000119414617643458, 0.00011940587767785117, 0.00011939717591694687, 0.00011938851150753831, 0.00011937975855422865, 0.00011937106359527819, 0.00011936237152775064, 0.00011935363141994268, 0.00011934492174317568, 0.00011933622095397907, 0.00011932755090392586, 0.00011931886466664448, 0.00011931017477953418, 0.00011930146311195143, 0.00011929276301006025, 0.00011928406615509478, 0.00011927535202269252, 0.00011926668498256314, 0.00011925801874824015, 0.00011924930620375043, 0.00011924060612555946, 0.00011923192742493775, 0.0001192232374430267, 0.0001192145502577378, 0.00011920587297912736, 0.00011919715126266502, 0.00011918847794198591, 0.00011917981078335561, 0.00011917117059553885], 'acc': [0.0, 0.0, 0.0, 0.0, 0.0, 0.0, 0.0, 0.0, 0.0, 0.0, 0.0, 0.0, 0.0, 0.0, 0.0, 0.0, 0.0, 0.0, 0.0, 0.0, 0.0, 0.0, 0.0, 0.0, 0.0, 0.0, 0.0, 0.0, 0.0, 0.0, 0.0, 0.0, 0.0, 0.0, 0.0, 0.0, 0.0, 0.00081433224755700329, 0.00081433227182599538, 0.00081433224755700329, 0.00081433224755700329, 0.00081433224755700329, 0.00081433224755700329, 0.00081433224755700329, 0.00081433224755700329, 0.00081433224755700329, 0.00081433224755700329, 0.00081433224755700329, 0.00081433224755700329, 0.00081433224755700329]}
[2017-12-11 23:52:50,582 AE_BIGRAMA_1L_MINIDS_OVER_F1_0.py:92]: done!
[2017-12-11 23:52:50,582 AE_BIGRAMA_1L_MINIDS_OVER_F1_0.py:152]: >> Executing classifier part ... 
[2017-12-11 23:52:50,582 AE_BIGRAMA_1L_MINIDS_OVER_F1_0.py:97]: =======================================
[2017-12-11 23:52:50,582 AE_BIGRAMA_1L_MINIDS_OVER_F1_0.py:101]: setting configurations for classifier: 
	 {'activation': 'sigmoid', 'loss_function': 'categorical_crossentropy', 'optimizer': <keras.optimizers.SGD object at 0x7f1c7a6cf470>, 'use_last_dim_as_classifier': False, 'classifier_dim': 9}
[2017-12-11 23:52:50,643 AE_BIGRAMA_1L_MINIDS_OVER_F1_0.py:110]: training ... 
[2017-12-12 00:08:06,366 AE_BIGRAMA_1L_MINIDS_OVER_F1_0.py:122]: trained!
[2017-12-12 00:08:06,366 AE_BIGRAMA_1L_MINIDS_OVER_F1_0.py:125]: Training history: 
{'val_loss': [0.00011883933810489733, 0.00011883087015950467, 0.00011882234114612377, 0.00011881388070909032, 0.00011880547243727632, 0.00011879703391750094, 0.0001187885644168053, 0.00011878014053833037, 0.00011877164012822265, 0.00011876316850015857, 0.00011875468355369541, 0.0001187461865044723, 0.0001187377251914636, 0.00011872924482152415, 0.00011872077900349993, 0.00011871232700443206, 0.00011870382432393954, 0.00011869541556944531, 0.00011868690847332248, 0.00011867841119169777, 0.0001186699126765569, 0.00011866139054583861, 0.00011865291303622649, 0.00011864447542818044, 0.00011863594732652887, 0.00011862747832639051, 0.00011861900875418669, 0.00011861048458548519, 0.0001186019964569079, 0.0001185935181428287, 0.0001185850648387365, 0.00011857659583859814, 0.00011856812651667296, 0.00011855963937133317, 0.00011855115721368915, 0.00011854268118787182, 0.00011853418431741916, 0.00011852573011947467, 0.00011851728083771775, 0.00011850878470022396, 0.00011850029355042593, 0.0001184918334709334, 0.00011848335916131245, 0.00011847488624610107, 0.00011846642706046082, 0.0001184579214481328, 0.00011844946063568138, 0.00011844101485782543, 0.000118432584132442, 0.00011842413476129985], 'val_acc': [0.0, 0.0, 0.0, 0.0, 0.0, 0.0, 0.0, 0.0, 0.0, 0.0, 0.0, 0.0, 0.0, 0.0, 0.0, 0.0, 0.0, 0.0, 0.0, 0.0, 0.0, 0.0, 0.0, 0.0, 0.0, 0.0, 0.0, 0.0, 0.0, 0.0, 0.0, 0.0, 0.0, 0.0, 0.0, 0.0, 0.0, 0.0, 0.0, 0.0, 0.0, 0.0, 0.0, 0.0, 0.0, 0.0, 0.0, 0.0, 0.0, 0.0], 'loss': [0.00011959743072375115, 0.0001195887505537178, 0.0001195800340038964, 0.00011957126931899382, 0.00011956256054283396, 0.00011955391054313952, 0.00011954522587007051, 0.00011953650704503109, 0.00011952783754008218, 0.00011951909269223669, 0.00011951036689934208, 0.00011950163314318443, 0.00011949290547797499, 0.00011948421720247746, 0.0001194755220776257, 0.00011946682576776455, 0.00011945815422459952, 0.00011944942423677169, 0.00011944079279432419, 0.00011943206579272002, 0.00011942334338895224, 0.000119414617643458, 0.00011940587767785117, 0.00011939717591694687, 0.00011938851150753831, 0.00011937975855422865, 0.00011937106359527819, 0.00011936237152775064, 0.00011935363141994268, 0.00011934492174317568, 0.00011933622095397907, 0.00011932755090392586, 0.00011931886466664448, 0.00011931017477953418, 0.00011930146311195143, 0.00011929276301006025, 0.00011928406615509478, 0.00011927535202269252, 0.00011926668498256314, 0.00011925801874824015, 0.00011924930620375043, 0.00011924060612555946, 0.00011923192742493775, 0.0001192232374430267, 0.0001192145502577378, 0.00011920587297912736, 0.00011919715126266502, 0.00011918847794198591, 0.00011917981078335561, 0.00011917117059553885], 'acc': [0.0, 0.0, 0.0, 0.0, 0.0, 0.0, 0.0, 0.0, 0.0, 0.0, 0.0, 0.0, 0.0, 0.0, 0.0, 0.0, 0.0, 0.0, 0.0, 0.0, 0.0, 0.0, 0.0, 0.0, 0.0, 0.0, 0.0, 0.0, 0.0, 0.0, 0.0, 0.0, 0.0, 0.0, 0.0, 0.0, 0.0, 0.00081433224755700329, 0.00081433227182599538, 0.00081433224755700329, 0.00081433224755700329, 0.00081433224755700329, 0.00081433224755700329, 0.00081433224755700329, 0.00081433224755700329, 0.00081433224755700329, 0.00081433224755700329, 0.00081433224755700329, 0.00081433224755700329, 0.00081433224755700329]}
[2017-12-12 00:08:06,366 AE_BIGRAMA_1L_MINIDS_OVER_F1_0.py:129]: evaluating model ... 
[2017-12-12 00:08:07,268 AE_BIGRAMA_1L_MINIDS_OVER_F1_0.py:133]: evaluated! 
[2017-12-12 00:08:07,269 AE_BIGRAMA_1L_MINIDS_OVER_F1_0.py:135]: generating reports ... 
[2017-12-12 00:08:07,787 AE_BIGRAMA_1L_MINIDS_OVER_F1_0.py:138]: done!
[2017-12-12 00:08:07,787 AE_BIGRAMA_1L_MINIDS_OVER_F1_0.py:154]: >> experiment AE_BIGRAMA_1L_MINIDS_OVER_F1_0 finished!
[2017-12-13 22:13:19,120 AE_BIGRAMA_1L_MINIDS_OVER_F1_0.py:143]: The experiment AE_BIGRAMA_1L_MINIDS_OVER_F1_0 was already executed!
[2017-12-13 22:14:58,848 AE_BIGRAMA_1L_MINIDS_OVER_F1_0.py:143]: The experiment AE_BIGRAMA_1L_MINIDS_OVER_F1_0 was already executed!
