[2017-12-13 22:14:58,909 AE_BIGRAMA_1L_MINIDS_UNDER_F0_4.py:145]: >> Initializing execution of experiment AE_BIGRAMA_1L_MINIDS_UNDER_F0_4
[2017-12-13 22:14:58,909 AE_BIGRAMA_1L_MINIDS_UNDER_F0_4.py:146]: >> Printing header log
[2017-12-13 22:14:58,909 AE_BIGRAMA_1L_MINIDS_UNDER_F0_4.py:35]: 
	=======================================
	network_name = AE_BIGRAMA_1L_MINIDS_UNDER_F0_4
	layers = 9216,3686
	using GLOBAL obj = 
		{'numpy_seed': 666, 'log_format': '[%(asctime)s %(filename)s:%(lineno)s]: %(message)s', 'log_dir': '/home/dhiegorp/deepnn/logs/1layer/bigram/', 'reports_dir': '/home/dhiegorp/deepnn/reports/1layer/bigram/', 'fullds_reports_dir': '/home/dhiegorp/deepnn/reports/1layer/bigram/fullds/', 'tensorflow_dir': '/home/dhiegorp/deepnn/tensorflow/1layer/bigram/', 'checkpoints_dir': '/home/dhiegorp/deepnn/checkpoints/1layer/bigram/', 'executed_path': '/home/dhiegorp/deepnn/executed/1layer/bigram/', 'data_dir': '/home/dhiegorp/malware_dataset/', 'fullds_data_dir': '/home/dhiegorp/malware_dataset/', 'data_target_list': [1, 2, 3, 4, 5, 6, 7, 8, 9], 'epochs': 50, 'batch': 32, 'store_history': True, 'shuffle_batches': True, 'autoencoder_configs': {'hidden_layer_activation': 'relu', 'output_layer_activation': 'relu', 'loss_function': 'mse', 'optimizer': <keras.optimizers.SGD object at 0x7f32def44eb8>, 'discard_decoder_function': True}, 'mlp_configs': {'activation': 'sigmoid', 'loss_function': 'categorical_crossentropy', 'optimizer': <keras.optimizers.SGD object at 0x7f32def27400>, 'use_last_dim_as_classifier': False, 'classifier_dim': 9}}
	=======================================
	
[2017-12-13 22:14:58,909 AE_BIGRAMA_1L_MINIDS_UNDER_F0_4.py:148]: >> Loading dataset... 
[2017-12-13 22:15:22,542 AE_BIGRAMA_1L_MINIDS_UNDER_F0_4.py:52]: 
	=======================================
	loading malware dataset on = /home/dhiegorp/malware_dataset/	
	trainx shape = (1228, 9216)
	trainy shape = (1228, 9)
	valx shape = (407, 9216)
	valy shape = (407, 9)
	=======================================
	
[2017-12-13 22:15:22,542 AE_BIGRAMA_1L_MINIDS_UNDER_F0_4.py:150]: >> Executing autoencoder part ... 
[2017-12-13 22:15:22,542 AE_BIGRAMA_1L_MINIDS_UNDER_F0_4.py:57]: =======================================
[2017-12-13 22:15:22,542 AE_BIGRAMA_1L_MINIDS_UNDER_F0_4.py:62]: setting configurations for autoencoder: 
	 {'hidden_layer_activation': 'relu', 'output_layer_activation': 'relu', 'loss_function': 'mse', 'optimizer': <keras.optimizers.SGD object at 0x7f32def44eb8>, 'discard_decoder_function': True}
[2017-12-13 22:15:22,588 AE_BIGRAMA_1L_MINIDS_UNDER_F0_4.py:73]: training and evaluate autoencoder
[2017-12-13 23:56:14,164 AE_BIGRAMA_1L_MINIDS_UNDER_F0_4.py:85]: trained and evaluated!
[2017-12-13 23:56:14,165 AE_BIGRAMA_1L_MINIDS_UNDER_F0_4.py:88]: Training history: 
{'val_loss': [0.00011650240838931557, 0.00011649991960063948, 0.00011649741878071159, 0.00011649490873622811, 0.00011649241569281513, 0.00011648991397903495, 0.00011648740940492746, 0.00011648490778053253, 0.0001164823974857704, 0.00011647988760218033, 0.00011647739627496373, 0.00011647488794667665, 0.00011647239751331234, 0.0001164699067581612, 0.0001164674119091666, 0.00011646492058195, 0.00011646242353407876, 0.0001164599379275168, 0.00011645743834110507, 0.00011645494325970887, 0.0001164524522542791, 0.00011644994964664665, 0.00011644746378980604, 0.00011644497957765365, 0.00011644247214321884, 0.00011643997779478152, 0.0001164374791916073, 0.00011643499676715948, 0.00011643251541533441, 0.00011643001656188155, 0.00011642753594301535, 0.00011642504559903628, 0.00011642255672097495, 0.0001164200720976505, 0.00011641758248663029, 0.00011641509916833018, 0.0001164126125785307, 0.00011641012868816514, 0.00011640765632849406, 0.00011640517342136601, 0.00011640268552654219, 0.00011640021021715858, 0.00011639773834016774, 0.00011639526417491504, 0.00011639278739961367, 0.00011639030138187966, 0.00011638782648366809, 0.00011638535069160425, 0.00011638286041913335, 0.00011638037048632632], 'val_acc': [0.0, 0.0, 0.0, 0.0, 0.0, 0.0, 0.0, 0.0, 0.0, 0.0, 0.0, 0.0, 0.0, 0.0, 0.0, 0.0, 0.0, 0.0, 0.0, 0.0, 0.0, 0.0, 0.0, 0.0, 0.0, 0.0, 0.0, 0.0, 0.0, 0.0, 0.0, 0.0, 0.0, 0.0, 0.0, 0.0, 0.0, 0.0, 0.0, 0.0, 0.0, 0.0, 0.0, 0.0, 0.0, 0.0, 0.0, 0.0, 0.0, 0.0], 'loss': [0.00011726206201049029, 0.00011725949935659809, 0.00011725694528217382, 0.00011725437606332963, 0.00011725180288655411, 0.00011724923930835459, 0.00011724667357343797, 0.0001172441026007799, 0.00011724153127261902, 0.00011723895539402209, 0.00011723638089003605, 0.00011723382273917951, 0.00011723124944390305, 0.00011722869558278047, 0.00011722614067884962, 0.00011722357596304109, 0.00011722102096430951, 0.00011721845975612876, 0.00011721591291026173, 0.00011721334793375114, 0.0001172107907072019, 0.00011720822715270257, 0.00011720566393000586, 0.00011720311224930055, 0.00011720055587595809, 0.00011719798499810075, 0.00011719542611253839, 0.00011719286696627396, 0.00011719031585437315, 0.00011718776782349675, 0.00011718520628351335, 0.00011718266090705797, 0.00011718010410711212, 0.00011717754887137865, 0.00011717500271281707, 0.00011717244470416165, 0.00011716989484837078, 0.00011716734032364295, 0.00011716479042045171, 0.00011716224897822748, 0.0001171596966339169, 0.00011715714284389489, 0.00011715460407979185, 0.00011715206842041341, 0.00011714952503477378, 0.00011714698774008239, 0.00011714444324053393, 0.00011714189935719036, 0.0001171393583415695, 0.00011713679985891033], 'acc': [0.0, 0.0, 0.0, 0.0, 0.0, 0.0, 0.0, 0.0, 0.0, 0.0, 0.0, 0.0, 0.0, 0.0, 0.0, 0.0, 0.0, 0.0, 0.0, 0.0, 0.0, 0.0, 0.0, 0.0, 0.0, 0.0, 0.0, 0.0, 0.0, 0.0, 0.0, 0.0, 0.0, 0.0, 0.0, 0.0, 0.0, 0.0, 0.0, 0.0, 0.0, 0.0, 0.0, 0.0, 0.0, 0.0, 0.0, 0.0, 0.0, 0.0]}
[2017-12-13 23:56:14,166 AE_BIGRAMA_1L_MINIDS_UNDER_F0_4.py:92]: done!
[2017-12-13 23:56:14,166 AE_BIGRAMA_1L_MINIDS_UNDER_F0_4.py:152]: >> Executing classifier part ... 
[2017-12-13 23:56:14,166 AE_BIGRAMA_1L_MINIDS_UNDER_F0_4.py:97]: =======================================
[2017-12-13 23:56:14,166 AE_BIGRAMA_1L_MINIDS_UNDER_F0_4.py:101]: setting configurations for classifier: 
	 {'activation': 'sigmoid', 'loss_function': 'categorical_crossentropy', 'optimizer': <keras.optimizers.SGD object at 0x7f32def27400>, 'use_last_dim_as_classifier': False, 'classifier_dim': 9}
[2017-12-13 23:56:14,777 AE_BIGRAMA_1L_MINIDS_UNDER_F0_4.py:110]: training ... 
[2017-12-14 00:46:01,277 AE_BIGRAMA_1L_MINIDS_UNDER_F0_4.py:122]: trained!
[2017-12-14 00:46:01,278 AE_BIGRAMA_1L_MINIDS_UNDER_F0_4.py:125]: Training history: 
{'val_loss': [0.00011650240838931557, 0.00011649991960063948, 0.00011649741878071159, 0.00011649490873622811, 0.00011649241569281513, 0.00011648991397903495, 0.00011648740940492746, 0.00011648490778053253, 0.0001164823974857704, 0.00011647988760218033, 0.00011647739627496373, 0.00011647488794667665, 0.00011647239751331234, 0.0001164699067581612, 0.0001164674119091666, 0.00011646492058195, 0.00011646242353407876, 0.0001164599379275168, 0.00011645743834110507, 0.00011645494325970887, 0.0001164524522542791, 0.00011644994964664665, 0.00011644746378980604, 0.00011644497957765365, 0.00011644247214321884, 0.00011643997779478152, 0.0001164374791916073, 0.00011643499676715948, 0.00011643251541533441, 0.00011643001656188155, 0.00011642753594301535, 0.00011642504559903628, 0.00011642255672097495, 0.0001164200720976505, 0.00011641758248663029, 0.00011641509916833018, 0.0001164126125785307, 0.00011641012868816514, 0.00011640765632849406, 0.00011640517342136601, 0.00011640268552654219, 0.00011640021021715858, 0.00011639773834016774, 0.00011639526417491504, 0.00011639278739961367, 0.00011639030138187966, 0.00011638782648366809, 0.00011638535069160425, 0.00011638286041913335, 0.00011638037048632632], 'val_acc': [0.0, 0.0, 0.0, 0.0, 0.0, 0.0, 0.0, 0.0, 0.0, 0.0, 0.0, 0.0, 0.0, 0.0, 0.0, 0.0, 0.0, 0.0, 0.0, 0.0, 0.0, 0.0, 0.0, 0.0, 0.0, 0.0, 0.0, 0.0, 0.0, 0.0, 0.0, 0.0, 0.0, 0.0, 0.0, 0.0, 0.0, 0.0, 0.0, 0.0, 0.0, 0.0, 0.0, 0.0, 0.0, 0.0, 0.0, 0.0, 0.0, 0.0], 'loss': [0.00011726206201049029, 0.00011725949935659809, 0.00011725694528217382, 0.00011725437606332963, 0.00011725180288655411, 0.00011724923930835459, 0.00011724667357343797, 0.0001172441026007799, 0.00011724153127261902, 0.00011723895539402209, 0.00011723638089003605, 0.00011723382273917951, 0.00011723124944390305, 0.00011722869558278047, 0.00011722614067884962, 0.00011722357596304109, 0.00011722102096430951, 0.00011721845975612876, 0.00011721591291026173, 0.00011721334793375114, 0.0001172107907072019, 0.00011720822715270257, 0.00011720566393000586, 0.00011720311224930055, 0.00011720055587595809, 0.00011719798499810075, 0.00011719542611253839, 0.00011719286696627396, 0.00011719031585437315, 0.00011718776782349675, 0.00011718520628351335, 0.00011718266090705797, 0.00011718010410711212, 0.00011717754887137865, 0.00011717500271281707, 0.00011717244470416165, 0.00011716989484837078, 0.00011716734032364295, 0.00011716479042045171, 0.00011716224897822748, 0.0001171596966339169, 0.00011715714284389489, 0.00011715460407979185, 0.00011715206842041341, 0.00011714952503477378, 0.00011714698774008239, 0.00011714444324053393, 0.00011714189935719036, 0.0001171393583415695, 0.00011713679985891033], 'acc': [0.0, 0.0, 0.0, 0.0, 0.0, 0.0, 0.0, 0.0, 0.0, 0.0, 0.0, 0.0, 0.0, 0.0, 0.0, 0.0, 0.0, 0.0, 0.0, 0.0, 0.0, 0.0, 0.0, 0.0, 0.0, 0.0, 0.0, 0.0, 0.0, 0.0, 0.0, 0.0, 0.0, 0.0, 0.0, 0.0, 0.0, 0.0, 0.0, 0.0, 0.0, 0.0, 0.0, 0.0, 0.0, 0.0, 0.0, 0.0, 0.0, 0.0]}
[2017-12-14 00:46:01,278 AE_BIGRAMA_1L_MINIDS_UNDER_F0_4.py:129]: evaluating model ... 
[2017-12-14 00:46:08,102 AE_BIGRAMA_1L_MINIDS_UNDER_F0_4.py:133]: evaluated! 
[2017-12-14 00:46:08,104 AE_BIGRAMA_1L_MINIDS_UNDER_F0_4.py:135]: generating reports ... 
[2017-12-14 00:46:11,866 AE_BIGRAMA_1L_MINIDS_UNDER_F0_4.py:138]: done!
[2017-12-14 00:46:11,867 AE_BIGRAMA_1L_MINIDS_UNDER_F0_4.py:154]: >> experiment AE_BIGRAMA_1L_MINIDS_UNDER_F0_4 finished!
