[2017-12-13 22:14:58,870 AE_BIGRAMA_1L_MINIDS_OVER_F1_6.py:145]: >> Initializing execution of experiment AE_BIGRAMA_1L_MINIDS_OVER_F1_6
[2017-12-13 22:14:58,871 AE_BIGRAMA_1L_MINIDS_OVER_F1_6.py:146]: >> Printing header log
[2017-12-13 22:14:58,871 AE_BIGRAMA_1L_MINIDS_OVER_F1_6.py:35]: 
	=======================================
	network_name = AE_BIGRAMA_1L_MINIDS_OVER_F1_6
	layers = 9216,14746
	using GLOBAL obj = 
		{'numpy_seed': 666, 'log_format': '[%(asctime)s %(filename)s:%(lineno)s]: %(message)s', 'log_dir': '/home/dhiegorp/deepnn/logs/1layer/bigram/', 'reports_dir': '/home/dhiegorp/deepnn/reports/1layer/bigram/', 'fullds_reports_dir': '/home/dhiegorp/deepnn/reports/1layer/bigram/fullds/', 'tensorflow_dir': '/home/dhiegorp/deepnn/tensorflow/1layer/bigram/', 'checkpoints_dir': '/home/dhiegorp/deepnn/checkpoints/1layer/bigram/', 'executed_path': '/home/dhiegorp/deepnn/executed/1layer/bigram/', 'data_dir': '/home/dhiegorp/malware_dataset/', 'fullds_data_dir': '/home/dhiegorp/malware_dataset/', 'data_target_list': [1, 2, 3, 4, 5, 6, 7, 8, 9], 'epochs': 50, 'batch': 32, 'store_history': True, 'shuffle_batches': True, 'autoencoder_configs': {'hidden_layer_activation': 'relu', 'output_layer_activation': 'relu', 'loss_function': 'mse', 'optimizer': <keras.optimizers.SGD object at 0x7f7b4cd74eb8>, 'discard_decoder_function': True}, 'mlp_configs': {'activation': 'sigmoid', 'loss_function': 'categorical_crossentropy', 'optimizer': <keras.optimizers.SGD object at 0x7f7b4cd57400>, 'use_last_dim_as_classifier': False, 'classifier_dim': 9}}
	=======================================
	
[2017-12-13 22:14:58,871 AE_BIGRAMA_1L_MINIDS_OVER_F1_6.py:148]: >> Loading dataset... 
[2017-12-13 22:15:22,376 AE_BIGRAMA_1L_MINIDS_OVER_F1_6.py:52]: 
	=======================================
	loading malware dataset on = /home/dhiegorp/malware_dataset/	
	trainx shape = (1228, 9216)
	trainy shape = (1228, 9)
	valx shape = (407, 9216)
	valy shape = (407, 9)
	=======================================
	
[2017-12-13 22:15:22,376 AE_BIGRAMA_1L_MINIDS_OVER_F1_6.py:150]: >> Executing autoencoder part ... 
[2017-12-13 22:15:22,376 AE_BIGRAMA_1L_MINIDS_OVER_F1_6.py:57]: =======================================
[2017-12-13 22:15:22,377 AE_BIGRAMA_1L_MINIDS_OVER_F1_6.py:62]: setting configurations for autoencoder: 
	 {'hidden_layer_activation': 'relu', 'output_layer_activation': 'relu', 'loss_function': 'mse', 'optimizer': <keras.optimizers.SGD object at 0x7f7b4cd74eb8>, 'discard_decoder_function': True}
[2017-12-13 22:15:22,423 AE_BIGRAMA_1L_MINIDS_OVER_F1_6.py:73]: training and evaluate autoencoder
[2017-12-14 02:20:58,927 AE_BIGRAMA_1L_MINIDS_OVER_F1_6.py:85]: trained and evaluated!
[2017-12-14 02:20:58,928 AE_BIGRAMA_1L_MINIDS_OVER_F1_6.py:88]: Training history: 
{'val_loss': [0.00011886487258652554, 0.00011886138904751656, 0.00011885789488954241, 0.00011885440604105084, 0.00011885094252433308, 0.00011884745310377604, 0.00011884399196470536, 0.00011884052853737282, 0.00011883705243521486, 0.00011883358671962048, 0.00011883014077603868, 0.00011882666247500408, 0.00011882320264095775, 0.00011881972678907843, 0.00011881626695503209, 0.00011881279666291398, 0.00011880932358197676, 0.00011880585868872647, 0.00011880240343120384, 0.00011879895503846676, 0.00011879547779217788, 0.00011879200880508413, 0.00011878853867385944, 0.00011878509542971153, 0.0001187816255487655, 0.00011877817543983203, 0.00011877473734427331, 0.00011877128805768395, 0.00011876782797335897, 0.0001187643671560751, 0.00011876090299578369, 0.0001187574767527063, 0.00011875402746611694, 0.00011875059648562241, 0.00011874715218672882, 0.00011874371351910462, 0.00011874027043585014, 0.00011873682973024273, 0.00011873337332858917, 0.00011872992902969557, 0.00011872648104813056, 0.00011872305505533179, 0.00011871958705147555, 0.00011871614552352404, 0.00011871268356210926, 0.00011870924923860717, 0.00011870580976651592, 0.00011870236970448216, 0.00011869892540558857, 0.00011869548453908775], 'val_acc': [0.0, 0.0, 0.0, 0.0, 0.0, 0.0, 0.0, 0.0, 0.0, 0.0, 0.0, 0.0, 0.0, 0.0, 0.0, 0.0, 0.0, 0.0, 0.0, 0.0, 0.0, 0.0, 0.0, 0.0, 0.0, 0.0, 0.0, 0.0, 0.0, 0.0, 0.0, 0.0, 0.0, 0.0, 0.0, 0.0, 0.0, 0.0, 0.0, 0.0, 0.0, 0.0, 0.0, 0.0, 0.0, 0.0, 0.0, 0.0, 0.0, 0.0], 'loss': [0.00011967204761249999, 0.0001196684334760817, 0.00011966483464998464, 0.00011966121122309277, 0.00011965759843758517, 0.00011965401030027274, 0.0001196503972303629, 0.00011964681079946397, 0.00011964321889382171, 0.000119639615943892, 0.00011963602477295554, 0.00011963245526399063, 0.0001196288546366793, 0.00011962526884568545, 0.00011962166542175199, 0.00011961808043656452, 0.00011961448357758303, 0.00011961088825911374, 0.00011960729296434465, 0.00011960371440190803, 0.00011960013847019226, 0.00011959653933599276, 0.00011959294160010433, 0.00011958934957596112, 0.00011958578243701497, 0.00011958217834947624, 0.0001195786025599616, 0.00011957504158306424, 0.00011957146804506742, 0.00011956787962335274, 0.00011956429750588799, 0.00011956070910787349, 0.00011955715825095626, 0.00011955358122903186, 0.00011955002769399344, 0.00011954646029434521, 0.00011954289355830226, 0.00011953932869457412, 0.00011953575740809513, 0.00011953217844275533, 0.00011952860582906583, 0.00011952503105865924, 0.000119521484112273, 0.00011951788564167874, 0.00011951432011434536, 0.00011951073498695677, 0.00011950717417596072, 0.00011950360871972789, 0.00011950004617861814, 0.00011949647477363822], 'acc': [0.0, 0.0, 0.0, 0.0, 0.0, 0.0, 0.0, 0.0, 0.0, 0.0, 0.0, 0.0, 0.0, 0.0, 0.0, 0.0, 0.0, 0.0, 0.0, 0.0, 0.0, 0.0, 0.0, 0.0, 0.0, 0.0, 0.0, 0.0, 0.0, 0.0, 0.0, 0.0, 0.0, 0.0, 0.0, 0.0, 0.0, 0.0, 0.0, 0.0, 0.0, 0.0, 0.0, 0.0, 0.0, 0.0, 0.0, 0.0, 0.0, 0.0]}
[2017-12-14 02:20:58,928 AE_BIGRAMA_1L_MINIDS_OVER_F1_6.py:92]: done!
[2017-12-14 02:20:58,928 AE_BIGRAMA_1L_MINIDS_OVER_F1_6.py:152]: >> Executing classifier part ... 
[2017-12-14 02:20:58,928 AE_BIGRAMA_1L_MINIDS_OVER_F1_6.py:97]: =======================================
[2017-12-14 02:20:58,929 AE_BIGRAMA_1L_MINIDS_OVER_F1_6.py:101]: setting configurations for classifier: 
	 {'activation': 'sigmoid', 'loss_function': 'categorical_crossentropy', 'optimizer': <keras.optimizers.SGD object at 0x7f7b4cd57400>, 'use_last_dim_as_classifier': False, 'classifier_dim': 9}
[2017-12-14 02:20:59,323 AE_BIGRAMA_1L_MINIDS_OVER_F1_6.py:110]: training ... 
[2017-12-14 03:39:04,632 AE_BIGRAMA_1L_MINIDS_OVER_F1_6.py:122]: trained!
[2017-12-14 03:39:04,637 AE_BIGRAMA_1L_MINIDS_OVER_F1_6.py:125]: Training history: 
{'val_loss': [0.00011886487258652554, 0.00011886138904751656, 0.00011885789488954241, 0.00011885440604105084, 0.00011885094252433308, 0.00011884745310377604, 0.00011884399196470536, 0.00011884052853737282, 0.00011883705243521486, 0.00011883358671962048, 0.00011883014077603868, 0.00011882666247500408, 0.00011882320264095775, 0.00011881972678907843, 0.00011881626695503209, 0.00011881279666291398, 0.00011880932358197676, 0.00011880585868872647, 0.00011880240343120384, 0.00011879895503846676, 0.00011879547779217788, 0.00011879200880508413, 0.00011878853867385944, 0.00011878509542971153, 0.0001187816255487655, 0.00011877817543983203, 0.00011877473734427331, 0.00011877128805768395, 0.00011876782797335897, 0.0001187643671560751, 0.00011876090299578369, 0.0001187574767527063, 0.00011875402746611694, 0.00011875059648562241, 0.00011874715218672882, 0.00011874371351910462, 0.00011874027043585014, 0.00011873682973024273, 0.00011873337332858917, 0.00011872992902969557, 0.00011872648104813056, 0.00011872305505533179, 0.00011871958705147555, 0.00011871614552352404, 0.00011871268356210926, 0.00011870924923860717, 0.00011870580976651592, 0.00011870236970448216, 0.00011869892540558857, 0.00011869548453908775], 'val_acc': [0.0, 0.0, 0.0, 0.0, 0.0, 0.0, 0.0, 0.0, 0.0, 0.0, 0.0, 0.0, 0.0, 0.0, 0.0, 0.0, 0.0, 0.0, 0.0, 0.0, 0.0, 0.0, 0.0, 0.0, 0.0, 0.0, 0.0, 0.0, 0.0, 0.0, 0.0, 0.0, 0.0, 0.0, 0.0, 0.0, 0.0, 0.0, 0.0, 0.0, 0.0, 0.0, 0.0, 0.0, 0.0, 0.0, 0.0, 0.0, 0.0, 0.0], 'loss': [0.00011967204761249999, 0.0001196684334760817, 0.00011966483464998464, 0.00011966121122309277, 0.00011965759843758517, 0.00011965401030027274, 0.0001196503972303629, 0.00011964681079946397, 0.00011964321889382171, 0.000119639615943892, 0.00011963602477295554, 0.00011963245526399063, 0.0001196288546366793, 0.00011962526884568545, 0.00011962166542175199, 0.00011961808043656452, 0.00011961448357758303, 0.00011961088825911374, 0.00011960729296434465, 0.00011960371440190803, 0.00011960013847019226, 0.00011959653933599276, 0.00011959294160010433, 0.00011958934957596112, 0.00011958578243701497, 0.00011958217834947624, 0.0001195786025599616, 0.00011957504158306424, 0.00011957146804506742, 0.00011956787962335274, 0.00011956429750588799, 0.00011956070910787349, 0.00011955715825095626, 0.00011955358122903186, 0.00011955002769399344, 0.00011954646029434521, 0.00011954289355830226, 0.00011953932869457412, 0.00011953575740809513, 0.00011953217844275533, 0.00011952860582906583, 0.00011952503105865924, 0.000119521484112273, 0.00011951788564167874, 0.00011951432011434536, 0.00011951073498695677, 0.00011950717417596072, 0.00011950360871972789, 0.00011950004617861814, 0.00011949647477363822], 'acc': [0.0, 0.0, 0.0, 0.0, 0.0, 0.0, 0.0, 0.0, 0.0, 0.0, 0.0, 0.0, 0.0, 0.0, 0.0, 0.0, 0.0, 0.0, 0.0, 0.0, 0.0, 0.0, 0.0, 0.0, 0.0, 0.0, 0.0, 0.0, 0.0, 0.0, 0.0, 0.0, 0.0, 0.0, 0.0, 0.0, 0.0, 0.0, 0.0, 0.0, 0.0, 0.0, 0.0, 0.0, 0.0, 0.0, 0.0, 0.0, 0.0, 0.0]}
[2017-12-14 03:39:04,640 AE_BIGRAMA_1L_MINIDS_OVER_F1_6.py:129]: evaluating model ... 
[2017-12-14 03:39:08,636 AE_BIGRAMA_1L_MINIDS_OVER_F1_6.py:133]: evaluated! 
[2017-12-14 03:39:08,637 AE_BIGRAMA_1L_MINIDS_OVER_F1_6.py:135]: generating reports ... 
[2017-12-14 03:39:10,037 AE_BIGRAMA_1L_MINIDS_OVER_F1_6.py:138]: done!
[2017-12-14 03:39:10,038 AE_BIGRAMA_1L_MINIDS_OVER_F1_6.py:154]: >> experiment AE_BIGRAMA_1L_MINIDS_OVER_F1_6 finished!
