[2017-12-13 22:14:58,808 AE_BIGRAMA_1L_MINIDS_OVER_F1_9.py:145]: >> Initializing execution of experiment AE_BIGRAMA_1L_MINIDS_OVER_F1_9
[2017-12-13 22:14:58,808 AE_BIGRAMA_1L_MINIDS_OVER_F1_9.py:146]: >> Printing header log
[2017-12-13 22:14:58,808 AE_BIGRAMA_1L_MINIDS_OVER_F1_9.py:35]: 
	=======================================
	network_name = AE_BIGRAMA_1L_MINIDS_OVER_F1_9
	layers = 9216,17510
	using GLOBAL obj = 
		{'numpy_seed': 666, 'log_format': '[%(asctime)s %(filename)s:%(lineno)s]: %(message)s', 'log_dir': '/home/dhiegorp/deepnn/logs/1layer/bigram/', 'reports_dir': '/home/dhiegorp/deepnn/reports/1layer/bigram/', 'fullds_reports_dir': '/home/dhiegorp/deepnn/reports/1layer/bigram/fullds/', 'tensorflow_dir': '/home/dhiegorp/deepnn/tensorflow/1layer/bigram/', 'checkpoints_dir': '/home/dhiegorp/deepnn/checkpoints/1layer/bigram/', 'executed_path': '/home/dhiegorp/deepnn/executed/1layer/bigram/', 'data_dir': '/home/dhiegorp/malware_dataset/', 'fullds_data_dir': '/home/dhiegorp/malware_dataset/', 'data_target_list': [1, 2, 3, 4, 5, 6, 7, 8, 9], 'epochs': 50, 'batch': 32, 'store_history': True, 'shuffle_batches': True, 'autoencoder_configs': {'hidden_layer_activation': 'relu', 'output_layer_activation': 'relu', 'loss_function': 'mse', 'optimizer': <keras.optimizers.SGD object at 0x7fcff12eaeb8>, 'discard_decoder_function': True}, 'mlp_configs': {'activation': 'sigmoid', 'loss_function': 'categorical_crossentropy', 'optimizer': <keras.optimizers.SGD object at 0x7fcff12cd400>, 'use_last_dim_as_classifier': False, 'classifier_dim': 9}}
	=======================================
	
[2017-12-13 22:14:58,808 AE_BIGRAMA_1L_MINIDS_OVER_F1_9.py:148]: >> Loading dataset... 
[2017-12-13 22:15:20,423 AE_BIGRAMA_1L_MINIDS_OVER_F1_9.py:52]: 
	=======================================
	loading malware dataset on = /home/dhiegorp/malware_dataset/	
	trainx shape = (1228, 9216)
	trainy shape = (1228, 9)
	valx shape = (407, 9216)
	valy shape = (407, 9)
	=======================================
	
[2017-12-13 22:15:20,423 AE_BIGRAMA_1L_MINIDS_OVER_F1_9.py:150]: >> Executing autoencoder part ... 
[2017-12-13 22:15:20,424 AE_BIGRAMA_1L_MINIDS_OVER_F1_9.py:57]: =======================================
[2017-12-13 22:15:20,424 AE_BIGRAMA_1L_MINIDS_OVER_F1_9.py:62]: setting configurations for autoencoder: 
	 {'hidden_layer_activation': 'relu', 'output_layer_activation': 'relu', 'loss_function': 'mse', 'optimizer': <keras.optimizers.SGD object at 0x7fcff12eaeb8>, 'discard_decoder_function': True}
[2017-12-13 22:15:20,464 AE_BIGRAMA_1L_MINIDS_OVER_F1_9.py:73]: training and evaluate autoencoder
[2017-12-14 02:41:14,849 AE_BIGRAMA_1L_MINIDS_OVER_F1_9.py:85]: trained and evaluated!
[2017-12-14 02:41:14,851 AE_BIGRAMA_1L_MINIDS_OVER_F1_9.py:88]: Training history: 
{'val_loss': [0.00011832196558571102, 0.00011831820221730514, 0.00011831440166464414, 0.00011831060786950642, 0.00011830678345098936, 0.00011830295928275094, 0.00011829912774916967, 0.00011829528395193504, 0.00011829142365418718, 0.00011828752198895549, 0.00011828362416728865, 0.00011827969520380812, 0.00011827578928383955, 0.00011827185746003171, 0.00011826789882065527, 0.00011826394107513111, 0.00011825997937877985, 0.00011825598030152596, 0.00011825197305446216, 0.00011824793286000308, 0.00011824387982982515, 0.00011823987036600769, 0.00011823581374254357, 0.00011823176881066736, 0.00011822771511903875, 0.0001182236573514437, 0.00011821957267889483, 0.0001182154517874513, 0.00011821132549713995, 0.00011820712301485968, 0.00011820294286100954, 0.00011819873973515563, 0.00011819453505399872, 0.00011819031891365551, 0.00011818607540355529, 0.00011818181921862963, 0.00011817756090633553, 0.00011817329270803513, 0.00011816902524269362, 0.00011816475001871425, 0.00011816042868983394, 0.00011815608782134263, 0.00011815172226465118, 0.00011814736709452328, 0.0001181429842149745, 0.0001181386227521265, 0.00011813420463692059, 0.00011812978022899455, 0.00011812532671723807, 0.00011812088629147908], 'val_acc': [0.0, 0.0, 0.0, 0.0, 0.0, 0.0, 0.0, 0.0, 0.0, 0.0, 0.0, 0.0, 0.0, 0.0, 0.0, 0.0, 0.0, 0.0, 0.0, 0.0, 0.0, 0.0, 0.0, 0.0, 0.0, 0.0, 0.0, 0.0, 0.0, 0.0, 0.0, 0.0, 0.0, 0.0, 0.0, 0.0, 0.0, 0.0, 0.0, 0.0, 0.0, 0.0, 0.0, 0.0, 0.0, 0.0, 0.0, 0.0, 0.0, 0.0], 'loss': [0.00011913290894146651, 0.00011912911122339453, 0.00011912530760397583, 0.00011912147902825951, 0.00011911766031182126, 0.00011911382500525164, 0.0001191099851245458, 0.00011910612557268419, 0.0001191022456386612, 0.00011909836219701042, 0.00011909444872722188, 0.00011909053141800292, 0.00011908659062189799, 0.00011908266037237657, 0.00011907869592348435, 0.00011907471611687052, 0.00011907072223234522, 0.00011906673339595988, 0.00011906269358047087, 0.00011905862845318143, 0.00011905452945832381, 0.00011905041828156973, 0.00011904634049838009, 0.00011904222370468153, 0.00011903811714946405, 0.00011903400407669495, 0.00011902987021886127, 0.00011902568587962787, 0.00011902145534872869, 0.00011901720744559196, 0.00011901291370629227, 0.00011900864106015961, 0.00011900434011600287, 0.00011900003848454069, 0.00011899571206268221, 0.00011899134594300937, 0.00011898696913455191, 0.00011898259026417812, 0.00011897820971109101, 0.00011897382695388643, 0.00011896945407966012, 0.00011896502470418641, 0.00011896058447402674, 0.00011895611765225651, 0.00011895165445661499, 0.00011894717796516821, 0.00011894270083381634, 0.00011893815783964295, 0.00011893361870860014, 0.00011892905779708487], 'acc': [0.0, 0.0, 0.0, 0.0, 0.0, 0.0, 0.0, 0.0, 0.0, 0.0, 0.0, 0.0, 0.0, 0.0, 0.0, 0.0, 0.0, 0.0, 0.0, 0.0, 0.0, 0.0, 0.0, 0.0, 0.0, 0.0, 0.0, 0.0, 0.0, 0.0, 0.0, 0.0, 0.0, 0.0, 0.0, 0.0, 0.0, 0.0, 0.0, 0.0, 0.0, 0.0, 0.0, 0.0, 0.0, 0.0, 0.0, 0.0, 0.0, 0.0]}
[2017-12-14 02:41:14,852 AE_BIGRAMA_1L_MINIDS_OVER_F1_9.py:92]: done!
[2017-12-14 02:41:14,852 AE_BIGRAMA_1L_MINIDS_OVER_F1_9.py:152]: >> Executing classifier part ... 
[2017-12-14 02:41:14,852 AE_BIGRAMA_1L_MINIDS_OVER_F1_9.py:97]: =======================================
[2017-12-14 02:41:14,852 AE_BIGRAMA_1L_MINIDS_OVER_F1_9.py:101]: setting configurations for classifier: 
	 {'activation': 'sigmoid', 'loss_function': 'categorical_crossentropy', 'optimizer': <keras.optimizers.SGD object at 0x7fcff12cd400>, 'use_last_dim_as_classifier': False, 'classifier_dim': 9}
[2017-12-14 02:41:14,983 AE_BIGRAMA_1L_MINIDS_OVER_F1_9.py:110]: training ... 
[2017-12-14 03:50:18,175 AE_BIGRAMA_1L_MINIDS_OVER_F1_9.py:122]: trained!
[2017-12-14 03:50:18,176 AE_BIGRAMA_1L_MINIDS_OVER_F1_9.py:125]: Training history: 
{'val_loss': [0.00011832196558571102, 0.00011831820221730514, 0.00011831440166464414, 0.00011831060786950642, 0.00011830678345098936, 0.00011830295928275094, 0.00011829912774916967, 0.00011829528395193504, 0.00011829142365418718, 0.00011828752198895549, 0.00011828362416728865, 0.00011827969520380812, 0.00011827578928383955, 0.00011827185746003171, 0.00011826789882065527, 0.00011826394107513111, 0.00011825997937877985, 0.00011825598030152596, 0.00011825197305446216, 0.00011824793286000308, 0.00011824387982982515, 0.00011823987036600769, 0.00011823581374254357, 0.00011823176881066736, 0.00011822771511903875, 0.0001182236573514437, 0.00011821957267889483, 0.0001182154517874513, 0.00011821132549713995, 0.00011820712301485968, 0.00011820294286100954, 0.00011819873973515563, 0.00011819453505399872, 0.00011819031891365551, 0.00011818607540355529, 0.00011818181921862963, 0.00011817756090633553, 0.00011817329270803513, 0.00011816902524269362, 0.00011816475001871425, 0.00011816042868983394, 0.00011815608782134263, 0.00011815172226465118, 0.00011814736709452328, 0.0001181429842149745, 0.0001181386227521265, 0.00011813420463692059, 0.00011812978022899455, 0.00011812532671723807, 0.00011812088629147908], 'val_acc': [0.0, 0.0, 0.0, 0.0, 0.0, 0.0, 0.0, 0.0, 0.0, 0.0, 0.0, 0.0, 0.0, 0.0, 0.0, 0.0, 0.0, 0.0, 0.0, 0.0, 0.0, 0.0, 0.0, 0.0, 0.0, 0.0, 0.0, 0.0, 0.0, 0.0, 0.0, 0.0, 0.0, 0.0, 0.0, 0.0, 0.0, 0.0, 0.0, 0.0, 0.0, 0.0, 0.0, 0.0, 0.0, 0.0, 0.0, 0.0, 0.0, 0.0], 'loss': [0.00011913290894146651, 0.00011912911122339453, 0.00011912530760397583, 0.00011912147902825951, 0.00011911766031182126, 0.00011911382500525164, 0.0001191099851245458, 0.00011910612557268419, 0.0001191022456386612, 0.00011909836219701042, 0.00011909444872722188, 0.00011909053141800292, 0.00011908659062189799, 0.00011908266037237657, 0.00011907869592348435, 0.00011907471611687052, 0.00011907072223234522, 0.00011906673339595988, 0.00011906269358047087, 0.00011905862845318143, 0.00011905452945832381, 0.00011905041828156973, 0.00011904634049838009, 0.00011904222370468153, 0.00011903811714946405, 0.00011903400407669495, 0.00011902987021886127, 0.00011902568587962787, 0.00011902145534872869, 0.00011901720744559196, 0.00011901291370629227, 0.00011900864106015961, 0.00011900434011600287, 0.00011900003848454069, 0.00011899571206268221, 0.00011899134594300937, 0.00011898696913455191, 0.00011898259026417812, 0.00011897820971109101, 0.00011897382695388643, 0.00011896945407966012, 0.00011896502470418641, 0.00011896058447402674, 0.00011895611765225651, 0.00011895165445661499, 0.00011894717796516821, 0.00011894270083381634, 0.00011893815783964295, 0.00011893361870860014, 0.00011892905779708487], 'acc': [0.0, 0.0, 0.0, 0.0, 0.0, 0.0, 0.0, 0.0, 0.0, 0.0, 0.0, 0.0, 0.0, 0.0, 0.0, 0.0, 0.0, 0.0, 0.0, 0.0, 0.0, 0.0, 0.0, 0.0, 0.0, 0.0, 0.0, 0.0, 0.0, 0.0, 0.0, 0.0, 0.0, 0.0, 0.0, 0.0, 0.0, 0.0, 0.0, 0.0, 0.0, 0.0, 0.0, 0.0, 0.0, 0.0, 0.0, 0.0, 0.0, 0.0]}
[2017-12-14 03:50:18,176 AE_BIGRAMA_1L_MINIDS_OVER_F1_9.py:129]: evaluating model ... 
[2017-12-14 03:50:20,016 AE_BIGRAMA_1L_MINIDS_OVER_F1_9.py:133]: evaluated! 
[2017-12-14 03:50:20,016 AE_BIGRAMA_1L_MINIDS_OVER_F1_9.py:135]: generating reports ... 
[2017-12-14 03:50:20,647 AE_BIGRAMA_1L_MINIDS_OVER_F1_9.py:138]: done!
[2017-12-14 03:50:20,648 AE_BIGRAMA_1L_MINIDS_OVER_F1_9.py:154]: >> experiment AE_BIGRAMA_1L_MINIDS_OVER_F1_9 finished!
