[2017-12-13 22:14:58,787 AE_BIGRAMA_1L_MINIDS_UNDER_F0_3.py:145]: >> Initializing execution of experiment AE_BIGRAMA_1L_MINIDS_UNDER_F0_3
[2017-12-13 22:14:58,787 AE_BIGRAMA_1L_MINIDS_UNDER_F0_3.py:146]: >> Printing header log
[2017-12-13 22:14:58,788 AE_BIGRAMA_1L_MINIDS_UNDER_F0_3.py:35]: 
	=======================================
	network_name = AE_BIGRAMA_1L_MINIDS_UNDER_F0_3
	layers = 9216,2765
	using GLOBAL obj = 
		{'numpy_seed': 666, 'log_format': '[%(asctime)s %(filename)s:%(lineno)s]: %(message)s', 'log_dir': '/home/dhiegorp/deepnn/logs/1layer/bigram/', 'reports_dir': '/home/dhiegorp/deepnn/reports/1layer/bigram/', 'fullds_reports_dir': '/home/dhiegorp/deepnn/reports/1layer/bigram/fullds/', 'tensorflow_dir': '/home/dhiegorp/deepnn/tensorflow/1layer/bigram/', 'checkpoints_dir': '/home/dhiegorp/deepnn/checkpoints/1layer/bigram/', 'executed_path': '/home/dhiegorp/deepnn/executed/1layer/bigram/', 'data_dir': '/home/dhiegorp/malware_dataset/', 'fullds_data_dir': '/home/dhiegorp/malware_dataset/', 'data_target_list': [1, 2, 3, 4, 5, 6, 7, 8, 9], 'epochs': 50, 'batch': 32, 'store_history': True, 'shuffle_batches': True, 'autoencoder_configs': {'hidden_layer_activation': 'relu', 'output_layer_activation': 'relu', 'loss_function': 'mse', 'optimizer': <keras.optimizers.SGD object at 0x7f3aef1dbeb8>, 'discard_decoder_function': True}, 'mlp_configs': {'activation': 'sigmoid', 'loss_function': 'categorical_crossentropy', 'optimizer': <keras.optimizers.SGD object at 0x7f3aef1be400>, 'use_last_dim_as_classifier': False, 'classifier_dim': 9}}
	=======================================
	
[2017-12-13 22:14:58,788 AE_BIGRAMA_1L_MINIDS_UNDER_F0_3.py:148]: >> Loading dataset... 
[2017-12-13 22:15:21,468 AE_BIGRAMA_1L_MINIDS_UNDER_F0_3.py:52]: 
	=======================================
	loading malware dataset on = /home/dhiegorp/malware_dataset/	
	trainx shape = (1228, 9216)
	trainy shape = (1228, 9)
	valx shape = (407, 9216)
	valy shape = (407, 9)
	=======================================
	
[2017-12-13 22:15:21,468 AE_BIGRAMA_1L_MINIDS_UNDER_F0_3.py:150]: >> Executing autoencoder part ... 
[2017-12-13 22:15:21,468 AE_BIGRAMA_1L_MINIDS_UNDER_F0_3.py:57]: =======================================
[2017-12-13 22:15:21,468 AE_BIGRAMA_1L_MINIDS_UNDER_F0_3.py:62]: setting configurations for autoencoder: 
	 {'hidden_layer_activation': 'relu', 'output_layer_activation': 'relu', 'loss_function': 'mse', 'optimizer': <keras.optimizers.SGD object at 0x7f3aef1dbeb8>, 'discard_decoder_function': True}
[2017-12-13 22:15:21,510 AE_BIGRAMA_1L_MINIDS_UNDER_F0_3.py:73]: training and evaluate autoencoder
[2017-12-13 23:34:01,304 AE_BIGRAMA_1L_MINIDS_UNDER_F0_3.py:85]: trained and evaluated!
[2017-12-13 23:34:01,306 AE_BIGRAMA_1L_MINIDS_UNDER_F0_3.py:88]: Training history: 
{'val_loss': [0.00011467022749584475, 0.00011466784046331296, 0.0001146654607067388, 0.0001146630771065998, 0.00011466068712435548, 0.00011465830212980692, 0.00011465591804698769, 0.00011465354032839673, 0.00011465115043553764, 0.00011464876356389927, 0.00011464637824756389, 0.0001146439930921219, 0.00011464162045061195, 0.00011463924273202099, 0.00011463686027601292, 0.00011463449466018194, 0.00011463209119864514, 0.00011462970244991696, 0.00011462731582855723, 0.00011462495266188152, 0.0001146225726550287, 0.00011462019861910918, 0.00011461782572732058, 0.00011461545038637671, 0.00011461307822754698, 0.00011461069544975208, 0.00011460830670102392, 0.00011460593413102215, 0.00011460355062026837, 0.00011460116660895733, 0.00011459879241214438, 0.00011459641208350476, 0.00011459403175486513, 0.00011459165771894559, 0.00011458928098359216, 0.00011458689665049429, 0.00011458451632185466, 0.00011458213354405977, 0.00011457975868579613, 0.00011457737435269827, 0.00011457500260504059, 0.00011457263355681682, 0.00011457026295329007, 0.00011456788262465044, 0.00011456551373732008, 0.0001145631374131387, 0.00011456078103974036, 0.00011455841501273732, 0.00011455604253212078, 0.00011455366506380845], 'val_acc': [0.0, 0.0, 0.0, 0.0, 0.0, 0.0, 0.0, 0.0, 0.0, 0.0, 0.0, 0.0, 0.0, 0.0, 0.0, 0.0, 0.0, 0.0, 0.0, 0.0, 0.0, 0.0, 0.0, 0.0, 0.0, 0.0, 0.0, 0.0, 0.0, 0.0, 0.0, 0.0, 0.0, 0.0, 0.0, 0.0, 0.0, 0.0, 0.0, 0.0, 0.0, 0.0, 0.0, 0.0, 0.0, 0.0, 0.0, 0.0, 0.0, 0.0], 'loss': [0.00011534463380636338, 0.00011534216081028113, 0.00011533968049084088, 0.00011533720979367683, 0.00011533473355066886, 0.00011533225640705376, 0.00011532977625351484, 0.00011532730235682545, 0.00011532483030875071, 0.00011532234975230859, 0.00011531986966987023, 0.00011531739657898721, 0.00011531492270599802, 0.00011531245902408951, 0.00011530998583840576, 0.00011530751571004621, 0.00011530505534616399, 0.00011530256047480852, 0.00011530008122187672, 0.00011529760715928603, 0.00011529514892842069, 0.00011529267806535532, 0.00011529021362504081, 0.00011528774503719346, 0.00011528527661524744, 0.00011528281499525525, 0.00011528033773313923, 0.00011527785691599505, 0.00011527538915765426, 0.00011527291303314723, 0.00011527043427791938, 0.00011526796865259549, 0.00011526549575131398, 0.00011526301867879946, 0.00011526054461620876, 0.00011525807351614151, 0.00011525559748643524, 0.00011525312678927118, 0.00011525064481081781, 0.00011524817814268567, 0.00011524570242108183, 0.00011524323532634631, 0.00011524077956030048, 0.0001152383127736674, 0.000115235836222557, 0.00011523337528987027, 0.00011523090892984055, 0.00011522845584191595, 0.00011522599578613616, 0.00011522353210422765], 'acc': [0.0, 0.0, 0.0, 0.0, 0.0, 0.0, 0.0, 0.0, 0.0, 0.0, 0.0, 0.0, 0.0, 0.0, 0.0, 0.0, 0.0, 0.0, 0.0, 0.0, 0.0, 0.0, 0.0, 0.0, 0.0, 0.0, 0.0, 0.0, 0.0, 0.0, 0.0, 0.0, 0.0, 0.0, 0.0, 0.0, 0.0, 0.0, 0.0, 0.0, 0.0, 0.0, 0.0, 0.0, 0.0, 0.0, 0.0, 0.0, 0.0, 0.0]}
[2017-12-13 23:34:01,307 AE_BIGRAMA_1L_MINIDS_UNDER_F0_3.py:92]: done!
[2017-12-13 23:34:01,308 AE_BIGRAMA_1L_MINIDS_UNDER_F0_3.py:152]: >> Executing classifier part ... 
[2017-12-13 23:34:01,308 AE_BIGRAMA_1L_MINIDS_UNDER_F0_3.py:97]: =======================================
[2017-12-13 23:34:01,322 AE_BIGRAMA_1L_MINIDS_UNDER_F0_3.py:101]: setting configurations for classifier: 
	 {'activation': 'sigmoid', 'loss_function': 'categorical_crossentropy', 'optimizer': <keras.optimizers.SGD object at 0x7f3aef1be400>, 'use_last_dim_as_classifier': False, 'classifier_dim': 9}
[2017-12-13 23:34:02,066 AE_BIGRAMA_1L_MINIDS_UNDER_F0_3.py:110]: training ... 
[2017-12-14 00:15:02,876 AE_BIGRAMA_1L_MINIDS_UNDER_F0_3.py:122]: trained!
[2017-12-14 00:15:02,877 AE_BIGRAMA_1L_MINIDS_UNDER_F0_3.py:125]: Training history: 
{'val_loss': [0.00011467022749584475, 0.00011466784046331296, 0.0001146654607067388, 0.0001146630771065998, 0.00011466068712435548, 0.00011465830212980692, 0.00011465591804698769, 0.00011465354032839673, 0.00011465115043553764, 0.00011464876356389927, 0.00011464637824756389, 0.0001146439930921219, 0.00011464162045061195, 0.00011463924273202099, 0.00011463686027601292, 0.00011463449466018194, 0.00011463209119864514, 0.00011462970244991696, 0.00011462731582855723, 0.00011462495266188152, 0.0001146225726550287, 0.00011462019861910918, 0.00011461782572732058, 0.00011461545038637671, 0.00011461307822754698, 0.00011461069544975208, 0.00011460830670102392, 0.00011460593413102215, 0.00011460355062026837, 0.00011460116660895733, 0.00011459879241214438, 0.00011459641208350476, 0.00011459403175486513, 0.00011459165771894559, 0.00011458928098359216, 0.00011458689665049429, 0.00011458451632185466, 0.00011458213354405977, 0.00011457975868579613, 0.00011457737435269827, 0.00011457500260504059, 0.00011457263355681682, 0.00011457026295329007, 0.00011456788262465044, 0.00011456551373732008, 0.0001145631374131387, 0.00011456078103974036, 0.00011455841501273732, 0.00011455604253212078, 0.00011455366506380845], 'val_acc': [0.0, 0.0, 0.0, 0.0, 0.0, 0.0, 0.0, 0.0, 0.0, 0.0, 0.0, 0.0, 0.0, 0.0, 0.0, 0.0, 0.0, 0.0, 0.0, 0.0, 0.0, 0.0, 0.0, 0.0, 0.0, 0.0, 0.0, 0.0, 0.0, 0.0, 0.0, 0.0, 0.0, 0.0, 0.0, 0.0, 0.0, 0.0, 0.0, 0.0, 0.0, 0.0, 0.0, 0.0, 0.0, 0.0, 0.0, 0.0, 0.0, 0.0], 'loss': [0.00011534463380636338, 0.00011534216081028113, 0.00011533968049084088, 0.00011533720979367683, 0.00011533473355066886, 0.00011533225640705376, 0.00011532977625351484, 0.00011532730235682545, 0.00011532483030875071, 0.00011532234975230859, 0.00011531986966987023, 0.00011531739657898721, 0.00011531492270599802, 0.00011531245902408951, 0.00011530998583840576, 0.00011530751571004621, 0.00011530505534616399, 0.00011530256047480852, 0.00011530008122187672, 0.00011529760715928603, 0.00011529514892842069, 0.00011529267806535532, 0.00011529021362504081, 0.00011528774503719346, 0.00011528527661524744, 0.00011528281499525525, 0.00011528033773313923, 0.00011527785691599505, 0.00011527538915765426, 0.00011527291303314723, 0.00011527043427791938, 0.00011526796865259549, 0.00011526549575131398, 0.00011526301867879946, 0.00011526054461620876, 0.00011525807351614151, 0.00011525559748643524, 0.00011525312678927118, 0.00011525064481081781, 0.00011524817814268567, 0.00011524570242108183, 0.00011524323532634631, 0.00011524077956030048, 0.0001152383127736674, 0.000115235836222557, 0.00011523337528987027, 0.00011523090892984055, 0.00011522845584191595, 0.00011522599578613616, 0.00011522353210422765], 'acc': [0.0, 0.0, 0.0, 0.0, 0.0, 0.0, 0.0, 0.0, 0.0, 0.0, 0.0, 0.0, 0.0, 0.0, 0.0, 0.0, 0.0, 0.0, 0.0, 0.0, 0.0, 0.0, 0.0, 0.0, 0.0, 0.0, 0.0, 0.0, 0.0, 0.0, 0.0, 0.0, 0.0, 0.0, 0.0, 0.0, 0.0, 0.0, 0.0, 0.0, 0.0, 0.0, 0.0, 0.0, 0.0, 0.0, 0.0, 0.0, 0.0, 0.0]}
[2017-12-14 00:15:02,877 AE_BIGRAMA_1L_MINIDS_UNDER_F0_3.py:129]: evaluating model ... 
[2017-12-14 00:15:07,996 AE_BIGRAMA_1L_MINIDS_UNDER_F0_3.py:133]: evaluated! 
[2017-12-14 00:15:07,997 AE_BIGRAMA_1L_MINIDS_UNDER_F0_3.py:135]: generating reports ... 
[2017-12-14 00:15:11,637 AE_BIGRAMA_1L_MINIDS_UNDER_F0_3.py:138]: done!
[2017-12-14 00:15:11,638 AE_BIGRAMA_1L_MINIDS_UNDER_F0_3.py:154]: >> experiment AE_BIGRAMA_1L_MINIDS_UNDER_F0_3 finished!
