[2017-12-13 22:14:58,836 AE_BIGRAMA_1L_MINIDS_OVER_F1_2.py:145]: >> Initializing execution of experiment AE_BIGRAMA_1L_MINIDS_OVER_F1_2
[2017-12-13 22:14:58,837 AE_BIGRAMA_1L_MINIDS_OVER_F1_2.py:146]: >> Printing header log
[2017-12-13 22:14:58,837 AE_BIGRAMA_1L_MINIDS_OVER_F1_2.py:35]: 
	=======================================
	network_name = AE_BIGRAMA_1L_MINIDS_OVER_F1_2
	layers = 9216,11059
	using GLOBAL obj = 
		{'numpy_seed': 666, 'log_format': '[%(asctime)s %(filename)s:%(lineno)s]: %(message)s', 'log_dir': '/home/dhiegorp/deepnn/logs/1layer/bigram/', 'reports_dir': '/home/dhiegorp/deepnn/reports/1layer/bigram/', 'fullds_reports_dir': '/home/dhiegorp/deepnn/reports/1layer/bigram/fullds/', 'tensorflow_dir': '/home/dhiegorp/deepnn/tensorflow/1layer/bigram/', 'checkpoints_dir': '/home/dhiegorp/deepnn/checkpoints/1layer/bigram/', 'executed_path': '/home/dhiegorp/deepnn/executed/1layer/bigram/', 'data_dir': '/home/dhiegorp/malware_dataset/', 'fullds_data_dir': '/home/dhiegorp/malware_dataset/', 'data_target_list': [1, 2, 3, 4, 5, 6, 7, 8, 9], 'epochs': 50, 'batch': 32, 'store_history': True, 'shuffle_batches': True, 'autoencoder_configs': {'hidden_layer_activation': 'relu', 'output_layer_activation': 'relu', 'loss_function': 'mse', 'optimizer': <keras.optimizers.SGD object at 0x7ff3bb540eb8>, 'discard_decoder_function': True}, 'mlp_configs': {'activation': 'sigmoid', 'loss_function': 'categorical_crossentropy', 'optimizer': <keras.optimizers.SGD object at 0x7ff3bb523400>, 'use_last_dim_as_classifier': False, 'classifier_dim': 9}}
	=======================================
	
[2017-12-13 22:14:58,837 AE_BIGRAMA_1L_MINIDS_OVER_F1_2.py:148]: >> Loading dataset... 
[2017-12-13 22:15:21,982 AE_BIGRAMA_1L_MINIDS_OVER_F1_2.py:52]: 
	=======================================
	loading malware dataset on = /home/dhiegorp/malware_dataset/	
	trainx shape = (1228, 9216)
	trainy shape = (1228, 9)
	valx shape = (407, 9216)
	valy shape = (407, 9)
	=======================================
	
[2017-12-13 22:15:21,982 AE_BIGRAMA_1L_MINIDS_OVER_F1_2.py:150]: >> Executing autoencoder part ... 
[2017-12-13 22:15:21,982 AE_BIGRAMA_1L_MINIDS_OVER_F1_2.py:57]: =======================================
[2017-12-13 22:15:21,982 AE_BIGRAMA_1L_MINIDS_OVER_F1_2.py:62]: setting configurations for autoencoder: 
	 {'hidden_layer_activation': 'relu', 'output_layer_activation': 'relu', 'loss_function': 'mse', 'optimizer': <keras.optimizers.SGD object at 0x7ff3bb540eb8>, 'discard_decoder_function': True}
[2017-12-13 22:15:22,024 AE_BIGRAMA_1L_MINIDS_OVER_F1_2.py:73]: training and evaluate autoencoder
[2017-12-14 01:33:06,430 AE_BIGRAMA_1L_MINIDS_OVER_F1_2.py:85]: trained and evaluated!
[2017-12-14 01:33:06,430 AE_BIGRAMA_1L_MINIDS_OVER_F1_2.py:88]: Training history: 
{'val_loss': [0.00011938682792214013, 0.00011938104117606682, 0.00011937526996514625, 0.00011936943107173053, 0.0001193635668822951, 0.00011935767836220041, 0.00011935182295039442, 0.00011934591253091871, 0.00011934004755489327, 0.00011933416704371508, 0.00011932824419969258, 0.00011932230809090215, 0.00011931633029284107, 0.0001193103587159919, 0.0001193043003103316, 0.00011929824909124368, 0.0001192922035928104, 0.00011928613925197091, 0.0001192800146297332, 0.00011927391961188323, 0.00011926774471939292, 0.00011926160931729663, 0.00011925548045819909, 0.0001192493398181284, 0.00011924317522281644, 0.00011923697369352798, 0.00011923076562124079, 0.00011922452313564054, 0.00011921829234162821, 0.00011921204871189705, 0.00011920581480727877, 0.00011919954257427443, 0.00011919322807993396, 0.00011918691726826493, 0.00011918055708019557, 0.00011917416882516441, 0.00011916775604282649, 0.00011916131971641936, 0.00011915487023250656, 0.00011914834988398445, 0.00011914186468173427, 0.00011913536991526462, 0.00011912885128293892, 0.00011912230453002026, 0.00011911575851006049, 0.00011910915674947211, 0.00011910257198995423, 0.0001190959832259781, 0.00011908938048215221, 0.00011908276082664105], 'val_acc': [0.0, 0.0, 0.0, 0.0, 0.0, 0.0, 0.0, 0.0, 0.0, 0.0, 0.0, 0.0, 0.0, 0.0, 0.0, 0.0, 0.0, 0.0, 0.0, 0.0, 0.0, 0.0, 0.0, 0.0, 0.0, 0.0, 0.0, 0.0, 0.0, 0.0, 0.0, 0.0, 0.0, 0.0, 0.0, 0.0, 0.0, 0.0, 0.0, 0.0, 0.0, 0.0, 0.0, 0.0, 0.0, 0.0, 0.0, 0.0, 0.0, 0.0], 'loss': [0.00012017349018703945, 0.00012016743286937499, 0.00012016136673524072, 0.00012015531918205357, 0.00012014922093416501, 0.00012014311012517697, 0.00012013699007311575, 0.00012013089395824408, 0.0001201247271220124, 0.00012011860633524535, 0.00012011247547589855, 0.00012010632316788192, 0.00012010017315878347, 0.00012009398835780954, 0.00012008781673413996, 0.00012008157533711788, 0.00012007533896453558, 0.00012006913017897172, 0.0001200629128613403, 0.0001200566332596157, 0.00012005037494065962, 0.00012004403390804857, 0.00012003774335683727, 0.00012003144434465896, 0.00012002510916599427, 0.00012001875223055731, 0.00012001238399013082, 0.00012000599975207766, 0.00011999957624281353, 0.00011999316550795055, 0.00011998674939314498, 0.00011998033894268426, 0.00011997389832188464, 0.00011996740608207626, 0.00011996094270909648, 0.0001199544451130457, 0.00011994794142604669, 0.00011994143216950358, 0.00011993488195903618, 0.00011992830830908317, 0.00011992168344302461, 0.00011991509479085281, 0.00011990848902714551, 0.000119901870986741, 0.00011989522147248727, 0.00011988857238483692, 0.00011988186980586298, 0.00011987516352965978, 0.00011986846872434742, 0.00011986174931824025], 'acc': [0.0, 0.0, 0.0, 0.0, 0.0, 0.0, 0.0, 0.0, 0.0, 0.0, 0.0, 0.0, 0.0, 0.0, 0.0, 0.0, 0.0, 0.0, 0.0, 0.0, 0.0, 0.0, 0.0, 0.0, 0.0, 0.0, 0.0, 0.0, 0.0, 0.0, 0.0, 0.0, 0.0, 0.0, 0.0, 0.0, 0.0, 0.0, 0.0, 0.0, 0.0, 0.0, 0.0, 0.0, 0.0, 0.0, 0.0, 0.0, 0.0, 0.0]}
[2017-12-14 01:33:06,430 AE_BIGRAMA_1L_MINIDS_OVER_F1_2.py:92]: done!
[2017-12-14 01:33:06,431 AE_BIGRAMA_1L_MINIDS_OVER_F1_2.py:152]: >> Executing classifier part ... 
[2017-12-14 01:33:06,431 AE_BIGRAMA_1L_MINIDS_OVER_F1_2.py:97]: =======================================
[2017-12-14 01:33:06,431 AE_BIGRAMA_1L_MINIDS_OVER_F1_2.py:101]: setting configurations for classifier: 
	 {'activation': 'sigmoid', 'loss_function': 'categorical_crossentropy', 'optimizer': <keras.optimizers.SGD object at 0x7ff3bb523400>, 'use_last_dim_as_classifier': False, 'classifier_dim': 9}
[2017-12-14 01:33:06,618 AE_BIGRAMA_1L_MINIDS_OVER_F1_2.py:110]: training ... 
[2017-12-14 02:59:07,118 AE_BIGRAMA_1L_MINIDS_OVER_F1_2.py:122]: trained!
[2017-12-14 02:59:07,120 AE_BIGRAMA_1L_MINIDS_OVER_F1_2.py:125]: Training history: 
{'val_loss': [0.00011938682792214013, 0.00011938104117606682, 0.00011937526996514625, 0.00011936943107173053, 0.0001193635668822951, 0.00011935767836220041, 0.00011935182295039442, 0.00011934591253091871, 0.00011934004755489327, 0.00011933416704371508, 0.00011932824419969258, 0.00011932230809090215, 0.00011931633029284107, 0.0001193103587159919, 0.0001193043003103316, 0.00011929824909124368, 0.0001192922035928104, 0.00011928613925197091, 0.0001192800146297332, 0.00011927391961188323, 0.00011926774471939292, 0.00011926160931729663, 0.00011925548045819909, 0.0001192493398181284, 0.00011924317522281644, 0.00011923697369352798, 0.00011923076562124079, 0.00011922452313564054, 0.00011921829234162821, 0.00011921204871189705, 0.00011920581480727877, 0.00011919954257427443, 0.00011919322807993396, 0.00011918691726826493, 0.00011918055708019557, 0.00011917416882516441, 0.00011916775604282649, 0.00011916131971641936, 0.00011915487023250656, 0.00011914834988398445, 0.00011914186468173427, 0.00011913536991526462, 0.00011912885128293892, 0.00011912230453002026, 0.00011911575851006049, 0.00011910915674947211, 0.00011910257198995423, 0.0001190959832259781, 0.00011908938048215221, 0.00011908276082664105], 'val_acc': [0.0, 0.0, 0.0, 0.0, 0.0, 0.0, 0.0, 0.0, 0.0, 0.0, 0.0, 0.0, 0.0, 0.0, 0.0, 0.0, 0.0, 0.0, 0.0, 0.0, 0.0, 0.0, 0.0, 0.0, 0.0, 0.0, 0.0, 0.0, 0.0, 0.0, 0.0, 0.0, 0.0, 0.0, 0.0, 0.0, 0.0, 0.0, 0.0, 0.0, 0.0, 0.0, 0.0, 0.0, 0.0, 0.0, 0.0, 0.0, 0.0, 0.0], 'loss': [0.00012017349018703945, 0.00012016743286937499, 0.00012016136673524072, 0.00012015531918205357, 0.00012014922093416501, 0.00012014311012517697, 0.00012013699007311575, 0.00012013089395824408, 0.0001201247271220124, 0.00012011860633524535, 0.00012011247547589855, 0.00012010632316788192, 0.00012010017315878347, 0.00012009398835780954, 0.00012008781673413996, 0.00012008157533711788, 0.00012007533896453558, 0.00012006913017897172, 0.0001200629128613403, 0.0001200566332596157, 0.00012005037494065962, 0.00012004403390804857, 0.00012003774335683727, 0.00012003144434465896, 0.00012002510916599427, 0.00012001875223055731, 0.00012001238399013082, 0.00012000599975207766, 0.00011999957624281353, 0.00011999316550795055, 0.00011998674939314498, 0.00011998033894268426, 0.00011997389832188464, 0.00011996740608207626, 0.00011996094270909648, 0.0001199544451130457, 0.00011994794142604669, 0.00011994143216950358, 0.00011993488195903618, 0.00011992830830908317, 0.00011992168344302461, 0.00011991509479085281, 0.00011990848902714551, 0.000119901870986741, 0.00011989522147248727, 0.00011988857238483692, 0.00011988186980586298, 0.00011987516352965978, 0.00011986846872434742, 0.00011986174931824025], 'acc': [0.0, 0.0, 0.0, 0.0, 0.0, 0.0, 0.0, 0.0, 0.0, 0.0, 0.0, 0.0, 0.0, 0.0, 0.0, 0.0, 0.0, 0.0, 0.0, 0.0, 0.0, 0.0, 0.0, 0.0, 0.0, 0.0, 0.0, 0.0, 0.0, 0.0, 0.0, 0.0, 0.0, 0.0, 0.0, 0.0, 0.0, 0.0, 0.0, 0.0, 0.0, 0.0, 0.0, 0.0, 0.0, 0.0, 0.0, 0.0, 0.0, 0.0]}
[2017-12-14 02:59:07,120 AE_BIGRAMA_1L_MINIDS_OVER_F1_2.py:129]: evaluating model ... 
[2017-12-14 02:59:14,880 AE_BIGRAMA_1L_MINIDS_OVER_F1_2.py:133]: evaluated! 
[2017-12-14 02:59:14,881 AE_BIGRAMA_1L_MINIDS_OVER_F1_2.py:135]: generating reports ... 
[2017-12-14 02:59:17,943 AE_BIGRAMA_1L_MINIDS_OVER_F1_2.py:138]: done!
[2017-12-14 02:59:17,945 AE_BIGRAMA_1L_MINIDS_OVER_F1_2.py:154]: >> experiment AE_BIGRAMA_1L_MINIDS_OVER_F1_2 finished!
