[2017-12-13 22:14:58,921 AE_BIGRAMA_1L_MINIDS_OVER_F1_7.py:145]: >> Initializing execution of experiment AE_BIGRAMA_1L_MINIDS_OVER_F1_7
[2017-12-13 22:14:58,921 AE_BIGRAMA_1L_MINIDS_OVER_F1_7.py:146]: >> Printing header log
[2017-12-13 22:14:58,921 AE_BIGRAMA_1L_MINIDS_OVER_F1_7.py:35]: 
	=======================================
	network_name = AE_BIGRAMA_1L_MINIDS_OVER_F1_7
	layers = 9216,15667
	using GLOBAL obj = 
		{'numpy_seed': 666, 'log_format': '[%(asctime)s %(filename)s:%(lineno)s]: %(message)s', 'log_dir': '/home/dhiegorp/deepnn/logs/1layer/bigram/', 'reports_dir': '/home/dhiegorp/deepnn/reports/1layer/bigram/', 'fullds_reports_dir': '/home/dhiegorp/deepnn/reports/1layer/bigram/fullds/', 'tensorflow_dir': '/home/dhiegorp/deepnn/tensorflow/1layer/bigram/', 'checkpoints_dir': '/home/dhiegorp/deepnn/checkpoints/1layer/bigram/', 'executed_path': '/home/dhiegorp/deepnn/executed/1layer/bigram/', 'data_dir': '/home/dhiegorp/malware_dataset/', 'fullds_data_dir': '/home/dhiegorp/malware_dataset/', 'data_target_list': [1, 2, 3, 4, 5, 6, 7, 8, 9], 'epochs': 50, 'batch': 32, 'store_history': True, 'shuffle_batches': True, 'autoencoder_configs': {'hidden_layer_activation': 'relu', 'output_layer_activation': 'relu', 'loss_function': 'mse', 'optimizer': <keras.optimizers.SGD object at 0x7f64ab840e48>, 'discard_decoder_function': True}, 'mlp_configs': {'activation': 'sigmoid', 'loss_function': 'categorical_crossentropy', 'optimizer': <keras.optimizers.SGD object at 0x7f64ab8a2390>, 'use_last_dim_as_classifier': False, 'classifier_dim': 9}}
	=======================================
	
[2017-12-13 22:14:58,922 AE_BIGRAMA_1L_MINIDS_OVER_F1_7.py:148]: >> Loading dataset... 
[2017-12-13 22:15:24,930 AE_BIGRAMA_1L_MINIDS_OVER_F1_7.py:52]: 
	=======================================
	loading malware dataset on = /home/dhiegorp/malware_dataset/	
	trainx shape = (1228, 9216)
	trainy shape = (1228, 9)
	valx shape = (407, 9216)
	valy shape = (407, 9)
	=======================================
	
[2017-12-13 22:15:24,930 AE_BIGRAMA_1L_MINIDS_OVER_F1_7.py:150]: >> Executing autoencoder part ... 
[2017-12-13 22:15:24,930 AE_BIGRAMA_1L_MINIDS_OVER_F1_7.py:57]: =======================================
[2017-12-13 22:15:24,930 AE_BIGRAMA_1L_MINIDS_OVER_F1_7.py:62]: setting configurations for autoencoder: 
	 {'hidden_layer_activation': 'relu', 'output_layer_activation': 'relu', 'loss_function': 'mse', 'optimizer': <keras.optimizers.SGD object at 0x7f64ab840e48>, 'discard_decoder_function': True}
[2017-12-13 22:15:24,976 AE_BIGRAMA_1L_MINIDS_OVER_F1_7.py:73]: training and evaluate autoencoder
[2017-12-14 02:33:41,076 AE_BIGRAMA_1L_MINIDS_OVER_F1_7.py:85]: trained and evaluated!
[2017-12-14 02:33:41,078 AE_BIGRAMA_1L_MINIDS_OVER_F1_7.py:88]: Training history: 
{'val_loss': [0.00011845195392937301, 0.00011844759573802439, 0.00011844325079356666, 0.00011843885189618489, 0.00011843441817431805, 0.00011842997669381334, 0.00011842553292504679, 0.00011842107101107881, 0.00011841657328938822, 0.00011841203117899308, 0.00011840742358497941, 0.00011840284668585327, 0.00011839820839695207, 0.0001183935383047865, 0.00011838887157350554, 0.00011838414018095015, 0.00011837940389008423, 0.00011837462998591409, 0.00011836988298669777, 0.00011836509723004632, 0.00011836027648801635, 0.00011835540728131538, 0.00011835053137072227, 0.00011834560910494956, 0.00011834063771305518, 0.00011833567940715828, 0.00011833066232153501, 0.00011832555408085553, 0.00011832047421104762, 0.00011831534047770092, 0.00011831016072883849, 0.00011830494828285942, 0.00011829968483366887, 0.00011829438804378802, 0.00011828904743726807, 0.00011828368378723616, 0.00011827826714964072, 0.00011827282886294286, 0.0001182673519081951, 0.00011826188566179772, 0.00011825631528160894, 0.00011825068268930101, 0.00011824496457320626, 0.00011823916281041454, 0.00011823336203086032, 0.00011822749544590075, 0.00011822160751574858, 0.0001182156915543887, 0.00011820970365579678, 0.00011820363793842476], 'val_acc': [0.0, 0.0, 0.0, 0.0, 0.0, 0.0, 0.0, 0.0, 0.0, 0.0, 0.0, 0.0, 0.0, 0.0, 0.0, 0.0, 0.0, 0.0, 0.0, 0.0, 0.0, 0.0, 0.0, 0.0, 0.0, 0.0, 0.0, 0.0, 0.0, 0.0, 0.0, 0.0, 0.0, 0.0, 0.0, 0.0, 0.0, 0.0, 0.0, 0.0, 0.0, 0.0, 0.0, 0.0, 0.0, 0.0, 0.0, 0.0, 0.0, 0.0], 'loss': [0.00011917494150869858, 0.00011917032345603084, 0.0001191656682888692, 0.00011916102712851849, 0.00011915635750424238, 0.00011915165927383976, 0.00011914696244174821, 0.00011914225195834856, 0.00011913752142459015, 0.00011913276017538851, 0.00011912794429725431, 0.00011912306833914435, 0.00011911822129526336, 0.000119113321542165, 0.00011910839671426807, 0.0001191034623825959, 0.00011909846346791233, 0.00011909347908144379, 0.00011908844426097592, 0.00011908342584103789, 0.00011907836291214742, 0.0001190732520377773, 0.00011906812575828521, 0.00011906300078230343, 0.00011905783625070843, 0.00011905264894323308, 0.00011904746545148795, 0.00011904215540074067, 0.00011903676775557896, 0.00011903140722343194, 0.00011902598753561651, 0.00011902054381581078, 0.00011901506653653931, 0.00011900954749753717, 0.00011900403198986299, 0.0001189984730871452, 0.0001189928780416412, 0.00011898721784432131, 0.00011898152449043886, 0.00011897578622470079, 0.00011897002821670639, 0.00011896415734841831, 0.00011895823341541004, 0.00011895220117254413, 0.00011894611453774753, 0.00011894002906426011, 0.00011893387623483933, 0.00011892764118946755, 0.00011892135341117819, 0.00011891498121282037], 'acc': [0.0, 0.0, 0.0, 0.0, 0.0, 0.0, 0.0, 0.0, 0.0, 0.0, 0.0, 0.0, 0.0, 0.0, 0.0, 0.0, 0.0, 0.0, 0.0, 0.0, 0.0, 0.0, 0.0, 0.0, 0.0, 0.0, 0.0, 0.0, 0.0, 0.0, 0.0, 0.0, 0.0, 0.0, 0.0, 0.0, 0.0, 0.0, 0.0, 0.0, 0.0, 0.0, 0.0, 0.0, 0.0, 0.0, 0.0, 0.0, 0.0, 0.0]}
[2017-12-14 02:33:41,078 AE_BIGRAMA_1L_MINIDS_OVER_F1_7.py:92]: done!
[2017-12-14 02:33:41,079 AE_BIGRAMA_1L_MINIDS_OVER_F1_7.py:152]: >> Executing classifier part ... 
[2017-12-14 02:33:41,079 AE_BIGRAMA_1L_MINIDS_OVER_F1_7.py:97]: =======================================
[2017-12-14 02:33:41,079 AE_BIGRAMA_1L_MINIDS_OVER_F1_7.py:101]: setting configurations for classifier: 
	 {'activation': 'sigmoid', 'loss_function': 'categorical_crossentropy', 'optimizer': <keras.optimizers.SGD object at 0x7f64ab8a2390>, 'use_last_dim_as_classifier': False, 'classifier_dim': 9}
[2017-12-14 02:33:41,295 AE_BIGRAMA_1L_MINIDS_OVER_F1_7.py:110]: training ... 
[2017-12-14 03:46:00,909 AE_BIGRAMA_1L_MINIDS_OVER_F1_7.py:122]: trained!
[2017-12-14 03:46:00,913 AE_BIGRAMA_1L_MINIDS_OVER_F1_7.py:125]: Training history: 
{'val_loss': [0.00011845195392937301, 0.00011844759573802439, 0.00011844325079356666, 0.00011843885189618489, 0.00011843441817431805, 0.00011842997669381334, 0.00011842553292504679, 0.00011842107101107881, 0.00011841657328938822, 0.00011841203117899308, 0.00011840742358497941, 0.00011840284668585327, 0.00011839820839695207, 0.0001183935383047865, 0.00011838887157350554, 0.00011838414018095015, 0.00011837940389008423, 0.00011837462998591409, 0.00011836988298669777, 0.00011836509723004632, 0.00011836027648801635, 0.00011835540728131538, 0.00011835053137072227, 0.00011834560910494956, 0.00011834063771305518, 0.00011833567940715828, 0.00011833066232153501, 0.00011832555408085553, 0.00011832047421104762, 0.00011831534047770092, 0.00011831016072883849, 0.00011830494828285942, 0.00011829968483366887, 0.00011829438804378802, 0.00011828904743726807, 0.00011828368378723616, 0.00011827826714964072, 0.00011827282886294286, 0.0001182673519081951, 0.00011826188566179772, 0.00011825631528160894, 0.00011825068268930101, 0.00011824496457320626, 0.00011823916281041454, 0.00011823336203086032, 0.00011822749544590075, 0.00011822160751574858, 0.0001182156915543887, 0.00011820970365579678, 0.00011820363793842476], 'val_acc': [0.0, 0.0, 0.0, 0.0, 0.0, 0.0, 0.0, 0.0, 0.0, 0.0, 0.0, 0.0, 0.0, 0.0, 0.0, 0.0, 0.0, 0.0, 0.0, 0.0, 0.0, 0.0, 0.0, 0.0, 0.0, 0.0, 0.0, 0.0, 0.0, 0.0, 0.0, 0.0, 0.0, 0.0, 0.0, 0.0, 0.0, 0.0, 0.0, 0.0, 0.0, 0.0, 0.0, 0.0, 0.0, 0.0, 0.0, 0.0, 0.0, 0.0], 'loss': [0.00011917494150869858, 0.00011917032345603084, 0.0001191656682888692, 0.00011916102712851849, 0.00011915635750424238, 0.00011915165927383976, 0.00011914696244174821, 0.00011914225195834856, 0.00011913752142459015, 0.00011913276017538851, 0.00011912794429725431, 0.00011912306833914435, 0.00011911822129526336, 0.000119113321542165, 0.00011910839671426807, 0.0001191034623825959, 0.00011909846346791233, 0.00011909347908144379, 0.00011908844426097592, 0.00011908342584103789, 0.00011907836291214742, 0.0001190732520377773, 0.00011906812575828521, 0.00011906300078230343, 0.00011905783625070843, 0.00011905264894323308, 0.00011904746545148795, 0.00011904215540074067, 0.00011903676775557896, 0.00011903140722343194, 0.00011902598753561651, 0.00011902054381581078, 0.00011901506653653931, 0.00011900954749753717, 0.00011900403198986299, 0.0001189984730871452, 0.0001189928780416412, 0.00011898721784432131, 0.00011898152449043886, 0.00011897578622470079, 0.00011897002821670639, 0.00011896415734841831, 0.00011895823341541004, 0.00011895220117254413, 0.00011894611453774753, 0.00011894002906426011, 0.00011893387623483933, 0.00011892764118946755, 0.00011892135341117819, 0.00011891498121282037], 'acc': [0.0, 0.0, 0.0, 0.0, 0.0, 0.0, 0.0, 0.0, 0.0, 0.0, 0.0, 0.0, 0.0, 0.0, 0.0, 0.0, 0.0, 0.0, 0.0, 0.0, 0.0, 0.0, 0.0, 0.0, 0.0, 0.0, 0.0, 0.0, 0.0, 0.0, 0.0, 0.0, 0.0, 0.0, 0.0, 0.0, 0.0, 0.0, 0.0, 0.0, 0.0, 0.0, 0.0, 0.0, 0.0, 0.0, 0.0, 0.0, 0.0, 0.0]}
[2017-12-14 03:46:00,917 AE_BIGRAMA_1L_MINIDS_OVER_F1_7.py:129]: evaluating model ... 
[2017-12-14 03:46:04,194 AE_BIGRAMA_1L_MINIDS_OVER_F1_7.py:133]: evaluated! 
[2017-12-14 03:46:04,195 AE_BIGRAMA_1L_MINIDS_OVER_F1_7.py:135]: generating reports ... 
[2017-12-14 03:46:05,525 AE_BIGRAMA_1L_MINIDS_OVER_F1_7.py:138]: done!
[2017-12-14 03:46:05,525 AE_BIGRAMA_1L_MINIDS_OVER_F1_7.py:154]: >> experiment AE_BIGRAMA_1L_MINIDS_OVER_F1_7 finished!
