[2017-12-13 22:14:58,908 AE_BIGRAMA_1L_MINIDS_OVER_F1_3.py:145]: >> Initializing execution of experiment AE_BIGRAMA_1L_MINIDS_OVER_F1_3
[2017-12-13 22:14:58,908 AE_BIGRAMA_1L_MINIDS_OVER_F1_3.py:146]: >> Printing header log
[2017-12-13 22:14:58,908 AE_BIGRAMA_1L_MINIDS_OVER_F1_3.py:35]: 
	=======================================
	network_name = AE_BIGRAMA_1L_MINIDS_OVER_F1_3
	layers = 9216,11981
	using GLOBAL obj = 
		{'numpy_seed': 666, 'log_format': '[%(asctime)s %(filename)s:%(lineno)s]: %(message)s', 'log_dir': '/home/dhiegorp/deepnn/logs/1layer/bigram/', 'reports_dir': '/home/dhiegorp/deepnn/reports/1layer/bigram/', 'fullds_reports_dir': '/home/dhiegorp/deepnn/reports/1layer/bigram/fullds/', 'tensorflow_dir': '/home/dhiegorp/deepnn/tensorflow/1layer/bigram/', 'checkpoints_dir': '/home/dhiegorp/deepnn/checkpoints/1layer/bigram/', 'executed_path': '/home/dhiegorp/deepnn/executed/1layer/bigram/', 'data_dir': '/home/dhiegorp/malware_dataset/', 'fullds_data_dir': '/home/dhiegorp/malware_dataset/', 'data_target_list': [1, 2, 3, 4, 5, 6, 7, 8, 9], 'epochs': 50, 'batch': 32, 'store_history': True, 'shuffle_batches': True, 'autoencoder_configs': {'hidden_layer_activation': 'relu', 'output_layer_activation': 'relu', 'loss_function': 'mse', 'optimizer': <keras.optimizers.SGD object at 0x7efe2b5dde80>, 'discard_decoder_function': True}, 'mlp_configs': {'activation': 'sigmoid', 'loss_function': 'categorical_crossentropy', 'optimizer': <keras.optimizers.SGD object at 0x7efe2b5c03c8>, 'use_last_dim_as_classifier': False, 'classifier_dim': 9}}
	=======================================
	
[2017-12-13 22:14:58,908 AE_BIGRAMA_1L_MINIDS_OVER_F1_3.py:148]: >> Loading dataset... 
[2017-12-13 22:15:21,756 AE_BIGRAMA_1L_MINIDS_OVER_F1_3.py:52]: 
	=======================================
	loading malware dataset on = /home/dhiegorp/malware_dataset/	
	trainx shape = (1228, 9216)
	trainy shape = (1228, 9)
	valx shape = (407, 9216)
	valy shape = (407, 9)
	=======================================
	
[2017-12-13 22:15:21,756 AE_BIGRAMA_1L_MINIDS_OVER_F1_3.py:150]: >> Executing autoencoder part ... 
[2017-12-13 22:15:21,756 AE_BIGRAMA_1L_MINIDS_OVER_F1_3.py:57]: =======================================
[2017-12-13 22:15:21,757 AE_BIGRAMA_1L_MINIDS_OVER_F1_3.py:62]: setting configurations for autoencoder: 
	 {'hidden_layer_activation': 'relu', 'output_layer_activation': 'relu', 'loss_function': 'mse', 'optimizer': <keras.optimizers.SGD object at 0x7efe2b5dde80>, 'discard_decoder_function': True}
[2017-12-13 22:15:21,798 AE_BIGRAMA_1L_MINIDS_OVER_F1_3.py:73]: training and evaluate autoencoder
[2017-12-14 01:49:27,726 AE_BIGRAMA_1L_MINIDS_OVER_F1_3.py:85]: trained and evaluated!
[2017-12-14 01:49:27,728 AE_BIGRAMA_1L_MINIDS_OVER_F1_3.py:88]: Training history: 
{'val_loss': [0.00011999954024578058, 0.0001199941809041167, 0.00011998880988874196, 0.00011998338173832905, 0.00011997793217121535, 0.00011997249527892707, 0.00011996705355983644, 0.00011996155168448691, 0.00011995602528183064, 0.00011995051523667121, 0.00011994499448316139, 0.00011993942485380854, 0.0001199338563685866, 0.00011992822601090938, 0.00011992258192366104, 0.00011991693669228176, 0.00011991128246874848, 0.00011990558991682914, 0.00011989987022755439, 0.00011989411351491791, 0.00011988832909286055, 0.00011988252266415988, 0.00011987675304429638, 0.00011987092441230491, 0.00011986507518595675, 0.00011985923314618098, 0.00011985330951556847, 0.00011984736298446038, 0.00011984144180300314, 0.00011983550892995798, 0.00011982951359451504, 0.00011982353626125714, 0.00011981753284538952, 0.00011981144728449675, 0.00011980537552468327, 0.00011979932650447199, 0.00011979323046763041, 0.00011978716247987359, 0.00011978106376147516, 0.00011977497575142711, 0.00011976887433359478, 0.0001197627089159387, 0.00011975655125692048, 0.00011975040922244022, 0.00011974421772217442, 0.00011973803079843232, 0.0001197318408534695, 0.00011972562507617559, 0.00011971939270898325, 0.00011971320195955337], 'val_acc': [0.0, 0.0, 0.0, 0.0, 0.0, 0.0, 0.0, 0.0, 0.0, 0.0, 0.0, 0.0, 0.0, 0.0, 0.0, 0.0, 0.0, 0.0, 0.0, 0.0, 0.0, 0.0, 0.0, 0.0, 0.0, 0.0, 0.0, 0.0, 0.0, 0.0, 0.0, 0.0, 0.0, 0.0, 0.0, 0.0, 0.0, 0.0, 0.0, 0.0, 0.0, 0.0, 0.0, 0.0, 0.0, 0.0, 0.0, 0.0, 0.0, 0.0], 'loss': [0.00012076988526455397, 0.00012076449603147968, 0.00012075908852556072, 0.00012075367198987023, 0.0001207482109926277, 0.00012074273793198963, 0.00012073727100970017, 0.00012073180103008651, 0.00012072626784207233, 0.00012072070716184045, 0.00012071516269253694, 0.00012070958383426113, 0.00012070399535370912, 0.00012069840173021638, 0.00012069273454134113, 0.00012068706088231464, 0.00012068138767359172, 0.00012067570801841774, 0.00012067000174793302, 0.00012066426855403511, 0.00012065851059344109, 0.00012065271646636068, 0.00012064689555806821, 0.00012064111638580622, 0.00012063527945618688, 0.00012062941709626618, 0.00012062356345801454, 0.00012061761980645013, 0.00012061167361896564, 0.0001206057448274189, 0.00012059978330591299, 0.00012059375018614014, 0.00012058773112057856, 0.00012058168133957378, 0.00012057554666449677, 0.0001205694322767804, 0.00012056333071086556, 0.00012055718105726993, 0.00012055104503128223, 0.00012054488537620741, 0.00012053874863921407, 0.00012053260223254415, 0.00012052636728197312, 0.00012052014065016795, 0.00012051391430276504, 0.00012050763780576502, 0.00012050136372618413, 0.00012049507281947001, 0.00012048874773708526, 0.00012048242611492793], 'acc': [0.0, 0.0, 0.0, 0.0, 0.0, 0.0, 0.0, 0.0, 0.0, 0.0, 0.0, 0.0, 0.0, 0.0, 0.0, 0.0, 0.0, 0.0, 0.0, 0.0, 0.0, 0.0, 0.0, 0.0, 0.0, 0.0, 0.0, 0.0, 0.0, 0.0, 0.0, 0.0, 0.0, 0.0, 0.0, 0.0, 0.0, 0.0, 0.0, 0.0, 0.0, 0.0, 0.0, 0.0, 0.0, 0.0, 0.0, 0.0, 0.0, 0.0]}
[2017-12-14 01:49:27,729 AE_BIGRAMA_1L_MINIDS_OVER_F1_3.py:92]: done!
[2017-12-14 01:49:27,729 AE_BIGRAMA_1L_MINIDS_OVER_F1_3.py:152]: >> Executing classifier part ... 
[2017-12-14 01:49:27,729 AE_BIGRAMA_1L_MINIDS_OVER_F1_3.py:97]: =======================================
[2017-12-14 01:49:27,730 AE_BIGRAMA_1L_MINIDS_OVER_F1_3.py:101]: setting configurations for classifier: 
	 {'activation': 'sigmoid', 'loss_function': 'categorical_crossentropy', 'optimizer': <keras.optimizers.SGD object at 0x7efe2b5c03c8>, 'use_last_dim_as_classifier': False, 'classifier_dim': 9}
[2017-12-14 01:49:28,044 AE_BIGRAMA_1L_MINIDS_OVER_F1_3.py:110]: training ... 
[2017-12-14 03:09:58,924 AE_BIGRAMA_1L_MINIDS_OVER_F1_3.py:122]: trained!
[2017-12-14 03:09:58,927 AE_BIGRAMA_1L_MINIDS_OVER_F1_3.py:125]: Training history: 
{'val_loss': [0.00011999954024578058, 0.0001199941809041167, 0.00011998880988874196, 0.00011998338173832905, 0.00011997793217121535, 0.00011997249527892707, 0.00011996705355983644, 0.00011996155168448691, 0.00011995602528183064, 0.00011995051523667121, 0.00011994499448316139, 0.00011993942485380854, 0.0001199338563685866, 0.00011992822601090938, 0.00011992258192366104, 0.00011991693669228176, 0.00011991128246874848, 0.00011990558991682914, 0.00011989987022755439, 0.00011989411351491791, 0.00011988832909286055, 0.00011988252266415988, 0.00011987675304429638, 0.00011987092441230491, 0.00011986507518595675, 0.00011985923314618098, 0.00011985330951556847, 0.00011984736298446038, 0.00011984144180300314, 0.00011983550892995798, 0.00011982951359451504, 0.00011982353626125714, 0.00011981753284538952, 0.00011981144728449675, 0.00011980537552468327, 0.00011979932650447199, 0.00011979323046763041, 0.00011978716247987359, 0.00011978106376147516, 0.00011977497575142711, 0.00011976887433359478, 0.0001197627089159387, 0.00011975655125692048, 0.00011975040922244022, 0.00011974421772217442, 0.00011973803079843232, 0.0001197318408534695, 0.00011972562507617559, 0.00011971939270898325, 0.00011971320195955337], 'val_acc': [0.0, 0.0, 0.0, 0.0, 0.0, 0.0, 0.0, 0.0, 0.0, 0.0, 0.0, 0.0, 0.0, 0.0, 0.0, 0.0, 0.0, 0.0, 0.0, 0.0, 0.0, 0.0, 0.0, 0.0, 0.0, 0.0, 0.0, 0.0, 0.0, 0.0, 0.0, 0.0, 0.0, 0.0, 0.0, 0.0, 0.0, 0.0, 0.0, 0.0, 0.0, 0.0, 0.0, 0.0, 0.0, 0.0, 0.0, 0.0, 0.0, 0.0], 'loss': [0.00012076988526455397, 0.00012076449603147968, 0.00012075908852556072, 0.00012075367198987023, 0.0001207482109926277, 0.00012074273793198963, 0.00012073727100970017, 0.00012073180103008651, 0.00012072626784207233, 0.00012072070716184045, 0.00012071516269253694, 0.00012070958383426113, 0.00012070399535370912, 0.00012069840173021638, 0.00012069273454134113, 0.00012068706088231464, 0.00012068138767359172, 0.00012067570801841774, 0.00012067000174793302, 0.00012066426855403511, 0.00012065851059344109, 0.00012065271646636068, 0.00012064689555806821, 0.00012064111638580622, 0.00012063527945618688, 0.00012062941709626618, 0.00012062356345801454, 0.00012061761980645013, 0.00012061167361896564, 0.0001206057448274189, 0.00012059978330591299, 0.00012059375018614014, 0.00012058773112057856, 0.00012058168133957378, 0.00012057554666449677, 0.0001205694322767804, 0.00012056333071086556, 0.00012055718105726993, 0.00012055104503128223, 0.00012054488537620741, 0.00012053874863921407, 0.00012053260223254415, 0.00012052636728197312, 0.00012052014065016795, 0.00012051391430276504, 0.00012050763780576502, 0.00012050136372618413, 0.00012049507281947001, 0.00012048874773708526, 0.00012048242611492793], 'acc': [0.0, 0.0, 0.0, 0.0, 0.0, 0.0, 0.0, 0.0, 0.0, 0.0, 0.0, 0.0, 0.0, 0.0, 0.0, 0.0, 0.0, 0.0, 0.0, 0.0, 0.0, 0.0, 0.0, 0.0, 0.0, 0.0, 0.0, 0.0, 0.0, 0.0, 0.0, 0.0, 0.0, 0.0, 0.0, 0.0, 0.0, 0.0, 0.0, 0.0, 0.0, 0.0, 0.0, 0.0, 0.0, 0.0, 0.0, 0.0, 0.0, 0.0]}
[2017-12-14 03:09:58,928 AE_BIGRAMA_1L_MINIDS_OVER_F1_3.py:129]: evaluating model ... 
[2017-12-14 03:10:05,788 AE_BIGRAMA_1L_MINIDS_OVER_F1_3.py:133]: evaluated! 
[2017-12-14 03:10:05,789 AE_BIGRAMA_1L_MINIDS_OVER_F1_3.py:135]: generating reports ... 
[2017-12-14 03:10:07,611 AE_BIGRAMA_1L_MINIDS_OVER_F1_3.py:138]: done!
[2017-12-14 03:10:07,613 AE_BIGRAMA_1L_MINIDS_OVER_F1_3.py:154]: >> experiment AE_BIGRAMA_1L_MINIDS_OVER_F1_3 finished!
