[2017-12-13 22:14:58,943 AE_BIGRAMA_1L_MINIDS_UNDER_F0_5.py:145]: >> Initializing execution of experiment AE_BIGRAMA_1L_MINIDS_UNDER_F0_5
[2017-12-13 22:14:58,943 AE_BIGRAMA_1L_MINIDS_UNDER_F0_5.py:146]: >> Printing header log
[2017-12-13 22:14:58,943 AE_BIGRAMA_1L_MINIDS_UNDER_F0_5.py:35]: 
	=======================================
	network_name = AE_BIGRAMA_1L_MINIDS_UNDER_F0_5
	layers = 9216,4608
	using GLOBAL obj = 
		{'numpy_seed': 666, 'log_format': '[%(asctime)s %(filename)s:%(lineno)s]: %(message)s', 'log_dir': '/home/dhiegorp/deepnn/logs/1layer/bigram/', 'reports_dir': '/home/dhiegorp/deepnn/reports/1layer/bigram/', 'fullds_reports_dir': '/home/dhiegorp/deepnn/reports/1layer/bigram/fullds/', 'tensorflow_dir': '/home/dhiegorp/deepnn/tensorflow/1layer/bigram/', 'checkpoints_dir': '/home/dhiegorp/deepnn/checkpoints/1layer/bigram/', 'executed_path': '/home/dhiegorp/deepnn/executed/1layer/bigram/', 'data_dir': '/home/dhiegorp/malware_dataset/', 'fullds_data_dir': '/home/dhiegorp/malware_dataset/', 'data_target_list': [1, 2, 3, 4, 5, 6, 7, 8, 9], 'epochs': 50, 'batch': 32, 'store_history': True, 'shuffle_batches': True, 'autoencoder_configs': {'hidden_layer_activation': 'relu', 'output_layer_activation': 'relu', 'loss_function': 'mse', 'optimizer': <keras.optimizers.SGD object at 0x7f2d7f828ef0>, 'discard_decoder_function': True}, 'mlp_configs': {'activation': 'sigmoid', 'loss_function': 'categorical_crossentropy', 'optimizer': <keras.optimizers.SGD object at 0x7f2d7f80c438>, 'use_last_dim_as_classifier': False, 'classifier_dim': 9}}
	=======================================
	
[2017-12-13 22:14:58,943 AE_BIGRAMA_1L_MINIDS_UNDER_F0_5.py:148]: >> Loading dataset... 
[2017-12-13 22:15:23,054 AE_BIGRAMA_1L_MINIDS_UNDER_F0_5.py:52]: 
	=======================================
	loading malware dataset on = /home/dhiegorp/malware_dataset/	
	trainx shape = (1228, 9216)
	trainy shape = (1228, 9)
	valx shape = (407, 9216)
	valy shape = (407, 9)
	=======================================
	
[2017-12-13 22:15:23,055 AE_BIGRAMA_1L_MINIDS_UNDER_F0_5.py:150]: >> Executing autoencoder part ... 
[2017-12-13 22:15:23,055 AE_BIGRAMA_1L_MINIDS_UNDER_F0_5.py:57]: =======================================
[2017-12-13 22:15:23,055 AE_BIGRAMA_1L_MINIDS_UNDER_F0_5.py:62]: setting configurations for autoencoder: 
	 {'hidden_layer_activation': 'relu', 'output_layer_activation': 'relu', 'loss_function': 'mse', 'optimizer': <keras.optimizers.SGD object at 0x7f2d7f828ef0>, 'discard_decoder_function': True}
[2017-12-13 22:15:23,105 AE_BIGRAMA_1L_MINIDS_UNDER_F0_5.py:73]: training and evaluate autoencoder
[2017-12-14 00:11:53,078 AE_BIGRAMA_1L_MINIDS_UNDER_F0_5.py:85]: trained and evaluated!
[2017-12-14 00:11:53,079 AE_BIGRAMA_1L_MINIDS_UNDER_F0_5.py:88]: Training history: 
{'val_loss': [0.00011784031851896764, 0.00011783688378429351, 0.00011783345371552832, 0.00011783001129372453, 0.00011782657541491947, 0.00011782315244334144, 0.00011781967775347009, 0.00011781620258091851, 0.00011781273827761073, 0.00011780927152514769, 0.00011780578424983615, 0.00011780226779918597, 0.00011779874954295415, 0.00011779524780511262, 0.00011779174165164077, 0.00011778819380889827, 0.00011778469051575376, 0.00011778116205172884, 0.00011777763832512104, 0.00011777409799073774, 0.0001177705641993532, 0.00011776701235215246, 0.00011776343915975911, 0.00011775985795844928, 0.00011775627831244242, 0.00011775267887654593, 0.00011774909284843375, 0.00011774549341253726, 0.00011774185711417247, 0.00011773823225711694, 0.00011773460548721753, 0.00011773097240672097, 0.00011772732182459663, 0.00011772368457874841, 0.00011772002280559345, 0.00011771634403136799, 0.00011771265626498853, 0.00011770897005391204, 0.00011770530322155313, 0.00011770161799371416, 0.00011769791903630407, 0.00011769421312472318, 0.00011769052323097528, 0.00011768682237859834, 0.00011768310461453613, 0.00011767939149850581, 0.00011767565803839745, 0.00011767190659398107, 0.00011766816103111275, 0.00011766439421243704], 'val_acc': [0.0, 0.0, 0.0, 0.0, 0.0, 0.0, 0.0, 0.0, 0.0, 0.0, 0.0, 0.0, 0.0, 0.0, 0.0, 0.0, 0.0, 0.0, 0.0, 0.0, 0.0, 0.0, 0.0, 0.0, 0.0, 0.0, 0.0, 0.0, 0.0, 0.0, 0.0, 0.0, 0.0, 0.0, 0.0, 0.0, 0.0, 0.0, 0.0, 0.0, 0.0, 0.0, 0.0, 0.0, 0.0, 0.0, 0.0, 0.0, 0.0, 0.0], 'loss': [0.00011865835641025405, 0.00011865486816923265, 0.00011865136492599245, 0.00011864786869800781, 0.00011864435113985425, 0.00011864083656792435, 0.00011863733680861174, 0.00011863378016884873, 0.0001186302204717615, 0.0001186266807065321, 0.00011862314558653949, 0.0001186195856524504, 0.00011861600682931172, 0.00011861242589685635, 0.00011860885762030119, 0.00011860528050357604, 0.00011860166302543127, 0.00011859808721221643, 0.00011859447172488745, 0.00011859086673674158, 0.00011858723963632063, 0.00011858361253589969, 0.00011857996187749218, 0.00011857627590580506, 0.00011857258341656634, 0.0001185688896001171, 0.00011856516961866067, 0.00011856145314483202, 0.00011855772057857594, 0.0001185539487648091, 0.00011855019659849781, 0.00011854645410186311, 0.00011854269996843626, 0.00011853893618903302, 0.00011853519120387861, 0.00011853142514925735, 0.00011852763406723792, 0.00011852383819778058, 0.00011852005228240206, 0.00011851629129962098, 0.00011851250573974527, 0.00011850869934740461, 0.00011850488947113636, 0.00011850108108797993, 0.00011849726495486214, 0.00011849341270265834, 0.00011848957007273073, 0.00011848569698806197, 0.0001184818137360127, 0.00011847794299766251], 'acc': [0.0, 0.0, 0.0, 0.0, 0.0, 0.0, 0.0, 0.0, 0.0, 0.0, 0.0, 0.0, 0.0, 0.0, 0.0, 0.0, 0.0, 0.0, 0.0, 0.0, 0.0, 0.0, 0.0, 0.0, 0.0, 0.0, 0.0, 0.0, 0.0, 0.0, 0.0, 0.0, 0.0, 0.0, 0.0, 0.0, 0.0, 0.0, 0.0, 0.0, 0.0, 0.0, 0.0, 0.0, 0.0, 0.0, 0.0, 0.0, 0.0, 0.0]}
[2017-12-14 00:11:53,079 AE_BIGRAMA_1L_MINIDS_UNDER_F0_5.py:92]: done!
[2017-12-14 00:11:53,080 AE_BIGRAMA_1L_MINIDS_UNDER_F0_5.py:152]: >> Executing classifier part ... 
[2017-12-14 00:11:53,080 AE_BIGRAMA_1L_MINIDS_UNDER_F0_5.py:97]: =======================================
[2017-12-14 00:11:53,080 AE_BIGRAMA_1L_MINIDS_UNDER_F0_5.py:101]: setting configurations for classifier: 
	 {'activation': 'sigmoid', 'loss_function': 'categorical_crossentropy', 'optimizer': <keras.optimizers.SGD object at 0x7f2d7f80c438>, 'use_last_dim_as_classifier': False, 'classifier_dim': 9}
[2017-12-14 00:11:53,366 AE_BIGRAMA_1L_MINIDS_UNDER_F0_5.py:110]: training ... 
[2017-12-14 01:08:19,724 AE_BIGRAMA_1L_MINIDS_UNDER_F0_5.py:122]: trained!
[2017-12-14 01:08:19,725 AE_BIGRAMA_1L_MINIDS_UNDER_F0_5.py:125]: Training history: 
{'val_loss': [0.00011784031851896764, 0.00011783688378429351, 0.00011783345371552832, 0.00011783001129372453, 0.00011782657541491947, 0.00011782315244334144, 0.00011781967775347009, 0.00011781620258091851, 0.00011781273827761073, 0.00011780927152514769, 0.00011780578424983615, 0.00011780226779918597, 0.00011779874954295415, 0.00011779524780511262, 0.00011779174165164077, 0.00011778819380889827, 0.00011778469051575376, 0.00011778116205172884, 0.00011777763832512104, 0.00011777409799073774, 0.0001177705641993532, 0.00011776701235215246, 0.00011776343915975911, 0.00011775985795844928, 0.00011775627831244242, 0.00011775267887654593, 0.00011774909284843375, 0.00011774549341253726, 0.00011774185711417247, 0.00011773823225711694, 0.00011773460548721753, 0.00011773097240672097, 0.00011772732182459663, 0.00011772368457874841, 0.00011772002280559345, 0.00011771634403136799, 0.00011771265626498853, 0.00011770897005391204, 0.00011770530322155313, 0.00011770161799371416, 0.00011769791903630407, 0.00011769421312472318, 0.00011769052323097528, 0.00011768682237859834, 0.00011768310461453613, 0.00011767939149850581, 0.00011767565803839745, 0.00011767190659398107, 0.00011766816103111275, 0.00011766439421243704], 'val_acc': [0.0, 0.0, 0.0, 0.0, 0.0, 0.0, 0.0, 0.0, 0.0, 0.0, 0.0, 0.0, 0.0, 0.0, 0.0, 0.0, 0.0, 0.0, 0.0, 0.0, 0.0, 0.0, 0.0, 0.0, 0.0, 0.0, 0.0, 0.0, 0.0, 0.0, 0.0, 0.0, 0.0, 0.0, 0.0, 0.0, 0.0, 0.0, 0.0, 0.0, 0.0, 0.0, 0.0, 0.0, 0.0, 0.0, 0.0, 0.0, 0.0, 0.0], 'loss': [0.00011865835641025405, 0.00011865486816923265, 0.00011865136492599245, 0.00011864786869800781, 0.00011864435113985425, 0.00011864083656792435, 0.00011863733680861174, 0.00011863378016884873, 0.0001186302204717615, 0.0001186266807065321, 0.00011862314558653949, 0.0001186195856524504, 0.00011861600682931172, 0.00011861242589685635, 0.00011860885762030119, 0.00011860528050357604, 0.00011860166302543127, 0.00011859808721221643, 0.00011859447172488745, 0.00011859086673674158, 0.00011858723963632063, 0.00011858361253589969, 0.00011857996187749218, 0.00011857627590580506, 0.00011857258341656634, 0.0001185688896001171, 0.00011856516961866067, 0.00011856145314483202, 0.00011855772057857594, 0.0001185539487648091, 0.00011855019659849781, 0.00011854645410186311, 0.00011854269996843626, 0.00011853893618903302, 0.00011853519120387861, 0.00011853142514925735, 0.00011852763406723792, 0.00011852383819778058, 0.00011852005228240206, 0.00011851629129962098, 0.00011851250573974527, 0.00011850869934740461, 0.00011850488947113636, 0.00011850108108797993, 0.00011849726495486214, 0.00011849341270265834, 0.00011848957007273073, 0.00011848569698806197, 0.0001184818137360127, 0.00011847794299766251], 'acc': [0.0, 0.0, 0.0, 0.0, 0.0, 0.0, 0.0, 0.0, 0.0, 0.0, 0.0, 0.0, 0.0, 0.0, 0.0, 0.0, 0.0, 0.0, 0.0, 0.0, 0.0, 0.0, 0.0, 0.0, 0.0, 0.0, 0.0, 0.0, 0.0, 0.0, 0.0, 0.0, 0.0, 0.0, 0.0, 0.0, 0.0, 0.0, 0.0, 0.0, 0.0, 0.0, 0.0, 0.0, 0.0, 0.0, 0.0, 0.0, 0.0, 0.0]}
[2017-12-14 01:08:19,725 AE_BIGRAMA_1L_MINIDS_UNDER_F0_5.py:129]: evaluating model ... 
[2017-12-14 01:08:26,673 AE_BIGRAMA_1L_MINIDS_UNDER_F0_5.py:133]: evaluated! 
[2017-12-14 01:08:26,674 AE_BIGRAMA_1L_MINIDS_UNDER_F0_5.py:135]: generating reports ... 
[2017-12-14 01:08:29,997 AE_BIGRAMA_1L_MINIDS_UNDER_F0_5.py:138]: done!
[2017-12-14 01:08:29,998 AE_BIGRAMA_1L_MINIDS_UNDER_F0_5.py:154]: >> experiment AE_BIGRAMA_1L_MINIDS_UNDER_F0_5 finished!
