[2017-12-13 22:14:58,965 AE_BIGRAMA_1L_MINIDS_OVER_F2_0.py:145]: >> Initializing execution of experiment AE_BIGRAMA_1L_MINIDS_OVER_F2_0
[2017-12-13 22:14:58,965 AE_BIGRAMA_1L_MINIDS_OVER_F2_0.py:146]: >> Printing header log
[2017-12-13 22:14:58,966 AE_BIGRAMA_1L_MINIDS_OVER_F2_0.py:35]: 
	=======================================
	network_name = AE_BIGRAMA_1L_MINIDS_OVER_F2_0
	layers = 9216,18432
	using GLOBAL obj = 
		{'numpy_seed': 666, 'log_format': '[%(asctime)s %(filename)s:%(lineno)s]: %(message)s', 'log_dir': '/home/dhiegorp/deepnn/logs/1layer/bigram/', 'reports_dir': '/home/dhiegorp/deepnn/reports/1layer/bigram/', 'fullds_reports_dir': '/home/dhiegorp/deepnn/reports/1layer/bigram/fullds/', 'tensorflow_dir': '/home/dhiegorp/deepnn/tensorflow/1layer/bigram/', 'checkpoints_dir': '/home/dhiegorp/deepnn/checkpoints/1layer/bigram/', 'executed_path': '/home/dhiegorp/deepnn/executed/1layer/bigram/', 'data_dir': '/home/dhiegorp/malware_dataset/', 'fullds_data_dir': '/home/dhiegorp/malware_dataset/', 'data_target_list': [1, 2, 3, 4, 5, 6, 7, 8, 9], 'epochs': 50, 'batch': 32, 'store_history': True, 'shuffle_batches': True, 'autoencoder_configs': {'hidden_layer_activation': 'relu', 'output_layer_activation': 'relu', 'loss_function': 'mse', 'optimizer': <keras.optimizers.SGD object at 0x7fa77e9adeb8>, 'discard_decoder_function': True}, 'mlp_configs': {'activation': 'sigmoid', 'loss_function': 'categorical_crossentropy', 'optimizer': <keras.optimizers.SGD object at 0x7fa77e990400>, 'use_last_dim_as_classifier': False, 'classifier_dim': 9}}
	=======================================
	
[2017-12-13 22:14:58,966 AE_BIGRAMA_1L_MINIDS_OVER_F2_0.py:148]: >> Loading dataset... 
[2017-12-13 22:15:21,679 AE_BIGRAMA_1L_MINIDS_OVER_F2_0.py:52]: 
	=======================================
	loading malware dataset on = /home/dhiegorp/malware_dataset/	
	trainx shape = (1228, 9216)
	trainy shape = (1228, 9)
	valx shape = (407, 9216)
	valy shape = (407, 9)
	=======================================
	
[2017-12-13 22:15:21,679 AE_BIGRAMA_1L_MINIDS_OVER_F2_0.py:150]: >> Executing autoencoder part ... 
[2017-12-13 22:15:21,679 AE_BIGRAMA_1L_MINIDS_OVER_F2_0.py:57]: =======================================
[2017-12-13 22:15:21,679 AE_BIGRAMA_1L_MINIDS_OVER_F2_0.py:62]: setting configurations for autoencoder: 
	 {'hidden_layer_activation': 'relu', 'output_layer_activation': 'relu', 'loss_function': 'mse', 'optimizer': <keras.optimizers.SGD object at 0x7fa77e9adeb8>, 'discard_decoder_function': True}
[2017-12-13 22:15:21,729 AE_BIGRAMA_1L_MINIDS_OVER_F2_0.py:73]: training and evaluate autoencoder
[2017-12-14 02:58:16,578 AE_BIGRAMA_1L_MINIDS_OVER_F2_0.py:85]: trained and evaluated!
[2017-12-14 02:58:16,580 AE_BIGRAMA_1L_MINIDS_OVER_F2_0.py:88]: Training history: 
{'val_loss': [0.0001175835217469079, 0.00011758029461836589, 0.00011757706201944789, 0.00011757382532668641, 0.00011757059590988254, 0.00011756735178027004, 0.00011756410698920686, 0.00011756085851547223, 0.00011755762425398898, 0.00011755440095113475, 0.00011755115304946561, 0.00011754791977121987, 0.00011754467324608324, 0.00011754144921027014, 0.00011753820563484606, 0.00011753493958797549, 0.00011753170132203399, 0.00011752845987397834, 0.00011752521000583416, 0.0001175219568661906, 0.00011751870070532633, 0.00011751542312776125, 0.00011751217767524737, 0.00011750893533333944, 0.00011750567843951628, 0.00011750243282610898, 0.00011749916694013182, 0.00011749591462283237, 0.00011749264301620058, 0.00011748937312576517, 0.00011748611394368015, 0.00011748284764653095, 0.00011747956958628564, 0.0001174763065606358, 0.00011747304378526459, 0.00011746979245120266, 0.00011746652427696364, 0.00011746326010718287, 0.00011746000305246631, 0.00011745672130954957, 0.00011745346123361227, 0.00011745019052083276, 0.00011744691932537303, 0.00011744365867737026, 0.00011744039491876154, 0.00011743710100157667, 0.00011743384133681143, 0.0001174305774173093, 0.00011742731178161077, 0.00011742404475150268], 'val_acc': [0.0, 0.0, 0.0, 0.0, 0.0, 0.0, 0.0, 0.0, 0.0, 0.0, 0.0, 0.0, 0.0, 0.0, 0.0, 0.0, 0.0, 0.0, 0.0, 0.0, 0.0, 0.0, 0.0, 0.0, 0.0, 0.0, 0.0, 0.0, 0.0, 0.0, 0.0, 0.0, 0.0, 0.0, 0.0, 0.0, 0.0, 0.0, 0.0, 0.0, 0.0, 0.0, 0.0, 0.0, 0.0, 0.0, 0.0, 0.0, 0.0, 0.0], 'loss': [0.00011833369675875832, 0.00011833035067146256, 0.00011832700408646285, 0.00011832365013070478, 0.00011832029034470053, 0.00011831694086827792, 0.00011831357911515811, 0.00011831020442173583, 0.00011830683572446102, 0.00011830347593845679, 0.00011830012762334337, 0.00011829675745665693, 0.00011829339677004556, 0.00011829003274170772, 0.00011828667880964985, 0.00011828330885626509, 0.00011827991475238911, 0.0001182765508662524, 0.00011827317998856034, 0.00011826981171788891, 0.00011826642989071013, 0.00011826305154745894, 0.00011825965403075594, 0.00011825628815380347, 0.00011825292417286601, 0.0001182495393357634, 0.00011824616021040602, 0.00011824277181827526, 0.00011823937951561355, 0.00011823597740107413, 0.00011823257125750281, 0.00011822917942884484, 0.00011822578511166717, 0.0001182223794420996, 0.00011821898330000748, 0.000118215589764936, 0.00011821220563883902, 0.00011820880738743019, 0.00011820540949152418, 0.00011820202299540844, 0.00011819861611713131, 0.00011819522981061706, 0.00011819183345522325, 0.00011818843316559828, 0.00011818504344625702, 0.00011818165287370899, 0.00011817823642055604, 0.00011817485193895625, 0.00011817146437633206, 0.00011816807809351801], 'acc': [0.0, 0.0, 0.0, 0.0, 0.0, 0.0, 0.0, 0.0, 0.0, 0.0, 0.0, 0.0, 0.0, 0.0, 0.0, 0.0, 0.0, 0.0, 0.0, 0.0, 0.0, 0.0, 0.0, 0.0, 0.0, 0.0, 0.0, 0.0, 0.0, 0.0, 0.0, 0.0, 0.0, 0.0, 0.0, 0.0, 0.0, 0.0, 0.0, 0.0, 0.0, 0.0, 0.0, 0.0, 0.0, 0.0, 0.0, 0.0, 0.0, 0.0]}
[2017-12-14 02:58:16,580 AE_BIGRAMA_1L_MINIDS_OVER_F2_0.py:92]: done!
[2017-12-14 02:58:16,581 AE_BIGRAMA_1L_MINIDS_OVER_F2_0.py:152]: >> Executing classifier part ... 
[2017-12-14 02:58:16,581 AE_BIGRAMA_1L_MINIDS_OVER_F2_0.py:97]: =======================================
[2017-12-14 02:58:16,581 AE_BIGRAMA_1L_MINIDS_OVER_F2_0.py:101]: setting configurations for classifier: 
	 {'activation': 'sigmoid', 'loss_function': 'categorical_crossentropy', 'optimizer': <keras.optimizers.SGD object at 0x7fa77e990400>, 'use_last_dim_as_classifier': False, 'classifier_dim': 9}
[2017-12-14 02:58:16,924 AE_BIGRAMA_1L_MINIDS_OVER_F2_0.py:110]: training ... 
[2017-12-14 03:55:03,835 AE_BIGRAMA_1L_MINIDS_OVER_F2_0.py:122]: trained!
[2017-12-14 03:55:03,835 AE_BIGRAMA_1L_MINIDS_OVER_F2_0.py:125]: Training history: 
{'val_loss': [0.0001175835217469079, 0.00011758029461836589, 0.00011757706201944789, 0.00011757382532668641, 0.00011757059590988254, 0.00011756735178027004, 0.00011756410698920686, 0.00011756085851547223, 0.00011755762425398898, 0.00011755440095113475, 0.00011755115304946561, 0.00011754791977121987, 0.00011754467324608324, 0.00011754144921027014, 0.00011753820563484606, 0.00011753493958797549, 0.00011753170132203399, 0.00011752845987397834, 0.00011752521000583416, 0.0001175219568661906, 0.00011751870070532633, 0.00011751542312776125, 0.00011751217767524737, 0.00011750893533333944, 0.00011750567843951628, 0.00011750243282610898, 0.00011749916694013182, 0.00011749591462283237, 0.00011749264301620058, 0.00011748937312576517, 0.00011748611394368015, 0.00011748284764653095, 0.00011747956958628564, 0.0001174763065606358, 0.00011747304378526459, 0.00011746979245120266, 0.00011746652427696364, 0.00011746326010718287, 0.00011746000305246631, 0.00011745672130954957, 0.00011745346123361227, 0.00011745019052083276, 0.00011744691932537303, 0.00011744365867737026, 0.00011744039491876154, 0.00011743710100157667, 0.00011743384133681143, 0.0001174305774173093, 0.00011742731178161077, 0.00011742404475150268], 'val_acc': [0.0, 0.0, 0.0, 0.0, 0.0, 0.0, 0.0, 0.0, 0.0, 0.0, 0.0, 0.0, 0.0, 0.0, 0.0, 0.0, 0.0, 0.0, 0.0, 0.0, 0.0, 0.0, 0.0, 0.0, 0.0, 0.0, 0.0, 0.0, 0.0, 0.0, 0.0, 0.0, 0.0, 0.0, 0.0, 0.0, 0.0, 0.0, 0.0, 0.0, 0.0, 0.0, 0.0, 0.0, 0.0, 0.0, 0.0, 0.0, 0.0, 0.0], 'loss': [0.00011833369675875832, 0.00011833035067146256, 0.00011832700408646285, 0.00011832365013070478, 0.00011832029034470053, 0.00011831694086827792, 0.00011831357911515811, 0.00011831020442173583, 0.00011830683572446102, 0.00011830347593845679, 0.00011830012762334337, 0.00011829675745665693, 0.00011829339677004556, 0.00011829003274170772, 0.00011828667880964985, 0.00011828330885626509, 0.00011827991475238911, 0.0001182765508662524, 0.00011827317998856034, 0.00011826981171788891, 0.00011826642989071013, 0.00011826305154745894, 0.00011825965403075594, 0.00011825628815380347, 0.00011825292417286601, 0.0001182495393357634, 0.00011824616021040602, 0.00011824277181827526, 0.00011823937951561355, 0.00011823597740107413, 0.00011823257125750281, 0.00011822917942884484, 0.00011822578511166717, 0.0001182223794420996, 0.00011821898330000748, 0.000118215589764936, 0.00011821220563883902, 0.00011820880738743019, 0.00011820540949152418, 0.00011820202299540844, 0.00011819861611713131, 0.00011819522981061706, 0.00011819183345522325, 0.00011818843316559828, 0.00011818504344625702, 0.00011818165287370899, 0.00011817823642055604, 0.00011817485193895625, 0.00011817146437633206, 0.00011816807809351801], 'acc': [0.0, 0.0, 0.0, 0.0, 0.0, 0.0, 0.0, 0.0, 0.0, 0.0, 0.0, 0.0, 0.0, 0.0, 0.0, 0.0, 0.0, 0.0, 0.0, 0.0, 0.0, 0.0, 0.0, 0.0, 0.0, 0.0, 0.0, 0.0, 0.0, 0.0, 0.0, 0.0, 0.0, 0.0, 0.0, 0.0, 0.0, 0.0, 0.0, 0.0, 0.0, 0.0, 0.0, 0.0, 0.0, 0.0, 0.0, 0.0, 0.0, 0.0]}
[2017-12-14 03:55:03,835 AE_BIGRAMA_1L_MINIDS_OVER_F2_0.py:129]: evaluating model ... 
[2017-12-14 03:55:05,092 AE_BIGRAMA_1L_MINIDS_OVER_F2_0.py:133]: evaluated! 
[2017-12-14 03:55:05,092 AE_BIGRAMA_1L_MINIDS_OVER_F2_0.py:135]: generating reports ... 
[2017-12-14 03:55:05,512 AE_BIGRAMA_1L_MINIDS_OVER_F2_0.py:138]: done!
[2017-12-14 03:55:05,513 AE_BIGRAMA_1L_MINIDS_OVER_F2_0.py:154]: >> experiment AE_BIGRAMA_1L_MINIDS_OVER_F2_0 finished!
