[2017-10-20 01:32:08,747 AE_UNIGRAMA_5L_OVER_05.py:148]: >> Initializing execution of experiment AE_UNIGRAMA_5L_OVER_05
[2017-10-20 01:32:08,747 AE_UNIGRAMA_5L_OVER_05.py:149]: >> Printing header log
[2017-10-20 01:32:08,747 AE_UNIGRAMA_5L_OVER_05.py:38]: 
	=======================================
	network_name = AE_UNIGRAMA_5L_OVER_05
	layers = 96,172,156,139,123,107,9
	using GLOBAL obj = 
		{'numpy_seed': 666, 'log_format': '[%(asctime)s %(filename)s:%(lineno)s]: %(message)s', 'log_dir': '/home/dhiegorp/deepnn/logs/5layers/unigram/', 'reports_dir': '/home/dhiegorp/deepnn/reports/5layers/unigram/', 'fullds_reports_dir': '/home/dhiegorp/deepnn/reports/5layers/unigram/fullds/', 'tensorflow_dir': '/home/dhiegorp/deepnn/tensorflow/5layers/unigram/', 'checkpoints_dir': '/home/dhiegorp/deepnn/checkpoints/5layers/unigram/', 'executed_path': '/home/dhiegorp/deepnn/executed/5layers/unigram/', 'data_dir': '/home/dhiegorp/malware_deepnn/', 'fullds_data_dir': '/home/dhiegorp/malware_deepnn/', 'data_target_list': [1, 2, 3, 4, 5, 6, 7, 8, 9], 'epochs': 200, 'batch': 32, 'store_history': True, 'shuffle_batches': True, 'autoencoder_configs': {'hidden_layer_activation': 'relu', 'output_layer_activation': 'relu', 'loss_function': 'mse', 'optimizer': <keras.optimizers.SGD object at 0x7f982735d748>, 'discard_decoder_function': True}, 'mlp_configs': {'activation': 'sigmoid', 'loss_function': 'categorical_crossentropy', 'optimizer': <keras.optimizers.SGD object at 0x7f982735d828>, 'use_last_dim_as_classifier': False, 'classifier_dim': 9}}
	=======================================
	
[2017-10-20 01:32:08,747 AE_UNIGRAMA_5L_OVER_05.py:151]: >> Loading dataset... 
[2017-10-20 01:32:09,271 AE_UNIGRAMA_5L_OVER_05.py:55]: 
	=======================================
	loading malware dataset on = /home/dhiegorp/malware_deepnn/	
	trainx shape = (1627, 96)
	trainy shape = (1627, 9)
	valx shape = (1076, 96)
	valy shape = (1076, 9)
	=======================================
	
[2017-10-20 01:32:09,271 AE_UNIGRAMA_5L_OVER_05.py:153]: >> Executing autoencoder part ... 
[2017-10-20 01:32:09,271 AE_UNIGRAMA_5L_OVER_05.py:60]: =======================================
[2017-10-20 01:32:09,271 AE_UNIGRAMA_5L_OVER_05.py:65]: setting configurations for autoencoder: 
	 {'hidden_layer_activation': 'relu', 'output_layer_activation': 'relu', 'loss_function': 'mse', 'optimizer': <keras.optimizers.SGD object at 0x7f982735d748>, 'discard_decoder_function': True}
[2017-10-20 01:32:09,389 AE_UNIGRAMA_5L_OVER_05.py:76]: training and evaluate autoencoder
[2017-10-20 01:43:26,244 AE_UNIGRAMA_5L_OVER_05.py:148]: >> Initializing execution of experiment AE_UNIGRAMA_5L_OVER_05
[2017-10-20 01:43:26,245 AE_UNIGRAMA_5L_OVER_05.py:149]: >> Printing header log
[2017-10-20 01:43:26,245 AE_UNIGRAMA_5L_OVER_05.py:38]: 
	=======================================
	network_name = AE_UNIGRAMA_5L_OVER_05
	layers = 96,172,156,139,123,107,9
	using GLOBAL obj = 
		{'numpy_seed': 666, 'log_format': '[%(asctime)s %(filename)s:%(lineno)s]: %(message)s', 'log_dir': '/home/dhiegorp/deepnn/logs/5layers/unigram/', 'reports_dir': '/home/dhiegorp/deepnn/reports/5layers/unigram/', 'fullds_reports_dir': '/home/dhiegorp/deepnn/reports/5layers/unigram/fullds/', 'tensorflow_dir': '/home/dhiegorp/deepnn/tensorflow/5layers/unigram/', 'checkpoints_dir': '/home/dhiegorp/deepnn/checkpoints/5layers/unigram/', 'executed_path': '/home/dhiegorp/deepnn/executed/5layers/unigram/', 'data_dir': '/home/dhiegorp/malware_deepnn/', 'fullds_data_dir': '/home/dhiegorp/malware_deepnn/', 'data_target_list': [1, 2, 3, 4, 5, 6, 7, 8, 9], 'epochs': 200, 'batch': 32, 'store_history': True, 'shuffle_batches': True, 'autoencoder_configs': {'hidden_layer_activation': 'relu', 'output_layer_activation': 'relu', 'loss_function': 'mse', 'optimizer': <keras.optimizers.SGD object at 0x7fe1c61f17b8>, 'discard_decoder_function': True}, 'mlp_configs': {'activation': 'sigmoid', 'loss_function': 'categorical_crossentropy', 'optimizer': <keras.optimizers.SGD object at 0x7fe1c61f1898>, 'use_last_dim_as_classifier': False, 'classifier_dim': 9}}
	=======================================
	
[2017-10-20 01:43:26,245 AE_UNIGRAMA_5L_OVER_05.py:151]: >> Loading dataset... 
[2017-10-20 01:43:26,888 AE_UNIGRAMA_5L_OVER_05.py:55]: 
	=======================================
	loading malware dataset on = /home/dhiegorp/malware_deepnn/	
	trainx shape = (1627, 96)
	trainy shape = (1627, 9)
	valx shape = (1076, 96)
	valy shape = (1076, 9)
	=======================================
	
[2017-10-20 01:43:26,889 AE_UNIGRAMA_5L_OVER_05.py:153]: >> Executing autoencoder part ... 
[2017-10-20 01:43:26,889 AE_UNIGRAMA_5L_OVER_05.py:60]: =======================================
[2017-10-20 01:43:26,889 AE_UNIGRAMA_5L_OVER_05.py:65]: setting configurations for autoencoder: 
	 {'hidden_layer_activation': 'relu', 'output_layer_activation': 'relu', 'loss_function': 'mse', 'optimizer': <keras.optimizers.SGD object at 0x7fe1c61f17b8>, 'discard_decoder_function': True}
[2017-10-20 01:43:27,046 AE_UNIGRAMA_5L_OVER_05.py:76]: training and evaluate autoencoder
[2017-10-20 01:44:24,711 AE_UNIGRAMA_5L_OVER_05.py:88]: trained and evaluated!
[2017-10-20 01:44:24,719 AE_UNIGRAMA_5L_OVER_05.py:91]: Training history: 
{'val_loss': [0.010331266753541714, 0.010257196470707322, 0.010183147005875314, 0.010111714491696828, 0.01004382937828072, 0.0099778732035627603, 0.0099146438513269663, 0.0098546781580632053, 0.0097978336452662282, 0.0097441777074536422, 0.0096934210876051374, 0.0096451834287342077, 0.0095976532980467308, 0.0095528167807479771, 0.009510506619612745, 0.0094704880901927396, 0.009432687877666995, 0.0093969507800712899, 0.0093631403673038599, 0.009331160321914795, 0.0093008592607086472, 0.0092722052798284472, 0.0092450181943222499, 0.0092192581373519607, 0.0091948296258496081, 0.0091716503849093804, 0.00914968566131193, 0.0091288132752295314, 0.0091089959945321961, 0.009090143813298094, 0.0090722382851083482, 0.0090551955563095872, 0.009038613208995433, 0.0090225346656481568, 0.0090072188270191728, 0.008992609903770309, 0.0089787416762523494, 0.0089655360587799857, 0.0089529370196634508, 0.0089409327044473706, 0.0089294973650053972, 0.0089185879146853348, 0.0089081697387544644, 0.0088981043263494305, 0.0088878762475509184, 0.0088780791876096714, 0.0088687449569041839, 0.0088598387814421194, 0.0088513411346088991, 0.008843232268211345, 0.0088355035476081877, 0.0088281033484466018, 0.0088210352194464346, 0.0088142856962452592, 0.0088078121284237577, 0.0088016431861761332, 0.0087957575390994764, 0.0087901045080122, 0.0087846748350832102, 0.0087794771168699503, 0.0087745014411920071, 0.0087697258890783031, 0.0087651330146758522, 0.0087607374767942493, 0.0087565193541320283, 0.0087525017427966048, 0.0087486354938836348, 0.0087449303568517406, 0.0087413639072536544, 0.0087379374641745056, 0.0087346487287362704, 0.0087314891701626516, 0.0087284479899588131, 0.0087255265626045402, 0.0087227115137537177, 0.0087200039755345269, 0.0087173929209492015, 0.0087148863822221756, 0.008712473200793382, 0.0087101271230602788, 0.0087078495373513181, 0.0087055808874920391, 0.0087026446870767053, 0.0086997499010875324, 0.0086969716931419739, 0.0086943005665195035, 0.0086917485937919314, 0.0086892913632288741, 0.0086869300311936768, 0.0086846668654048751, 0.0086824938890326872, 0.0086804044062486364, 0.0086783963189803089, 0.008676472954368946, 0.0086746154263006268, 0.0086728291980728341, 0.0086711080100899743, 0.008669454980032262, 0.0086678562367328033, 0.0086663192411586924, 0.0086648400360545257, 0.0086634079492945212], 'loss': [0.010361029591912789, 0.010289259934391467, 0.010214979156448787, 0.010142254861805545, 0.010072727509062754, 0.010006352844084233, 0.0099418865706824271, 0.0098806599185978922, 0.0098226338999314981, 0.009767714653738855, 0.0097158571193481265, 0.0096667995395913909, 0.0096192379592566976, 0.0095734141942184613, 0.0095302007723766825, 0.0094894211969413344, 0.0094508530495352877, 0.0094144090010653478, 0.0093799617929131111, 0.0093473719207417694, 0.0093165401405967962, 0.0092873369574262895, 0.0092597072566249806, 0.0092334974970446453, 0.0092086611406049929, 0.0091851149990779171, 0.0091627715292862382, 0.0091416043931756858, 0.0091214754224308962, 0.0091023735842852404, 0.009084209550192698, 0.009066946838296076, 0.0090503963792368022, 0.0090341774538415815, 0.0090186564920363647, 0.0090038784428716594, 0.0089897930177905185, 0.0089764103697545332, 0.0089636651647964655, 0.0089515177023579313, 0.0089399375029471512, 0.0089288999881199267, 0.0089183686611362233, 0.0089082931527282895, 0.0088982394963420461, 0.0088883123641631031, 0.0088788469390143412, 0.0088698141581362282, 0.0088611930235533466, 0.008852981046968687, 0.0088451344779730944, 0.0088376615954346652, 0.0088305077850406501, 0.0088236703175064539, 0.0088171464709889038, 0.0088108861423941871, 0.0088049287140167919, 0.0087992301984668956, 0.0087937635020996861, 0.0087885034574538053, 0.0087834818800424756, 0.0087786612462094384, 0.008774043455234538, 0.0087695979543566047, 0.0087653509940500991, 0.0087612816799470961, 0.0087573952370706195, 0.0087536597016514197, 0.0087500746294938495, 0.0087466349993553637, 0.0087433208602113663, 0.0087401482826711292, 0.0087370996563234573, 0.0087341603530501025, 0.0087313297758200605, 0.0087286161514114734, 0.0087259928526994494, 0.0087234750830813938, 0.0087210542099354603, 0.0087187139674581547, 0.008716442212966153, 0.0087142317683493783, 0.0087117104279936346, 0.0087088396012572396, 0.0087060732406363146, 0.0087034164664015565, 0.0087008704085042663, 0.0086984299203425597, 0.0086960893384219317, 0.0086938288239115352, 0.0086916687983627991, 0.0086895959582305709, 0.0086875965517671395, 0.0086856818481473811, 0.0086838428300851749, 0.0086820696296826348, 0.0086803593327644483, 0.0086787282205893716, 0.0086771400036323495, 0.0086756107370473887, 0.0086741431856089454, 0.0086727353298295916]}
[2017-10-20 01:44:24,719 AE_UNIGRAMA_5L_OVER_05.py:95]: done!
[2017-10-20 01:44:24,719 AE_UNIGRAMA_5L_OVER_05.py:155]: >> Executing classifier part ... 
[2017-10-20 01:44:24,719 AE_UNIGRAMA_5L_OVER_05.py:100]: =======================================
[2017-10-20 01:44:24,719 AE_UNIGRAMA_5L_OVER_05.py:104]: setting configurations for classifier: 
	 {'activation': 'sigmoid', 'loss_function': 'categorical_crossentropy', 'optimizer': <keras.optimizers.SGD object at 0x7fe1c61f1898>, 'use_last_dim_as_classifier': False, 'classifier_dim': 9}
[2017-10-20 01:44:24,752 AE_UNIGRAMA_5L_OVER_05.py:113]: training ... 
[2017-10-20 01:45:50,593 AE_UNIGRAMA_5L_OVER_05.py:125]: trained!
[2017-10-20 01:45:50,593 AE_UNIGRAMA_5L_OVER_05.py:128]: Training history: 
{'val_loss': [0.010331266753541714, 0.010257196470707322, 0.010183147005875314, 0.010111714491696828, 0.01004382937828072, 0.0099778732035627603, 0.0099146438513269663, 0.0098546781580632053, 0.0097978336452662282, 0.0097441777074536422, 0.0096934210876051374, 0.0096451834287342077, 0.0095976532980467308, 0.0095528167807479771, 0.009510506619612745, 0.0094704880901927396, 0.009432687877666995, 0.0093969507800712899, 0.0093631403673038599, 0.009331160321914795, 0.0093008592607086472, 0.0092722052798284472, 0.0092450181943222499, 0.0092192581373519607, 0.0091948296258496081, 0.0091716503849093804, 0.00914968566131193, 0.0091288132752295314, 0.0091089959945321961, 0.009090143813298094, 0.0090722382851083482, 0.0090551955563095872, 0.009038613208995433, 0.0090225346656481568, 0.0090072188270191728, 0.008992609903770309, 0.0089787416762523494, 0.0089655360587799857, 0.0089529370196634508, 0.0089409327044473706, 0.0089294973650053972, 0.0089185879146853348, 0.0089081697387544644, 0.0088981043263494305, 0.0088878762475509184, 0.0088780791876096714, 0.0088687449569041839, 0.0088598387814421194, 0.0088513411346088991, 0.008843232268211345, 0.0088355035476081877, 0.0088281033484466018, 0.0088210352194464346, 0.0088142856962452592, 0.0088078121284237577, 0.0088016431861761332, 0.0087957575390994764, 0.0087901045080122, 0.0087846748350832102, 0.0087794771168699503, 0.0087745014411920071, 0.0087697258890783031, 0.0087651330146758522, 0.0087607374767942493, 0.0087565193541320283, 0.0087525017427966048, 0.0087486354938836348, 0.0087449303568517406, 0.0087413639072536544, 0.0087379374641745056, 0.0087346487287362704, 0.0087314891701626516, 0.0087284479899588131, 0.0087255265626045402, 0.0087227115137537177, 0.0087200039755345269, 0.0087173929209492015, 0.0087148863822221756, 0.008712473200793382, 0.0087101271230602788, 0.0087078495373513181, 0.0087055808874920391, 0.0087026446870767053, 0.0086997499010875324, 0.0086969716931419739, 0.0086943005665195035, 0.0086917485937919314, 0.0086892913632288741, 0.0086869300311936768, 0.0086846668654048751, 0.0086824938890326872, 0.0086804044062486364, 0.0086783963189803089, 0.008676472954368946, 0.0086746154263006268, 0.0086728291980728341, 0.0086711080100899743, 0.008669454980032262, 0.0086678562367328033, 0.0086663192411586924, 0.0086648400360545257, 0.0086634079492945212], 'loss': [0.010361029591912789, 0.010289259934391467, 0.010214979156448787, 0.010142254861805545, 0.010072727509062754, 0.010006352844084233, 0.0099418865706824271, 0.0098806599185978922, 0.0098226338999314981, 0.009767714653738855, 0.0097158571193481265, 0.0096667995395913909, 0.0096192379592566976, 0.0095734141942184613, 0.0095302007723766825, 0.0094894211969413344, 0.0094508530495352877, 0.0094144090010653478, 0.0093799617929131111, 0.0093473719207417694, 0.0093165401405967962, 0.0092873369574262895, 0.0092597072566249806, 0.0092334974970446453, 0.0092086611406049929, 0.0091851149990779171, 0.0091627715292862382, 0.0091416043931756858, 0.0091214754224308962, 0.0091023735842852404, 0.009084209550192698, 0.009066946838296076, 0.0090503963792368022, 0.0090341774538415815, 0.0090186564920363647, 0.0090038784428716594, 0.0089897930177905185, 0.0089764103697545332, 0.0089636651647964655, 0.0089515177023579313, 0.0089399375029471512, 0.0089288999881199267, 0.0089183686611362233, 0.0089082931527282895, 0.0088982394963420461, 0.0088883123641631031, 0.0088788469390143412, 0.0088698141581362282, 0.0088611930235533466, 0.008852981046968687, 0.0088451344779730944, 0.0088376615954346652, 0.0088305077850406501, 0.0088236703175064539, 0.0088171464709889038, 0.0088108861423941871, 0.0088049287140167919, 0.0087992301984668956, 0.0087937635020996861, 0.0087885034574538053, 0.0087834818800424756, 0.0087786612462094384, 0.008774043455234538, 0.0087695979543566047, 0.0087653509940500991, 0.0087612816799470961, 0.0087573952370706195, 0.0087536597016514197, 0.0087500746294938495, 0.0087466349993553637, 0.0087433208602113663, 0.0087401482826711292, 0.0087370996563234573, 0.0087341603530501025, 0.0087313297758200605, 0.0087286161514114734, 0.0087259928526994494, 0.0087234750830813938, 0.0087210542099354603, 0.0087187139674581547, 0.008716442212966153, 0.0087142317683493783, 0.0087117104279936346, 0.0087088396012572396, 0.0087060732406363146, 0.0087034164664015565, 0.0087008704085042663, 0.0086984299203425597, 0.0086960893384219317, 0.0086938288239115352, 0.0086916687983627991, 0.0086895959582305709, 0.0086875965517671395, 0.0086856818481473811, 0.0086838428300851749, 0.0086820696296826348, 0.0086803593327644483, 0.0086787282205893716, 0.0086771400036323495, 0.0086756107370473887, 0.0086741431856089454, 0.0086727353298295916]}
[2017-10-20 01:45:50,594 AE_UNIGRAMA_5L_OVER_05.py:132]: evaluating model ... 
[2017-10-20 01:45:50,669 AE_UNIGRAMA_5L_OVER_05.py:136]: evaluated! 
[2017-10-20 01:45:50,669 AE_UNIGRAMA_5L_OVER_05.py:138]: generating reports ... 
[2017-10-20 01:45:51,239 AE_UNIGRAMA_5L_OVER_05.py:141]: done!
[2017-10-20 01:45:51,239 AE_UNIGRAMA_5L_OVER_05.py:157]: >> experiment AE_UNIGRAMA_5L_OVER_05 finished!
